2025-04-14 11:12:02.934 +05:30  INF  User profile is available. Using 'C:\Users\muthu\AppData\Local\ASP.NET\DataProtection-Keys' as key repository and Windows DPAPI to encrypt keys at rest.
2025-04-14 11:12:03.331 +05:30  INF  Now listening on: https://localhost:7199
2025-04-14 11:12:03.332 +05:30  INF  Now listening on: http://localhost:5033
2025-04-14 11:12:03.398 +05:30  INF  Application started. Press Ctrl+C to shut down.
2025-04-14 11:12:03.398 +05:30  INF  Hosting environment: Development
2025-04-14 11:12:03.398 +05:30  INF  Content root path: C:\Users\muthu\source\repos\Buildflow.Api\Buildflow.Api
2025-04-14 11:12:05.509 +05:30  INF  Request starting HTTP/2 GET https://localhost:7199/_framework/aspnetcore-browser-refresh.js - null null
2025-04-14 11:12:05.560 +05:30  INF  Request finished HTTP/2 GET https://localhost:7199/_framework/aspnetcore-browser-refresh.js - 200 13762 application/javascript; charset=utf-8 56.7915ms
2025-04-14 11:12:05.650 +05:30  INF  Request starting HTTP/2 GET https://localhost:7199/_vs/browserLink - null null
2025-04-14 11:12:05.905 +05:30  INF  Request finished HTTP/2 GET https://localhost:7199/_vs/browserLink - 200 null text/javascript; charset=UTF-8 254.8903ms
2025-04-14 11:12:05.995 +05:30  INF  Request starting HTTP/2 GET https://localhost:7199/swagger/v1/swagger.json - null null
2025-04-14 11:12:06.216 +05:30  INF  Request finished HTTP/2 GET https://localhost:7199/swagger/v1/swagger.json - 200 null application/json;charset=utf-8 235.9391ms
2025-04-14 11:13:16.217 +05:30  INF  Request starting HTTP/2 POST https://localhost:7199/api/Login/login - application/json 55
2025-04-14 11:13:16.256 +05:30  INF  CORS policy execution failed.
2025-04-14 11:13:16.257 +05:30  INF  Request origin https://localhost:7199 does not have permission to access the resource.
2025-04-14 11:13:16.401 +05:30  INF  Executing endpoint 'Buildflow.Api.Controllers.Master.LoginController.Login (Buildflow.Api)'
2025-04-14 11:13:16.450 +05:30  INF  Route matched with {action = "Login", controller = "Login"}. Executing controller action with signature System.Threading.Tasks.Task`1[Microsoft.AspNetCore.Mvc.IActionResult] Login(Buildflow.Utility.DTO.LoginRequest) on controller Buildflow.Api.Controllers.Master.LoginController (Buildflow.Api).
2025-04-14 11:13:20.062 +05:30  INF  Executed DbCommand (157ms) [Parameters=[@__email_0='?', @__password_1='?'], CommandType='"Text"', CommandTimeout='30']
SELECT e.emp_id, e.address, e.alternative_phone, e.city, e.country, e.created_at, e.created_by, e.date_of_birth, e.email, e.employee_code, e.first_name, e.hire_date, e.image_url, e.is_active, e.last_name, e.middle_name, e.password, e.phone, e.postal_code, e.state, e.termination_date, e.updated_at, e.updated_by
FROM employee.employee_details AS e
WHERE e.email = @__email_0 AND e.password = @__password_1
LIMIT 1
2025-04-14 11:13:20.348 +05:30  INF  Executing OkObjectResult, writing value of type '<>f__AnonymousType0`1[[System.String, System.Private.CoreLib, Version=8.0.0.0, Culture=neutral, PublicKeyToken=7cec85d7bea7798e]]'.
2025-04-14 11:13:20.358 +05:30  INF  Executed action Buildflow.Api.Controllers.Master.LoginController.Login (Buildflow.Api) in 3902.1433ms
2025-04-14 11:13:20.359 +05:30  INF  Executed endpoint 'Buildflow.Api.Controllers.Master.LoginController.Login (Buildflow.Api)'
2025-04-14 11:13:20.370 +05:30  INF  Request finished HTTP/2 POST https://localhost:7199/api/Login/login - 200 null application/json; charset=utf-8 4155.3454ms
2025-04-14 11:14:23.454 +05:30  INF  Request starting HTTP/2 POST https://localhost:7199/api/Ticket/createTicket - application/json 134
2025-04-14 11:14:23.465 +05:30  INF  CORS policy execution failed.
2025-04-14 11:14:23.465 +05:30  INF  Request origin https://localhost:7199 does not have permission to access the resource.
2025-04-14 11:14:23.525 +05:30  INF  Executing endpoint 'Buildflow.Api.Controllers.Ticket.TicketController.CreateTicket (Buildflow.Api)'
2025-04-14 11:14:23.532 +05:30  INF  Route matched with {action = "CreateTicket", controller = "Ticket"}. Executing controller action with signature System.Threading.Tasks.Task`1[Microsoft.AspNetCore.Mvc.IActionResult] CreateTicket(Buildflow.Utility.DTO.CreateTicketDto) on controller Buildflow.Api.Controllers.Ticket.TicketController (Buildflow.Api).
2025-04-14 11:14:23.849 +05:30  ERR  Failed executing DbCommand (139ms) [Parameters=[p_name='?', p_description='?', p_assign_to='?' (DbType = Int32), p_created_by='?' (DbType = Int32)], CommandType='"Text"', CommandTimeout='30']
CALL ticket.create_ticket_sp(@p_name, @p_description, @p_assign_to, @p_created_by)
2025-04-14 11:14:24.259 +05:30  INF  Executed action Buildflow.Api.Controllers.Ticket.TicketController.CreateTicket (Buildflow.Api) in 725.977ms
2025-04-14 11:14:24.260 +05:30  INF  Executed endpoint 'Buildflow.Api.Controllers.Ticket.TicketController.CreateTicket (Buildflow.Api)'
2025-04-14 11:14:24.449 +05:30  ERR  An error occurred: 23503: insert or update on table "tickets" violates foreign key constraint "fk_ticket_assign_to"

DETAIL: Detail redacted as it may contain sensitive data. Specify 'Include Error Detail' in the connection string to include this information.
   at Npgsql.Internal.NpgsqlConnector.ReadMessageLong(Boolean async, DataRowLoadingMode dataRowLoadingMode, Boolean readingNotifications, Boolean isReadingPrependedMessage)
   at System.Runtime.CompilerServices.PoolingAsyncValueTaskMethodBuilder`1.StateMachineBox`1.System.Threading.Tasks.Sources.IValueTaskSource<TResult>.GetResult(Int16 token)
   at Npgsql.NpgsqlDataReader.NextResult(Boolean async, Boolean isConsuming, CancellationToken cancellationToken)
   at Npgsql.NpgsqlDataReader.NextResult(Boolean async, Boolean isConsuming, CancellationToken cancellationToken)
   at Npgsql.NpgsqlCommand.ExecuteReader(Boolean async, CommandBehavior behavior, CancellationToken cancellationToken)
   at Npgsql.NpgsqlCommand.ExecuteReader(Boolean async, CommandBehavior behavior, CancellationToken cancellationToken)
   at Npgsql.NpgsqlCommand.ExecuteNonQuery(Boolean async, CancellationToken cancellationToken)
   at Microsoft.EntityFrameworkCore.Storage.RelationalCommand.ExecuteNonQueryAsync(RelationalCommandParameterObject parameterObject, CancellationToken cancellationToken)
   at Microsoft.EntityFrameworkCore.Storage.RelationalCommand.ExecuteNonQueryAsync(RelationalCommandParameterObject parameterObject, CancellationToken cancellationToken)
   at Microsoft.EntityFrameworkCore.Storage.RelationalCommand.ExecuteNonQueryAsync(RelationalCommandParameterObject parameterObject, CancellationToken cancellationToken)
   at Microsoft.EntityFrameworkCore.RelationalDatabaseFacadeExtensions.ExecuteSqlRawAsync(DatabaseFacade databaseFacade, String sql, IEnumerable`1 parameters, CancellationToken cancellationToken)
   at Buildflow.Library.Repository.TicketRepository.ExecuteCreateTicketSp(CreateTicketDto dto) in C:\Users\muthu\source\repos\Buildflow.Api\Buildflow.Library\Repository\TicketRepository.cs:line 34
   at Buildflow.Service.Service.Ticket.TicketService.CreateTicketAsync(CreateTicketDto dto) in C:\Users\muthu\source\repos\Buildflow.Api\Buildflow.Service\Service\Ticket\TicketService.cs:line 22
   at Buildflow.Api.Controllers.Ticket.TicketController.CreateTicket(CreateTicketDto dto) in C:\Users\muthu\source\repos\Buildflow.Api\Buildflow.Api\Controllers\Ticket\TicketController.cs:line 30
   at Microsoft.AspNetCore.Mvc.Infrastructure.ActionMethodExecutor.TaskOfIActionResultExecutor.Execute(ActionContext actionContext, IActionResultTypeMapper mapper, ObjectMethodExecutor executor, Object controller, Object[] arguments)
   at Microsoft.AspNetCore.Mvc.Infrastructure.ControllerActionInvoker.<InvokeActionMethodAsync>g__Awaited|12_0(ControllerActionInvoker invoker, ValueTask`1 actionResultValueTask)
   at Microsoft.AspNetCore.Mvc.Infrastructure.ControllerActionInvoker.<InvokeNextActionFilterAsync>g__Awaited|10_0(ControllerActionInvoker invoker, Task lastTask, State next, Scope scope, Object state, Boolean isCompleted)
   at Microsoft.AspNetCore.Mvc.Infrastructure.ControllerActionInvoker.Rethrow(ActionExecutedContextSealed context)
   at Microsoft.AspNetCore.Mvc.Infrastructure.ControllerActionInvoker.Next(State& next, Scope& scope, Object& state, Boolean& isCompleted)
   at Microsoft.AspNetCore.Mvc.Infrastructure.ControllerActionInvoker.<InvokeInnerFilterAsync>g__Awaited|13_0(ControllerActionInvoker invoker, Task lastTask, State next, Scope scope, Object state, Boolean isCompleted)
   at Microsoft.AspNetCore.Mvc.Infrastructure.ResourceInvoker.<InvokeFilterPipelineAsync>g__Awaited|20_0(ResourceInvoker invoker, Task lastTask, State next, Scope scope, Object state, Boolean isCompleted)
   at Microsoft.AspNetCore.Mvc.Infrastructure.ResourceInvoker.<InvokeAsync>g__Logged|17_1(ResourceInvoker invoker)
   at Microsoft.AspNetCore.Mvc.Infrastructure.ResourceInvoker.<InvokeAsync>g__Logged|17_1(ResourceInvoker invoker)
   at Microsoft.AspNetCore.Routing.EndpointMiddleware.<Invoke>g__AwaitRequestTask|7_0(Endpoint endpoint, Task requestTask, ILogger logger)
   at Microsoft.AspNetCore.Authorization.AuthorizationMiddleware.Invoke(HttpContext context)
   at Microsoft.AspNetCore.Authentication.AuthenticationMiddleware.Invoke(HttpContext context)
   at Swashbuckle.AspNetCore.SwaggerUI.SwaggerUIMiddleware.Invoke(HttpContext httpContext)
   at Swashbuckle.AspNetCore.Swagger.SwaggerMiddleware.Invoke(HttpContext httpContext, ISwaggerProvider swaggerProvider)
   at Buildflow.Api.Middlewares.ExceptionMiddleware.InvokeAsync(HttpContext httpContext) in C:\Users\muthu\source\repos\Buildflow.Api\Buildflow.Api\Middlewares\ExceptionMiddleware.cs:line 60
2025-04-14 11:14:24.452 +05:30  INF  Request finished HTTP/2 POST https://localhost:7199/api/Ticket/createTicket - 500 null null 998.6191ms
2025-04-14 11:14:47.017 +05:30  INF  Request starting HTTP/2 POST https://localhost:7199/api/Ticket/createTicket - application/json 134
2025-04-14 11:14:47.019 +05:30  INF  CORS policy execution failed.
2025-04-14 11:14:47.019 +05:30  INF  Request origin https://localhost:7199 does not have permission to access the resource.
2025-04-14 11:14:47.057 +05:30  INF  Executing endpoint 'Buildflow.Api.Controllers.Ticket.TicketController.CreateTicket (Buildflow.Api)'
2025-04-14 11:14:47.057 +05:30  INF  Route matched with {action = "CreateTicket", controller = "Ticket"}. Executing controller action with signature System.Threading.Tasks.Task`1[Microsoft.AspNetCore.Mvc.IActionResult] CreateTicket(Buildflow.Utility.DTO.CreateTicketDto) on controller Buildflow.Api.Controllers.Ticket.TicketController (Buildflow.Api).
2025-04-14 11:14:50.357 +05:30  ERR  Failed executing DbCommand (89ms) [Parameters=[p_name='?', p_description='?', p_assign_to='?' (DbType = Int32), p_created_by='?' (DbType = Int32)], CommandType='"Text"', CommandTimeout='30']
CALL ticket.create_ticket_sp(@p_name, @p_description, @p_assign_to, @p_created_by)
2025-04-14 11:14:50.446 +05:30  INF  Executed action Buildflow.Api.Controllers.Ticket.TicketController.CreateTicket (Buildflow.Api) in 3387.9614ms
2025-04-14 11:14:50.446 +05:30  INF  Executed endpoint 'Buildflow.Api.Controllers.Ticket.TicketController.CreateTicket (Buildflow.Api)'
2025-04-14 11:14:50.476 +05:30  ERR  An error occurred: 23503: insert or update on table "tickets" violates foreign key constraint "fk_ticket_assign_to"

DETAIL: Detail redacted as it may contain sensitive data. Specify 'Include Error Detail' in the connection string to include this information.
   at Npgsql.Internal.NpgsqlConnector.ReadMessageLong(Boolean async, DataRowLoadingMode dataRowLoadingMode, Boolean readingNotifications, Boolean isReadingPrependedMessage)
   at System.Runtime.CompilerServices.PoolingAsyncValueTaskMethodBuilder`1.StateMachineBox`1.System.Threading.Tasks.Sources.IValueTaskSource<TResult>.GetResult(Int16 token)
   at Npgsql.NpgsqlDataReader.NextResult(Boolean async, Boolean isConsuming, CancellationToken cancellationToken)
   at Npgsql.NpgsqlDataReader.NextResult(Boolean async, Boolean isConsuming, CancellationToken cancellationToken)
   at Npgsql.NpgsqlCommand.ExecuteReader(Boolean async, CommandBehavior behavior, CancellationToken cancellationToken)
   at Npgsql.NpgsqlCommand.ExecuteReader(Boolean async, CommandBehavior behavior, CancellationToken cancellationToken)
   at Npgsql.NpgsqlCommand.ExecuteNonQuery(Boolean async, CancellationToken cancellationToken)
   at Microsoft.EntityFrameworkCore.Storage.RelationalCommand.ExecuteNonQueryAsync(RelationalCommandParameterObject parameterObject, CancellationToken cancellationToken)
   at Microsoft.EntityFrameworkCore.Storage.RelationalCommand.ExecuteNonQueryAsync(RelationalCommandParameterObject parameterObject, CancellationToken cancellationToken)
   at Microsoft.EntityFrameworkCore.Storage.RelationalCommand.ExecuteNonQueryAsync(RelationalCommandParameterObject parameterObject, CancellationToken cancellationToken)
   at Microsoft.EntityFrameworkCore.RelationalDatabaseFacadeExtensions.ExecuteSqlRawAsync(DatabaseFacade databaseFacade, String sql, IEnumerable`1 parameters, CancellationToken cancellationToken)
   at Buildflow.Library.Repository.TicketRepository.ExecuteCreateTicketSp(CreateTicketDto dto) in C:\Users\muthu\source\repos\Buildflow.Api\Buildflow.Library\Repository\TicketRepository.cs:line 34
   at Buildflow.Service.Service.Ticket.TicketService.CreateTicketAsync(CreateTicketDto dto) in C:\Users\muthu\source\repos\Buildflow.Api\Buildflow.Service\Service\Ticket\TicketService.cs:line 22
   at Buildflow.Api.Controllers.Ticket.TicketController.CreateTicket(CreateTicketDto dto) in C:\Users\muthu\source\repos\Buildflow.Api\Buildflow.Api\Controllers\Ticket\TicketController.cs:line 30
   at Microsoft.AspNetCore.Mvc.Infrastructure.ActionMethodExecutor.TaskOfIActionResultExecutor.Execute(ActionContext actionContext, IActionResultTypeMapper mapper, ObjectMethodExecutor executor, Object controller, Object[] arguments)
   at Microsoft.AspNetCore.Mvc.Infrastructure.ControllerActionInvoker.<InvokeActionMethodAsync>g__Awaited|12_0(ControllerActionInvoker invoker, ValueTask`1 actionResultValueTask)
   at Microsoft.AspNetCore.Mvc.Infrastructure.ControllerActionInvoker.<InvokeNextActionFilterAsync>g__Awaited|10_0(ControllerActionInvoker invoker, Task lastTask, State next, Scope scope, Object state, Boolean isCompleted)
   at Microsoft.AspNetCore.Mvc.Infrastructure.ControllerActionInvoker.Rethrow(ActionExecutedContextSealed context)
   at Microsoft.AspNetCore.Mvc.Infrastructure.ControllerActionInvoker.Next(State& next, Scope& scope, Object& state, Boolean& isCompleted)
   at Microsoft.AspNetCore.Mvc.Infrastructure.ControllerActionInvoker.<InvokeInnerFilterAsync>g__Awaited|13_0(ControllerActionInvoker invoker, Task lastTask, State next, Scope scope, Object state, Boolean isCompleted)
   at Microsoft.AspNetCore.Mvc.Infrastructure.ResourceInvoker.<InvokeFilterPipelineAsync>g__Awaited|20_0(ResourceInvoker invoker, Task lastTask, State next, Scope scope, Object state, Boolean isCompleted)
   at Microsoft.AspNetCore.Mvc.Infrastructure.ResourceInvoker.<InvokeAsync>g__Logged|17_1(ResourceInvoker invoker)
   at Microsoft.AspNetCore.Mvc.Infrastructure.ResourceInvoker.<InvokeAsync>g__Logged|17_1(ResourceInvoker invoker)
   at Microsoft.AspNetCore.Routing.EndpointMiddleware.<Invoke>g__AwaitRequestTask|7_0(Endpoint endpoint, Task requestTask, ILogger logger)
   at Microsoft.AspNetCore.Authorization.AuthorizationMiddleware.Invoke(HttpContext context)
   at Microsoft.AspNetCore.Authentication.AuthenticationMiddleware.Invoke(HttpContext context)
   at Swashbuckle.AspNetCore.SwaggerUI.SwaggerUIMiddleware.Invoke(HttpContext httpContext)
   at Swashbuckle.AspNetCore.Swagger.SwaggerMiddleware.Invoke(HttpContext httpContext, ISwaggerProvider swaggerProvider)
   at Buildflow.Api.Middlewares.ExceptionMiddleware.InvokeAsync(HttpContext httpContext) in C:\Users\muthu\source\repos\Buildflow.Api\Buildflow.Api\Middlewares\ExceptionMiddleware.cs:line 60
2025-04-14 11:14:50.476 +05:30  INF  Request finished HTTP/2 POST https://localhost:7199/api/Ticket/createTicket - 500 null null 3460.0956ms
2025-04-14 11:15:20.667 +05:30  INF  Request starting HTTP/2 POST https://localhost:7199/api/Ticket/createTicket - application/json 134
2025-04-14 11:15:20.668 +05:30  INF  CORS policy execution failed.
2025-04-14 11:15:20.668 +05:30  INF  Request origin https://localhost:7199 does not have permission to access the resource.
2025-04-14 11:15:20.668 +05:30  INF  Executing endpoint 'Buildflow.Api.Controllers.Ticket.TicketController.CreateTicket (Buildflow.Api)'
2025-04-14 11:15:20.668 +05:30  INF  Route matched with {action = "CreateTicket", controller = "Ticket"}. Executing controller action with signature System.Threading.Tasks.Task`1[Microsoft.AspNetCore.Mvc.IActionResult] CreateTicket(Buildflow.Utility.DTO.CreateTicketDto) on controller Buildflow.Api.Controllers.Ticket.TicketController (Buildflow.Api).
2025-04-14 11:15:30.440 +05:30  ERR  Failed executing DbCommand (102ms) [Parameters=[p_name='?', p_description='?', p_assign_to='?' (DbType = Int32), p_created_by='?' (DbType = Int32)], CommandType='"Text"', CommandTimeout='30']
CALL ticket.create_ticket_sp(@p_name, @p_description, @p_assign_to, @p_created_by)
2025-04-14 11:15:30.514 +05:30  INF  Executed action Buildflow.Api.Controllers.Ticket.TicketController.CreateTicket (Buildflow.Api) in 9845.0989ms
2025-04-14 11:15:30.514 +05:30  INF  Executed endpoint 'Buildflow.Api.Controllers.Ticket.TicketController.CreateTicket (Buildflow.Api)'
2025-04-14 11:15:30.547 +05:30  ERR  An error occurred: 23503: insert or update on table "tickets" violates foreign key constraint "fk_ticket_assign_to"

DETAIL: Detail redacted as it may contain sensitive data. Specify 'Include Error Detail' in the connection string to include this information.
   at Npgsql.Internal.NpgsqlConnector.ReadMessageLong(Boolean async, DataRowLoadingMode dataRowLoadingMode, Boolean readingNotifications, Boolean isReadingPrependedMessage)
   at System.Runtime.CompilerServices.PoolingAsyncValueTaskMethodBuilder`1.StateMachineBox`1.System.Threading.Tasks.Sources.IValueTaskSource<TResult>.GetResult(Int16 token)
   at Npgsql.NpgsqlDataReader.NextResult(Boolean async, Boolean isConsuming, CancellationToken cancellationToken)
   at Npgsql.NpgsqlDataReader.NextResult(Boolean async, Boolean isConsuming, CancellationToken cancellationToken)
   at Npgsql.NpgsqlCommand.ExecuteReader(Boolean async, CommandBehavior behavior, CancellationToken cancellationToken)
   at Npgsql.NpgsqlCommand.ExecuteReader(Boolean async, CommandBehavior behavior, CancellationToken cancellationToken)
   at Npgsql.NpgsqlCommand.ExecuteNonQuery(Boolean async, CancellationToken cancellationToken)
   at Microsoft.EntityFrameworkCore.Storage.RelationalCommand.ExecuteNonQueryAsync(RelationalCommandParameterObject parameterObject, CancellationToken cancellationToken)
   at Microsoft.EntityFrameworkCore.Storage.RelationalCommand.ExecuteNonQueryAsync(RelationalCommandParameterObject parameterObject, CancellationToken cancellationToken)
   at Microsoft.EntityFrameworkCore.Storage.RelationalCommand.ExecuteNonQueryAsync(RelationalCommandParameterObject parameterObject, CancellationToken cancellationToken)
   at Microsoft.EntityFrameworkCore.RelationalDatabaseFacadeExtensions.ExecuteSqlRawAsync(DatabaseFacade databaseFacade, String sql, IEnumerable`1 parameters, CancellationToken cancellationToken)
   at Buildflow.Library.Repository.TicketRepository.ExecuteCreateTicketSp(CreateTicketDto dto) in C:\Users\muthu\source\repos\Buildflow.Api\Buildflow.Library\Repository\TicketRepository.cs:line 34
   at Buildflow.Service.Service.Ticket.TicketService.CreateTicketAsync(CreateTicketDto dto) in C:\Users\muthu\source\repos\Buildflow.Api\Buildflow.Service\Service\Ticket\TicketService.cs:line 22
   at Buildflow.Api.Controllers.Ticket.TicketController.CreateTicket(CreateTicketDto dto) in C:\Users\muthu\source\repos\Buildflow.Api\Buildflow.Api\Controllers\Ticket\TicketController.cs:line 30
   at Microsoft.AspNetCore.Mvc.Infrastructure.ActionMethodExecutor.TaskOfIActionResultExecutor.Execute(ActionContext actionContext, IActionResultTypeMapper mapper, ObjectMethodExecutor executor, Object controller, Object[] arguments)
   at Microsoft.AspNetCore.Mvc.Infrastructure.ControllerActionInvoker.<InvokeActionMethodAsync>g__Awaited|12_0(ControllerActionInvoker invoker, ValueTask`1 actionResultValueTask)
   at Microsoft.AspNetCore.Mvc.Infrastructure.ControllerActionInvoker.<InvokeNextActionFilterAsync>g__Awaited|10_0(ControllerActionInvoker invoker, Task lastTask, State next, Scope scope, Object state, Boolean isCompleted)
   at Microsoft.AspNetCore.Mvc.Infrastructure.ControllerActionInvoker.Rethrow(ActionExecutedContextSealed context)
   at Microsoft.AspNetCore.Mvc.Infrastructure.ControllerActionInvoker.Next(State& next, Scope& scope, Object& state, Boolean& isCompleted)
   at Microsoft.AspNetCore.Mvc.Infrastructure.ControllerActionInvoker.<InvokeInnerFilterAsync>g__Awaited|13_0(ControllerActionInvoker invoker, Task lastTask, State next, Scope scope, Object state, Boolean isCompleted)
   at Microsoft.AspNetCore.Mvc.Infrastructure.ResourceInvoker.<InvokeFilterPipelineAsync>g__Awaited|20_0(ResourceInvoker invoker, Task lastTask, State next, Scope scope, Object state, Boolean isCompleted)
   at Microsoft.AspNetCore.Mvc.Infrastructure.ResourceInvoker.<InvokeAsync>g__Logged|17_1(ResourceInvoker invoker)
   at Microsoft.AspNetCore.Mvc.Infrastructure.ResourceInvoker.<InvokeAsync>g__Logged|17_1(ResourceInvoker invoker)
   at Microsoft.AspNetCore.Routing.EndpointMiddleware.<Invoke>g__AwaitRequestTask|7_0(Endpoint endpoint, Task requestTask, ILogger logger)
   at Microsoft.AspNetCore.Authorization.AuthorizationMiddleware.Invoke(HttpContext context)
   at Microsoft.AspNetCore.Authentication.AuthenticationMiddleware.Invoke(HttpContext context)
   at Swashbuckle.AspNetCore.SwaggerUI.SwaggerUIMiddleware.Invoke(HttpContext httpContext)
   at Swashbuckle.AspNetCore.Swagger.SwaggerMiddleware.Invoke(HttpContext httpContext, ISwaggerProvider swaggerProvider)
   at Buildflow.Api.Middlewares.ExceptionMiddleware.InvokeAsync(HttpContext httpContext) in C:\Users\muthu\source\repos\Buildflow.Api\Buildflow.Api\Middlewares\ExceptionMiddleware.cs:line 60
2025-04-14 11:15:30.547 +05:30  INF  Request finished HTTP/2 POST https://localhost:7199/api/Ticket/createTicket - 500 null null 9880.4791ms
2025-04-14 11:16:27.240 +05:30  INF  Request starting HTTP/2 POST https://localhost:7199/api/Ticket/createTicket - application/json 134
2025-04-14 11:16:27.240 +05:30  INF  CORS policy execution failed.
2025-04-14 11:16:27.240 +05:30  INF  Request origin https://localhost:7199 does not have permission to access the resource.
2025-04-14 11:16:29.424 +05:30  INF  Executing endpoint 'Buildflow.Api.Controllers.Ticket.TicketController.CreateTicket (Buildflow.Api)'
2025-04-14 11:16:29.425 +05:30  INF  Route matched with {action = "CreateTicket", controller = "Ticket"}. Executing controller action with signature System.Threading.Tasks.Task`1[Microsoft.AspNetCore.Mvc.IActionResult] CreateTicket(Buildflow.Utility.DTO.CreateTicketDto) on controller Buildflow.Api.Controllers.Ticket.TicketController (Buildflow.Api).
2025-04-14 11:16:32.579 +05:30  INF  Executed DbCommand (102ms) [Parameters=[p_name='?', p_description='?', p_assign_to='?' (DbType = Int32), p_created_by='?' (DbType = Int32)], CommandType='"Text"', CommandTimeout='30']
CALL ticket.create_ticket_sp(@p_name, @p_description, @p_assign_to, @p_created_by)
2025-04-14 11:16:32.580 +05:30  INF  Executing OkObjectResult, writing value of type 'System.String'.
2025-04-14 11:16:32.580 +05:30  INF  Executed action Buildflow.Api.Controllers.Ticket.TicketController.CreateTicket (Buildflow.Api) in 3155.2212ms
2025-04-14 11:16:32.580 +05:30  INF  Executed endpoint 'Buildflow.Api.Controllers.Ticket.TicketController.CreateTicket (Buildflow.Api)'
2025-04-14 11:16:32.581 +05:30  INF  Request finished HTTP/2 POST https://localhost:7199/api/Ticket/createTicket - 200 null text/plain; charset=utf-8 5341.6832ms
2025-04-14 11:34:41.293 +05:30  INF  User profile is available. Using 'C:\Users\muthu\AppData\Local\ASP.NET\DataProtection-Keys' as key repository and Windows DPAPI to encrypt keys at rest.
2025-04-14 11:34:41.589 +05:30  INF  Now listening on: https://localhost:7199
2025-04-14 11:34:41.589 +05:30  INF  Now listening on: http://localhost:5033
2025-04-14 11:34:41.639 +05:30  INF  Application started. Press Ctrl+C to shut down.
2025-04-14 11:34:41.640 +05:30  INF  Hosting environment: Development
2025-04-14 11:34:41.640 +05:30  INF  Content root path: C:\Users\muthu\source\repos\Buildflow.Api\Buildflow.Api
2025-04-14 11:34:42.802 +05:30  INF  Request starting HTTP/2 GET https://localhost:7199/_framework/aspnetcore-browser-refresh.js - null null
2025-04-14 11:34:42.802 +05:30  INF  Request starting HTTP/2 GET https://localhost:7199/_vs/browserLink - null null
2025-04-14 11:34:42.870 +05:30  INF  Request finished HTTP/2 GET https://localhost:7199/_framework/aspnetcore-browser-refresh.js - 200 13762 application/javascript; charset=utf-8 78.9116ms
2025-04-14 11:34:42.971 +05:30  INF  Request finished HTTP/2 GET https://localhost:7199/_vs/browserLink - 200 null text/javascript; charset=UTF-8 181.6955ms
2025-04-14 11:34:43.049 +05:30  INF  Request starting HTTP/2 GET https://localhost:7199/swagger/v1/swagger.json - null null
2025-04-14 11:34:43.251 +05:30  INF  Request finished HTTP/2 GET https://localhost:7199/swagger/v1/swagger.json - 200 null application/json;charset=utf-8 203.6004ms
2025-04-14 11:35:45.470 +05:30  INF  Request starting HTTP/2 POST https://localhost:7199/api/Login/login - application/json 56
2025-04-14 11:35:45.542 +05:30  INF  CORS policy execution failed.
2025-04-14 11:35:45.542 +05:30  INF  Request origin https://localhost:7199 does not have permission to access the resource.
2025-04-14 11:35:45.797 +05:30  INF  Executing endpoint 'Buildflow.Api.Controllers.Master.LoginController.Login (Buildflow.Api)'
2025-04-14 11:35:45.860 +05:30  INF  Route matched with {action = "Login", controller = "Login"}. Executing controller action with signature System.Threading.Tasks.Task`1[Microsoft.AspNetCore.Mvc.IActionResult] Login(Buildflow.Utility.DTO.LoginRequest) on controller Buildflow.Api.Controllers.Master.LoginController (Buildflow.Api).
2025-04-14 11:35:51.637 +05:30  INF  Executed DbCommand (261ms) [Parameters=[@__email_0='?', @__password_1='?'], CommandType='"Text"', CommandTimeout='30']
SELECT e.emp_id, e.address, e.alternative_phone, e.city, e.country, e.created_at, e.created_by, e.date_of_birth, e.email, e.employee_code, e.first_name, e.hire_date, e.image_url, e.is_active, e.last_name, e.middle_name, e.password, e.phone, e.postal_code, e.state, e.termination_date, e.updated_at, e.updated_by
FROM employee.employee_details AS e
WHERE e.email = @__email_0 AND e.password = @__password_1
LIMIT 1
2025-04-14 11:35:52.128 +05:30  INF  Executing OkObjectResult, writing value of type '<>f__AnonymousType0`1[[System.String, System.Private.CoreLib, Version=8.0.0.0, Culture=neutral, PublicKeyToken=7cec85d7bea7798e]]'.
2025-04-14 11:35:52.146 +05:30  INF  Executed action Buildflow.Api.Controllers.Master.LoginController.Login (Buildflow.Api) in 6276.19ms
2025-04-14 11:35:52.148 +05:30  INF  Executed endpoint 'Buildflow.Api.Controllers.Master.LoginController.Login (Buildflow.Api)'
2025-04-14 11:35:52.158 +05:30  INF  Request finished HTTP/2 POST https://localhost:7199/api/Login/login - 200 null application/json; charset=utf-8 6688.7953ms
2025-04-14 11:36:05.208 +05:30  INF  Request starting HTTP/2 GET https://localhost:7199/api/Login/LoginUserDetail - null null
2025-04-14 11:36:05.353 +05:30  INF  Executing endpoint 'Buildflow.Api.Controllers.Master.LoginController.LoginUserDetail (Buildflow.Api)'
2025-04-14 11:36:05.369 +05:30  INF  Route matched with {action = "LoginUserDetail", controller = "Login"}. Executing controller action with signature System.Threading.Tasks.Task`1[Microsoft.AspNetCore.Mvc.IActionResult] LoginUserDetail() on controller Buildflow.Api.Controllers.Master.LoginController (Buildflow.Api).
2025-04-14 11:36:06.209 +05:30  INF  Executed action Buildflow.Api.Controllers.Master.LoginController.LoginUserDetail (Buildflow.Api) in 840.1377ms
2025-04-14 11:36:06.212 +05:30  INF  Executed endpoint 'Buildflow.Api.Controllers.Master.LoginController.LoginUserDetail (Buildflow.Api)'
2025-04-14 11:36:06.521 +05:30  ERR  An error occurred: 42703: column b.board_name does not exist
   at Npgsql.Internal.NpgsqlConnector.ReadMessageLong(Boolean async, DataRowLoadingMode dataRowLoadingMode, Boolean readingNotifications, Boolean isReadingPrependedMessage)
   at System.Runtime.CompilerServices.PoolingAsyncValueTaskMethodBuilder`1.StateMachineBox`1.System.Threading.Tasks.Sources.IValueTaskSource<TResult>.GetResult(Int16 token)
   at Npgsql.NpgsqlDataReader.<ReadMessage>g__ReadMessageSequential|49_0(NpgsqlConnector connector, Boolean async)
   at Npgsql.NpgsqlDataReader.NextResult(Boolean async, Boolean isConsuming, CancellationToken cancellationToken)
   at Npgsql.NpgsqlDataReader.NextResult(Boolean async, Boolean isConsuming, CancellationToken cancellationToken)
   at Npgsql.NpgsqlCommand.ExecuteReader(Boolean async, CommandBehavior behavior, CancellationToken cancellationToken)
   at Npgsql.NpgsqlCommand.ExecuteReader(Boolean async, CommandBehavior behavior, CancellationToken cancellationToken)
   at Npgsql.NpgsqlCommand.ExecuteDbDataReaderAsync(CommandBehavior behavior, CancellationToken cancellationToken)
   at Dapper.SqlMapper.QueryRowAsync[T](IDbConnection cnn, Row row, Type effectiveType, CommandDefinition command) in /_/Dapper/SqlMapper.Async.cs:line 489
   at Buildflow.Library.Repository.RegisterRepository.GetLoginEmployeeFullDetailAsync(Int32 empId) in C:\Users\muthu\source\repos\Buildflow.Api\Buildflow.Library\Repository\RegisterRepository.cs:line 44
   at Buildflow.Service.Service.Master.RegisterService.GetLoginEmployeeFullDetailAsync(Int32 empId) in C:\Users\muthu\source\repos\Buildflow.Api\Buildflow.Service\Service\Master\RegisteredService.cs:line 34
   at Buildflow.Api.Controllers.Master.LoginController.LoginUserDetail() in C:\Users\muthu\source\repos\Buildflow.Api\Buildflow.Api\Controllers\Master\LoginController.cs:line 86
   at Microsoft.AspNetCore.Mvc.Infrastructure.ActionMethodExecutor.TaskOfIActionResultExecutor.Execute(ActionContext actionContext, IActionResultTypeMapper mapper, ObjectMethodExecutor executor, Object controller, Object[] arguments)
   at Microsoft.AspNetCore.Mvc.Infrastructure.ControllerActionInvoker.<InvokeActionMethodAsync>g__Awaited|12_0(ControllerActionInvoker invoker, ValueTask`1 actionResultValueTask)
   at Microsoft.AspNetCore.Mvc.Infrastructure.ControllerActionInvoker.<InvokeNextActionFilterAsync>g__Awaited|10_0(ControllerActionInvoker invoker, Task lastTask, State next, Scope scope, Object state, Boolean isCompleted)
   at Microsoft.AspNetCore.Mvc.Infrastructure.ControllerActionInvoker.Rethrow(ActionExecutedContextSealed context)
   at Microsoft.AspNetCore.Mvc.Infrastructure.ControllerActionInvoker.Next(State& next, Scope& scope, Object& state, Boolean& isCompleted)
   at Microsoft.AspNetCore.Mvc.Infrastructure.ControllerActionInvoker.<InvokeInnerFilterAsync>g__Awaited|13_0(ControllerActionInvoker invoker, Task lastTask, State next, Scope scope, Object state, Boolean isCompleted)
   at Microsoft.AspNetCore.Mvc.Infrastructure.ResourceInvoker.<InvokeFilterPipelineAsync>g__Awaited|20_0(ResourceInvoker invoker, Task lastTask, State next, Scope scope, Object state, Boolean isCompleted)
   at Microsoft.AspNetCore.Mvc.Infrastructure.ResourceInvoker.<InvokeAsync>g__Logged|17_1(ResourceInvoker invoker)
   at Microsoft.AspNetCore.Mvc.Infrastructure.ResourceInvoker.<InvokeAsync>g__Logged|17_1(ResourceInvoker invoker)
   at Microsoft.AspNetCore.Routing.EndpointMiddleware.<Invoke>g__AwaitRequestTask|7_0(Endpoint endpoint, Task requestTask, ILogger logger)
   at Microsoft.AspNetCore.Authorization.AuthorizationMiddleware.Invoke(HttpContext context)
   at Microsoft.AspNetCore.Authentication.AuthenticationMiddleware.Invoke(HttpContext context)
   at Swashbuckle.AspNetCore.SwaggerUI.SwaggerUIMiddleware.Invoke(HttpContext httpContext)
   at Swashbuckle.AspNetCore.Swagger.SwaggerMiddleware.Invoke(HttpContext httpContext, ISwaggerProvider swaggerProvider)
   at Buildflow.Api.Middlewares.ExceptionMiddleware.InvokeAsync(HttpContext httpContext) in C:\Users\muthu\source\repos\Buildflow.Api\Buildflow.Api\Middlewares\ExceptionMiddleware.cs:line 60
2025-04-14 11:36:06.524 +05:30  INF  Request finished HTTP/2 GET https://localhost:7199/api/Login/LoginUserDetail - 500 null null 1317.8958ms
2025-04-14 11:36:23.083 +05:30  INF  Request starting HTTP/2 GET https://localhost:7199/api/Login/LoginUserDetail - null null
2025-04-14 11:36:23.089 +05:30  INF  Executing endpoint 'Buildflow.Api.Controllers.Master.LoginController.LoginUserDetail (Buildflow.Api)'
2025-04-14 11:36:23.090 +05:30  INF  Route matched with {action = "LoginUserDetail", controller = "Login"}. Executing controller action with signature System.Threading.Tasks.Task`1[Microsoft.AspNetCore.Mvc.IActionResult] LoginUserDetail() on controller Buildflow.Api.Controllers.Master.LoginController (Buildflow.Api).
2025-04-14 11:36:27.063 +05:30  INF  Executed action Buildflow.Api.Controllers.Master.LoginController.LoginUserDetail (Buildflow.Api) in 3973.0028ms
2025-04-14 11:36:27.064 +05:30  INF  Executed endpoint 'Buildflow.Api.Controllers.Master.LoginController.LoginUserDetail (Buildflow.Api)'
2025-04-14 11:36:27.103 +05:30  ERR  An error occurred: 42703: column b.board_name does not exist
   at Npgsql.Internal.NpgsqlConnector.ReadMessageLong(Boolean async, DataRowLoadingMode dataRowLoadingMode, Boolean readingNotifications, Boolean isReadingPrependedMessage)
   at System.Runtime.CompilerServices.PoolingAsyncValueTaskMethodBuilder`1.StateMachineBox`1.System.Threading.Tasks.Sources.IValueTaskSource<TResult>.GetResult(Int16 token)
   at Npgsql.NpgsqlDataReader.<ReadMessage>g__ReadMessageSequential|49_0(NpgsqlConnector connector, Boolean async)
   at Npgsql.NpgsqlDataReader.NextResult(Boolean async, Boolean isConsuming, CancellationToken cancellationToken)
   at Npgsql.NpgsqlDataReader.NextResult(Boolean async, Boolean isConsuming, CancellationToken cancellationToken)
   at Npgsql.NpgsqlCommand.ExecuteReader(Boolean async, CommandBehavior behavior, CancellationToken cancellationToken)
   at Npgsql.NpgsqlCommand.ExecuteReader(Boolean async, CommandBehavior behavior, CancellationToken cancellationToken)
   at Npgsql.NpgsqlCommand.ExecuteDbDataReaderAsync(CommandBehavior behavior, CancellationToken cancellationToken)
   at Dapper.SqlMapper.QueryRowAsync[T](IDbConnection cnn, Row row, Type effectiveType, CommandDefinition command) in /_/Dapper/SqlMapper.Async.cs:line 489
   at Buildflow.Library.Repository.RegisterRepository.GetLoginEmployeeFullDetailAsync(Int32 empId) in C:\Users\muthu\source\repos\Buildflow.Api\Buildflow.Library\Repository\RegisterRepository.cs:line 44
   at Buildflow.Service.Service.Master.RegisterService.GetLoginEmployeeFullDetailAsync(Int32 empId) in C:\Users\muthu\source\repos\Buildflow.Api\Buildflow.Service\Service\Master\RegisteredService.cs:line 34
   at Buildflow.Api.Controllers.Master.LoginController.LoginUserDetail() in C:\Users\muthu\source\repos\Buildflow.Api\Buildflow.Api\Controllers\Master\LoginController.cs:line 86
   at Microsoft.AspNetCore.Mvc.Infrastructure.ActionMethodExecutor.TaskOfIActionResultExecutor.Execute(ActionContext actionContext, IActionResultTypeMapper mapper, ObjectMethodExecutor executor, Object controller, Object[] arguments)
   at Microsoft.AspNetCore.Mvc.Infrastructure.ControllerActionInvoker.<InvokeActionMethodAsync>g__Awaited|12_0(ControllerActionInvoker invoker, ValueTask`1 actionResultValueTask)
   at Microsoft.AspNetCore.Mvc.Infrastructure.ControllerActionInvoker.<InvokeNextActionFilterAsync>g__Awaited|10_0(ControllerActionInvoker invoker, Task lastTask, State next, Scope scope, Object state, Boolean isCompleted)
   at Microsoft.AspNetCore.Mvc.Infrastructure.ControllerActionInvoker.Rethrow(ActionExecutedContextSealed context)
   at Microsoft.AspNetCore.Mvc.Infrastructure.ControllerActionInvoker.Next(State& next, Scope& scope, Object& state, Boolean& isCompleted)
   at Microsoft.AspNetCore.Mvc.Infrastructure.ControllerActionInvoker.<InvokeInnerFilterAsync>g__Awaited|13_0(ControllerActionInvoker invoker, Task lastTask, State next, Scope scope, Object state, Boolean isCompleted)
   at Microsoft.AspNetCore.Mvc.Infrastructure.ResourceInvoker.<InvokeFilterPipelineAsync>g__Awaited|20_0(ResourceInvoker invoker, Task lastTask, State next, Scope scope, Object state, Boolean isCompleted)
   at Microsoft.AspNetCore.Mvc.Infrastructure.ResourceInvoker.<InvokeAsync>g__Logged|17_1(ResourceInvoker invoker)
   at Microsoft.AspNetCore.Mvc.Infrastructure.ResourceInvoker.<InvokeAsync>g__Logged|17_1(ResourceInvoker invoker)
   at Microsoft.AspNetCore.Routing.EndpointMiddleware.<Invoke>g__AwaitRequestTask|7_0(Endpoint endpoint, Task requestTask, ILogger logger)
   at Microsoft.AspNetCore.Authorization.AuthorizationMiddleware.Invoke(HttpContext context)
   at Microsoft.AspNetCore.Authentication.AuthenticationMiddleware.Invoke(HttpContext context)
   at Swashbuckle.AspNetCore.SwaggerUI.SwaggerUIMiddleware.Invoke(HttpContext httpContext)
   at Swashbuckle.AspNetCore.Swagger.SwaggerMiddleware.Invoke(HttpContext httpContext, ISwaggerProvider swaggerProvider)
   at Buildflow.Api.Middlewares.ExceptionMiddleware.InvokeAsync(HttpContext httpContext) in C:\Users\muthu\source\repos\Buildflow.Api\Buildflow.Api\Middlewares\ExceptionMiddleware.cs:line 60
2025-04-14 11:36:27.103 +05:30  INF  Request finished HTTP/2 GET https://localhost:7199/api/Login/LoginUserDetail - 500 null null 4020.8232ms
2025-04-14 11:36:36.470 +05:30  INF  Request starting HTTP/2 GET https://localhost:7199/api/Login/LoginUserDetail - null null
2025-04-14 11:36:36.473 +05:30  INF  Executing endpoint 'Buildflow.Api.Controllers.Master.LoginController.LoginUserDetail (Buildflow.Api)'
2025-04-14 11:36:36.473 +05:30  INF  Route matched with {action = "LoginUserDetail", controller = "Login"}. Executing controller action with signature System.Threading.Tasks.Task`1[Microsoft.AspNetCore.Mvc.IActionResult] LoginUserDetail() on controller Buildflow.Api.Controllers.Master.LoginController (Buildflow.Api).
2025-04-14 11:37:11.434 +05:30  INF  Executed action Buildflow.Api.Controllers.Master.LoginController.LoginUserDetail (Buildflow.Api) in 34960.3363ms
2025-04-14 11:37:11.434 +05:30  INF  Executed endpoint 'Buildflow.Api.Controllers.Master.LoginController.LoginUserDetail (Buildflow.Api)'
2025-04-14 11:37:11.469 +05:30  ERR  An error occurred: 42703: column b.board_name does not exist
   at Npgsql.Internal.NpgsqlConnector.ReadMessageLong(Boolean async, DataRowLoadingMode dataRowLoadingMode, Boolean readingNotifications, Boolean isReadingPrependedMessage)
   at System.Runtime.CompilerServices.PoolingAsyncValueTaskMethodBuilder`1.StateMachineBox`1.System.Threading.Tasks.Sources.IValueTaskSource<TResult>.GetResult(Int16 token)
   at Npgsql.NpgsqlDataReader.<ReadMessage>g__ReadMessageSequential|49_0(NpgsqlConnector connector, Boolean async)
   at Npgsql.NpgsqlDataReader.NextResult(Boolean async, Boolean isConsuming, CancellationToken cancellationToken)
   at Npgsql.NpgsqlDataReader.NextResult(Boolean async, Boolean isConsuming, CancellationToken cancellationToken)
   at Npgsql.NpgsqlCommand.ExecuteReader(Boolean async, CommandBehavior behavior, CancellationToken cancellationToken)
   at Npgsql.NpgsqlCommand.ExecuteReader(Boolean async, CommandBehavior behavior, CancellationToken cancellationToken)
   at Npgsql.NpgsqlCommand.ExecuteDbDataReaderAsync(CommandBehavior behavior, CancellationToken cancellationToken)
   at Dapper.SqlMapper.QueryRowAsync[T](IDbConnection cnn, Row row, Type effectiveType, CommandDefinition command) in /_/Dapper/SqlMapper.Async.cs:line 489
   at Buildflow.Library.Repository.RegisterRepository.GetLoginEmployeeFullDetailAsync(Int32 empId) in C:\Users\muthu\source\repos\Buildflow.Api\Buildflow.Library\Repository\RegisterRepository.cs:line 44
   at Buildflow.Service.Service.Master.RegisterService.GetLoginEmployeeFullDetailAsync(Int32 empId) in C:\Users\muthu\source\repos\Buildflow.Api\Buildflow.Service\Service\Master\RegisteredService.cs:line 34
   at Buildflow.Api.Controllers.Master.LoginController.LoginUserDetail() in C:\Users\muthu\source\repos\Buildflow.Api\Buildflow.Api\Controllers\Master\LoginController.cs:line 86
   at Microsoft.AspNetCore.Mvc.Infrastructure.ActionMethodExecutor.TaskOfIActionResultExecutor.Execute(ActionContext actionContext, IActionResultTypeMapper mapper, ObjectMethodExecutor executor, Object controller, Object[] arguments)
   at Microsoft.AspNetCore.Mvc.Infrastructure.ControllerActionInvoker.<InvokeActionMethodAsync>g__Awaited|12_0(ControllerActionInvoker invoker, ValueTask`1 actionResultValueTask)
   at Microsoft.AspNetCore.Mvc.Infrastructure.ControllerActionInvoker.<InvokeNextActionFilterAsync>g__Awaited|10_0(ControllerActionInvoker invoker, Task lastTask, State next, Scope scope, Object state, Boolean isCompleted)
   at Microsoft.AspNetCore.Mvc.Infrastructure.ControllerActionInvoker.Rethrow(ActionExecutedContextSealed context)
   at Microsoft.AspNetCore.Mvc.Infrastructure.ControllerActionInvoker.Next(State& next, Scope& scope, Object& state, Boolean& isCompleted)
   at Microsoft.AspNetCore.Mvc.Infrastructure.ControllerActionInvoker.<InvokeInnerFilterAsync>g__Awaited|13_0(ControllerActionInvoker invoker, Task lastTask, State next, Scope scope, Object state, Boolean isCompleted)
   at Microsoft.AspNetCore.Mvc.Infrastructure.ResourceInvoker.<InvokeFilterPipelineAsync>g__Awaited|20_0(ResourceInvoker invoker, Task lastTask, State next, Scope scope, Object state, Boolean isCompleted)
   at Microsoft.AspNetCore.Mvc.Infrastructure.ResourceInvoker.<InvokeAsync>g__Logged|17_1(ResourceInvoker invoker)
   at Microsoft.AspNetCore.Mvc.Infrastructure.ResourceInvoker.<InvokeAsync>g__Logged|17_1(ResourceInvoker invoker)
   at Microsoft.AspNetCore.Routing.EndpointMiddleware.<Invoke>g__AwaitRequestTask|7_0(Endpoint endpoint, Task requestTask, ILogger logger)
   at Microsoft.AspNetCore.Authorization.AuthorizationMiddleware.Invoke(HttpContext context)
   at Microsoft.AspNetCore.Authentication.AuthenticationMiddleware.Invoke(HttpContext context)
   at Swashbuckle.AspNetCore.SwaggerUI.SwaggerUIMiddleware.Invoke(HttpContext httpContext)
   at Swashbuckle.AspNetCore.Swagger.SwaggerMiddleware.Invoke(HttpContext httpContext, ISwaggerProvider swaggerProvider)
   at Buildflow.Api.Middlewares.ExceptionMiddleware.InvokeAsync(HttpContext httpContext) in C:\Users\muthu\source\repos\Buildflow.Api\Buildflow.Api\Middlewares\ExceptionMiddleware.cs:line 60
2025-04-14 11:37:11.470 +05:30  INF  Request finished HTTP/2 GET https://localhost:7199/api/Login/LoginUserDetail - 500 null null 35000.9902ms
2025-04-14 11:42:57.398 +05:30  INF  Request starting HTTP/2 GET https://localhost:7199/api/Login/LoginUserDetail - null null
2025-04-14 11:42:57.401 +05:30  INF  Executing endpoint 'Buildflow.Api.Controllers.Master.LoginController.LoginUserDetail (Buildflow.Api)'
2025-04-14 11:42:57.401 +05:30  INF  Route matched with {action = "LoginUserDetail", controller = "Login"}. Executing controller action with signature System.Threading.Tasks.Task`1[Microsoft.AspNetCore.Mvc.IActionResult] LoginUserDetail() on controller Buildflow.Api.Controllers.Master.LoginController (Buildflow.Api).
2025-04-14 11:43:00.997 +05:30  INF  Executing OkObjectResult, writing value of type 'Buildflow.Utility.DTO.LoginEmployeeFullDetailDto'.
2025-04-14 11:43:01.030 +05:30  INF  Executed action Buildflow.Api.Controllers.Master.LoginController.LoginUserDetail (Buildflow.Api) in 3628.3379ms
2025-04-14 11:43:01.030 +05:30  INF  Executed endpoint 'Buildflow.Api.Controllers.Master.LoginController.LoginUserDetail (Buildflow.Api)'
2025-04-14 11:43:01.030 +05:30  INF  Request finished HTTP/2 GET https://localhost:7199/api/Login/LoginUserDetail - 200 null application/json; charset=utf-8 3632.932ms
2025-04-14 11:44:45.110 +05:30  INF  Request starting HTTP/2 POST https://localhost:7199/api/Login/login - application/json 55
2025-04-14 11:44:45.120 +05:30  INF  CORS policy execution failed.
2025-04-14 11:44:45.122 +05:30  INF  Request origin https://localhost:7199 does not have permission to access the resource.
2025-04-14 11:44:45.123 +05:30  INF  Executing endpoint 'Buildflow.Api.Controllers.Master.LoginController.Login (Buildflow.Api)'
2025-04-14 11:44:45.123 +05:30  INF  Route matched with {action = "Login", controller = "Login"}. Executing controller action with signature System.Threading.Tasks.Task`1[Microsoft.AspNetCore.Mvc.IActionResult] Login(Buildflow.Utility.DTO.LoginRequest) on controller Buildflow.Api.Controllers.Master.LoginController (Buildflow.Api).
2025-04-14 11:44:45.302 +05:30  INF  Executed DbCommand (161ms) [Parameters=[@__email_0='?', @__password_1='?'], CommandType='"Text"', CommandTimeout='30']
SELECT e.emp_id, e.address, e.alternative_phone, e.city, e.country, e.created_at, e.created_by, e.date_of_birth, e.email, e.employee_code, e.first_name, e.hire_date, e.image_url, e.is_active, e.last_name, e.middle_name, e.password, e.phone, e.postal_code, e.state, e.termination_date, e.updated_at, e.updated_by
FROM employee.employee_details AS e
WHERE e.email = @__email_0 AND e.password = @__password_1
LIMIT 1
2025-04-14 11:44:45.332 +05:30  INF  Executing OkObjectResult, writing value of type '<>f__AnonymousType0`1[[System.String, System.Private.CoreLib, Version=8.0.0.0, Culture=neutral, PublicKeyToken=7cec85d7bea7798e]]'.
2025-04-14 11:44:45.333 +05:30  INF  Executed action Buildflow.Api.Controllers.Master.LoginController.Login (Buildflow.Api) in 209.4775ms
2025-04-14 11:44:45.333 +05:30  INF  Executed endpoint 'Buildflow.Api.Controllers.Master.LoginController.Login (Buildflow.Api)'
2025-04-14 11:44:45.333 +05:30  INF  Request finished HTTP/2 POST https://localhost:7199/api/Login/login - 200 null application/json; charset=utf-8 223.8787ms
2025-04-14 11:44:58.138 +05:30  INF  Request starting HTTP/2 GET https://localhost:7199/api/Login/LoginUserDetail - null null
2025-04-14 11:44:58.141 +05:30  INF  Executing endpoint 'Buildflow.Api.Controllers.Master.LoginController.LoginUserDetail (Buildflow.Api)'
2025-04-14 11:44:58.141 +05:30  INF  Route matched with {action = "LoginUserDetail", controller = "Login"}. Executing controller action with signature System.Threading.Tasks.Task`1[Microsoft.AspNetCore.Mvc.IActionResult] LoginUserDetail() on controller Buildflow.Api.Controllers.Master.LoginController (Buildflow.Api).
2025-04-14 11:44:59.542 +05:30  INF  Executing OkObjectResult, writing value of type 'Buildflow.Utility.DTO.LoginEmployeeFullDetailDto'.
2025-04-14 11:44:59.545 +05:30  INF  Executed action Buildflow.Api.Controllers.Master.LoginController.LoginUserDetail (Buildflow.Api) in 1403.7908ms
2025-04-14 11:44:59.545 +05:30  INF  Executed endpoint 'Buildflow.Api.Controllers.Master.LoginController.LoginUserDetail (Buildflow.Api)'
2025-04-14 11:44:59.547 +05:30  INF  Request finished HTTP/2 GET https://localhost:7199/api/Login/LoginUserDetail - 200 null application/json; charset=utf-8 1409.392ms
2025-04-14 11:46:32.543 +05:30  INF  Request starting HTTP/2 POST https://localhost:7199/api/Login/login - application/json 56
2025-04-14 11:46:32.544 +05:30  INF  CORS policy execution failed.
2025-04-14 11:46:32.544 +05:30  INF  Request origin https://localhost:7199 does not have permission to access the resource.
2025-04-14 11:46:32.546 +05:30  INF  Executing endpoint 'Buildflow.Api.Controllers.Master.LoginController.Login (Buildflow.Api)'
2025-04-14 11:46:32.546 +05:30  INF  Route matched with {action = "Login", controller = "Login"}. Executing controller action with signature System.Threading.Tasks.Task`1[Microsoft.AspNetCore.Mvc.IActionResult] Login(Buildflow.Utility.DTO.LoginRequest) on controller Buildflow.Api.Controllers.Master.LoginController (Buildflow.Api).
2025-04-14 11:46:32.676 +05:30  INF  Executed DbCommand (123ms) [Parameters=[@__email_0='?', @__password_1='?'], CommandType='"Text"', CommandTimeout='30']
SELECT e.emp_id, e.address, e.alternative_phone, e.city, e.country, e.created_at, e.created_by, e.date_of_birth, e.email, e.employee_code, e.first_name, e.hire_date, e.image_url, e.is_active, e.last_name, e.middle_name, e.password, e.phone, e.postal_code, e.state, e.termination_date, e.updated_at, e.updated_by
FROM employee.employee_details AS e
WHERE e.email = @__email_0 AND e.password = @__password_1
LIMIT 1
2025-04-14 11:46:32.678 +05:30  INF  Executing OkObjectResult, writing value of type '<>f__AnonymousType0`1[[System.String, System.Private.CoreLib, Version=8.0.0.0, Culture=neutral, PublicKeyToken=7cec85d7bea7798e]]'.
2025-04-14 11:46:32.678 +05:30  INF  Executed action Buildflow.Api.Controllers.Master.LoginController.Login (Buildflow.Api) in 131.925ms
2025-04-14 11:46:32.678 +05:30  INF  Executed endpoint 'Buildflow.Api.Controllers.Master.LoginController.Login (Buildflow.Api)'
2025-04-14 11:46:32.679 +05:30  INF  Request finished HTTP/2 POST https://localhost:7199/api/Login/login - 200 null application/json; charset=utf-8 137.8574ms
2025-04-14 11:47:57.950 +05:30  INF  Request starting HTTP/2 POST https://localhost:7199/api/Ticket/createTicket - application/json 102
2025-04-14 11:47:57.951 +05:30  INF  CORS policy execution failed.
2025-04-14 11:47:57.952 +05:30  INF  Request origin https://localhost:7199 does not have permission to access the resource.
2025-04-14 11:48:05.565 +05:30  INF  Executing endpoint 'Buildflow.Api.Controllers.Ticket.TicketController.CreateTicket (Buildflow.Api)'
2025-04-14 11:48:05.584 +05:30  INF  Route matched with {action = "CreateTicket", controller = "Ticket"}. Executing controller action with signature System.Threading.Tasks.Task`1[Microsoft.AspNetCore.Mvc.IActionResult] CreateTicket(Buildflow.Utility.DTO.CreateTicketDto) on controller Buildflow.Api.Controllers.Ticket.TicketController (Buildflow.Api).
2025-04-14 11:48:10.117 +05:30  INF  Executed DbCommand (206ms) [Parameters=[p_name='?', p_description='?', p_assign_to='?' (DbType = Int32), p_created_by='?' (DbType = Int32)], CommandType='"Text"', CommandTimeout='30']
CALL ticket.create_ticket_sp(@p_name, @p_description, @p_assign_to, @p_created_by)
2025-04-14 11:48:10.119 +05:30  INF  Executing OkObjectResult, writing value of type 'System.String'.
2025-04-14 11:48:10.119 +05:30  INF  Executed action Buildflow.Api.Controllers.Ticket.TicketController.CreateTicket (Buildflow.Api) in 4534.957ms
2025-04-14 11:48:10.119 +05:30  INF  Executed endpoint 'Buildflow.Api.Controllers.Ticket.TicketController.CreateTicket (Buildflow.Api)'
2025-04-14 11:48:10.120 +05:30  INF  Request finished HTTP/2 POST https://localhost:7199/api/Ticket/createTicket - 200 null text/plain; charset=utf-8 12169.7621ms
2025-04-14 11:48:21.018 +05:30  INF  Request starting HTTP/2 POST https://localhost:7199/api/Login/login - application/json 55
2025-04-14 11:48:21.020 +05:30  INF  CORS policy execution failed.
2025-04-14 11:48:21.020 +05:30  INF  Request origin https://localhost:7199 does not have permission to access the resource.
2025-04-14 11:48:21.022 +05:30  INF  Executing endpoint 'Buildflow.Api.Controllers.Master.LoginController.Login (Buildflow.Api)'
2025-04-14 11:48:21.022 +05:30  INF  Route matched with {action = "Login", controller = "Login"}. Executing controller action with signature System.Threading.Tasks.Task`1[Microsoft.AspNetCore.Mvc.IActionResult] Login(Buildflow.Utility.DTO.LoginRequest) on controller Buildflow.Api.Controllers.Master.LoginController (Buildflow.Api).
2025-04-14 11:48:21.116 +05:30  INF  Executed DbCommand (90ms) [Parameters=[@__email_0='?', @__password_1='?'], CommandType='"Text"', CommandTimeout='30']
SELECT e.emp_id, e.address, e.alternative_phone, e.city, e.country, e.created_at, e.created_by, e.date_of_birth, e.email, e.employee_code, e.first_name, e.hire_date, e.image_url, e.is_active, e.last_name, e.middle_name, e.password, e.phone, e.postal_code, e.state, e.termination_date, e.updated_at, e.updated_by
FROM employee.employee_details AS e
WHERE e.email = @__email_0 AND e.password = @__password_1
LIMIT 1
2025-04-14 11:48:21.118 +05:30  INF  Executing OkObjectResult, writing value of type '<>f__AnonymousType0`1[[System.String, System.Private.CoreLib, Version=8.0.0.0, Culture=neutral, PublicKeyToken=7cec85d7bea7798e]]'.
2025-04-14 11:48:21.118 +05:30  INF  Executed action Buildflow.Api.Controllers.Master.LoginController.Login (Buildflow.Api) in 96.1909ms
2025-04-14 11:48:21.118 +05:30  INF  Executed endpoint 'Buildflow.Api.Controllers.Master.LoginController.Login (Buildflow.Api)'
2025-04-14 11:48:21.119 +05:30  INF  Request finished HTTP/2 POST https://localhost:7199/api/Login/login - 200 null application/json; charset=utf-8 100.7043ms
2025-04-14 11:48:47.897 +05:30  INF  Request starting HTTP/2 GET https://localhost:7199/api/Login/LoginUserDetail - null null
2025-04-14 11:48:47.899 +05:30  INF  Executing endpoint 'Buildflow.Api.Controllers.Master.LoginController.LoginUserDetail (Buildflow.Api)'
2025-04-14 11:48:47.899 +05:30  INF  Route matched with {action = "LoginUserDetail", controller = "Login"}. Executing controller action with signature System.Threading.Tasks.Task`1[Microsoft.AspNetCore.Mvc.IActionResult] LoginUserDetail() on controller Buildflow.Api.Controllers.Master.LoginController (Buildflow.Api).
2025-04-14 11:48:49.434 +05:30  INF  Executing OkObjectResult, writing value of type 'Buildflow.Utility.DTO.LoginEmployeeFullDetailDto'.
2025-04-14 11:48:49.435 +05:30  INF  Executed action Buildflow.Api.Controllers.Master.LoginController.LoginUserDetail (Buildflow.Api) in 1535.7631ms
2025-04-14 11:48:49.435 +05:30  INF  Executed endpoint 'Buildflow.Api.Controllers.Master.LoginController.LoginUserDetail (Buildflow.Api)'
2025-04-14 11:48:49.436 +05:30  INF  Request finished HTTP/2 GET https://localhost:7199/api/Login/LoginUserDetail - 200 null application/json; charset=utf-8 1538.9198ms
2025-04-14 11:53:37.233 +05:30  INF  User profile is available. Using 'C:\Users\muthu\AppData\Local\ASP.NET\DataProtection-Keys' as key repository and Windows DPAPI to encrypt keys at rest.
2025-04-14 11:53:37.501 +05:30  INF  Now listening on: https://localhost:7199
2025-04-14 11:53:37.501 +05:30  INF  Now listening on: http://localhost:5033
2025-04-14 11:53:37.551 +05:30  INF  Application started. Press Ctrl+C to shut down.
2025-04-14 11:53:37.551 +05:30  INF  Hosting environment: Development
2025-04-14 11:53:37.551 +05:30  INF  Content root path: C:\Users\muthu\source\repos\Buildflow.Api\Buildflow.Api
2025-04-14 11:53:38.803 +05:30  INF  Request starting HTTP/2 GET https://localhost:7199/_vs/browserLink - null null
2025-04-14 11:53:38.803 +05:30  INF  Request starting HTTP/2 GET https://localhost:7199/_framework/aspnetcore-browser-refresh.js - null null
2025-04-14 11:53:38.876 +05:30  INF  Request finished HTTP/2 GET https://localhost:7199/_framework/aspnetcore-browser-refresh.js - 200 13762 application/javascript; charset=utf-8 82.747ms
2025-04-14 11:53:38.970 +05:30  INF  Request finished HTTP/2 GET https://localhost:7199/_vs/browserLink - 200 null text/javascript; charset=UTF-8 177.5819ms
2025-04-14 11:53:39.029 +05:30  INF  Request starting HTTP/2 GET https://localhost:7199/swagger/v1/swagger.json - null null
2025-04-14 11:53:39.235 +05:30  INF  Request finished HTTP/2 GET https://localhost:7199/swagger/v1/swagger.json - 200 null application/json;charset=utf-8 205.93ms
2025-04-14 11:53:54.021 +05:30  INF  Request starting HTTP/2 POST https://localhost:7199/api/Login/login - application/json 55
2025-04-14 11:53:54.039 +05:30  INF  CORS policy execution failed.
2025-04-14 11:53:54.040 +05:30  INF  Request origin https://localhost:7199 does not have permission to access the resource.
2025-04-14 11:53:54.272 +05:30  INF  Executing endpoint 'Buildflow.Api.Controllers.Master.LoginController.Login (Buildflow.Api)'
2025-04-14 11:53:54.323 +05:30  INF  Route matched with {action = "Login", controller = "Login"}. Executing controller action with signature System.Threading.Tasks.Task`1[Microsoft.AspNetCore.Mvc.IActionResult] Login(Buildflow.Utility.DTO.LoginRequest) on controller Buildflow.Api.Controllers.Master.LoginController (Buildflow.Api).
2025-04-14 11:54:00.138 +05:30  INF  Executed DbCommand (328ms) [Parameters=[@__email_0='?', @__password_1='?'], CommandType='"Text"', CommandTimeout='30']
SELECT e.emp_id, e.address, e.alternative_phone, e.city, e.country, e.created_at, e.created_by, e.date_of_birth, e.email, e.employee_code, e.first_name, e.hire_date, e.image_url, e.is_active, e.last_name, e.middle_name, e.password, e.phone, e.postal_code, e.state, e.termination_date, e.updated_at, e.updated_by
FROM employee.employee_details AS e
WHERE e.email = @__email_0 AND e.password = @__password_1
LIMIT 1
2025-04-14 11:54:00.704 +05:30  INF  Executing OkObjectResult, writing value of type '<>f__AnonymousType0`1[[System.String, System.Private.CoreLib, Version=8.0.0.0, Culture=neutral, PublicKeyToken=7cec85d7bea7798e]]'.
2025-04-14 11:54:00.717 +05:30  INF  Executed action Buildflow.Api.Controllers.Master.LoginController.Login (Buildflow.Api) in 6387.0529ms
2025-04-14 11:54:00.718 +05:30  INF  Executed endpoint 'Buildflow.Api.Controllers.Master.LoginController.Login (Buildflow.Api)'
2025-04-14 11:54:00.732 +05:30  INF  Request finished HTTP/2 POST https://localhost:7199/api/Login/login - 200 null application/json; charset=utf-8 6728.2656ms
2025-04-14 11:54:13.885 +05:30  INF  Request starting HTTP/2 GET https://localhost:7199/api/Login/LoginUserDetail - null null
2025-04-14 11:54:14.071 +05:30  INF  Executing endpoint 'Buildflow.Api.Controllers.Master.LoginController.LoginUserDetail (Buildflow.Api)'
2025-04-14 11:54:14.082 +05:30  INF  Route matched with {action = "LoginUserDetail", controller = "Login"}. Executing controller action with signature System.Threading.Tasks.Task`1[Microsoft.AspNetCore.Mvc.IActionResult] LoginUserDetail() on controller Buildflow.Api.Controllers.Master.LoginController (Buildflow.Api).
2025-04-14 11:54:14.989 +05:30  INF  Executing OkObjectResult, writing value of type 'Buildflow.Utility.DTO.LoginEmployeeFullDetailDto'.
2025-04-14 11:54:15.024 +05:30  INF  Executed action Buildflow.Api.Controllers.Master.LoginController.LoginUserDetail (Buildflow.Api) in 942.2201ms
2025-04-14 11:54:15.025 +05:30  INF  Executed endpoint 'Buildflow.Api.Controllers.Master.LoginController.LoginUserDetail (Buildflow.Api)'
2025-04-14 11:54:15.026 +05:30  INF  Request finished HTTP/2 GET https://localhost:7199/api/Login/LoginUserDetail - 200 null application/json; charset=utf-8 1142.1789ms
