2025-04-13 11:36:19.236 +05:30  INF  User profile is available. Using 'C:\Users\muthu\AppData\Local\ASP.NET\DataProtection-Keys' as key repository and Windows DPAPI to encrypt keys at rest.
2025-04-13 11:36:19.604 +05:30  INF  Now listening on: https://localhost:7199
2025-04-13 11:36:19.604 +05:30  INF  Now listening on: http://localhost:5033
2025-04-13 11:36:19.652 +05:30  INF  Application started. Press Ctrl+C to shut down.
2025-04-13 11:36:19.652 +05:30  INF  Hosting environment: Development
2025-04-13 11:36:19.652 +05:30  INF  Content root path: C:\Users\muthu\source\repos\Buildflow.Api\Buildflow.Api
2025-04-13 11:36:21.284 +05:30  INF  Request starting HTTP/2 GET https://localhost:7199/_vs/browserLink - null null
2025-04-13 11:36:21.284 +05:30  INF  Request starting HTTP/2 GET https://localhost:7199/_framework/aspnetcore-browser-refresh.js - null null
2025-04-13 11:36:21.404 +05:30  INF  Request finished HTTP/2 GET https://localhost:7199/_framework/aspnetcore-browser-refresh.js - 200 13762 application/javascript; charset=utf-8 130.6688ms
2025-04-13 11:36:21.565 +05:30  INF  Request finished HTTP/2 GET https://localhost:7199/_vs/browserLink - 200 null text/javascript; charset=UTF-8 293.2531ms
2025-04-13 11:36:21.659 +05:30  INF  Request starting HTTP/2 GET https://localhost:7199/swagger/v1/swagger.json - null null
2025-04-13 11:36:21.964 +05:30  INF  Request finished HTTP/2 GET https://localhost:7199/swagger/v1/swagger.json - 200 null application/json;charset=utf-8 305.2174ms
2025-04-13 11:36:41.293 +05:30  INF  Request starting HTTP/2 POST https://localhost:7199/api/Login/login - application/json 55
2025-04-13 11:36:41.309 +05:30  INF  CORS policy execution failed.
2025-04-13 11:36:41.309 +05:30  INF  Request origin https://localhost:7199 does not have permission to access the resource.
2025-04-13 11:36:41.548 +05:30  INF  Executing endpoint 'Buildflow.Api.Controllers.Master.LoginController.Login (Buildflow.Api)'
2025-04-13 11:36:41.624 +05:30  INF  Route matched with {action = "Login", controller = "Login"}. Executing controller action with signature System.Threading.Tasks.Task`1[Microsoft.AspNetCore.Mvc.IActionResult] Login(Buildflow.Utility.DTO.LoginRequest) on controller Buildflow.Api.Controllers.Master.LoginController (Buildflow.Api).
2025-04-13 11:36:47.339 +05:30  INF  Executed DbCommand (283ms) [Parameters=[@__email_0='?', @__password_1='?'], CommandType='"Text"', CommandTimeout='30']
SELECT e.emp_id, e.address, e.alternative_phone, e.city, e.country, e.created_at, e.created_by, e.date_of_birth, e.email, e.employee_code, e.first_name, e.hire_date, e.image_url, e.is_active, e.last_name, e.middle_name, e.password, e.phone, e.postal_code, e.state, e.termination_date, e.updated_at, e.updated_by
FROM employee.employee_details AS e
WHERE e.email = @__email_0 AND e.password = @__password_1
LIMIT 1
2025-04-13 11:36:47.822 +05:30  INF  Executing OkObjectResult, writing value of type '<>f__AnonymousType0`1[[System.String, System.Private.CoreLib, Version=8.0.0.0, Culture=neutral, PublicKeyToken=7cec85d7bea7798e]]'.
2025-04-13 11:36:47.838 +05:30  INF  Executed action Buildflow.Api.Controllers.Master.LoginController.Login (Buildflow.Api) in 6203.5953ms
2025-04-13 11:36:47.839 +05:30  INF  Executed endpoint 'Buildflow.Api.Controllers.Master.LoginController.Login (Buildflow.Api)'
2025-04-13 11:36:47.851 +05:30  INF  Request finished HTTP/2 POST https://localhost:7199/api/Login/login - 200 null application/json; charset=utf-8 6557.6598ms
2025-04-13 11:37:25.016 +05:30  INF  Request starting HTTP/2 POST https://localhost:7199/api/Project/createProject - application/json 204
2025-04-13 11:37:25.024 +05:30  INF  CORS policy execution failed.
2025-04-13 11:37:25.024 +05:30  INF  Request origin https://localhost:7199 does not have permission to access the resource.
2025-04-13 11:37:25.146 +05:30  INF  Executing endpoint 'Buildflow.Api.Controllers.Project.ProjectController.AddProject (Buildflow.Api)'
2025-04-13 11:37:25.157 +05:30  INF  Route matched with {action = "AddProject", controller = "Project"}. Executing controller action with signature System.Threading.Tasks.Task`1[Microsoft.AspNetCore.Mvc.IActionResult] AddProject(Buildflow.Utility.DTO.ProjectInput) on controller Buildflow.Api.Controllers.Project.ProjectController (Buildflow.Api).
2025-04-13 11:37:31.336 +05:30  INF  Executed DbCommand (176ms) [Parameters=[@p0='?', @p1='?' (DbType = DateTime), @p2='?' (DbType = Int32), @p3='?', @p4='?', @p5='?' (DbType = Date), @p6='?', @p7='?', @p8='?' (DbType = Int32), @p9='?' (DbType = Date), @p10='?', @p11='?' (DbType = Decimal), @p12='?' (DbType = Int32), @p13='?' (DbType = Int32)], CommandType='"Text"', CommandTimeout='30']
INSERT INTO project.project (client_name, created_at, created_by, project_code, project_description, project_end_date, project_name, project_priority, project_sector_id, project_start_date, project_status, project_total_budget, project_type_id, updated_by)
VALUES (@p0, @p1, @p2, @p3, @p4, @p5, @p6, @p7, @p8, @p9, @p10, @p11, @p12, @p13)
RETURNING project_id, is_active, project_actual_cost, updated_at;
2025-04-13 11:37:31.418 +05:30  INF  Executing OkObjectResult, writing value of type 'Buildflow.Infrastructure.Entities.Project'.
2025-04-13 11:37:31.470 +05:30  INF  Executed action Buildflow.Api.Controllers.Project.ProjectController.AddProject (Buildflow.Api) in 6312.6626ms
2025-04-13 11:37:31.471 +05:30  INF  Executed endpoint 'Buildflow.Api.Controllers.Project.ProjectController.AddProject (Buildflow.Api)'
2025-04-13 11:37:31.471 +05:30  INF  Request finished HTTP/2 POST https://localhost:7199/api/Project/createProject - 200 null application/json; charset=utf-8 6459.0375ms
2025-04-13 11:46:03.241 +05:30  INF  User profile is available. Using 'C:\Users\muthu\AppData\Local\ASP.NET\DataProtection-Keys' as key repository and Windows DPAPI to encrypt keys at rest.
2025-04-13 11:46:03.595 +05:30  INF  Now listening on: https://localhost:7199
2025-04-13 11:46:03.596 +05:30  INF  Now listening on: http://localhost:5033
2025-04-13 11:46:03.634 +05:30  INF  Application started. Press Ctrl+C to shut down.
2025-04-13 11:46:03.634 +05:30  INF  Hosting environment: Development
2025-04-13 11:46:03.635 +05:30  INF  Content root path: C:\Users\muthu\source\repos\Buildflow.Api\Buildflow.Api
2025-04-13 11:46:05.051 +05:30  INF  Request starting HTTP/2 GET https://localhost:7199/_framework/aspnetcore-browser-refresh.js - null null
2025-04-13 11:46:05.055 +05:30  INF  Request starting HTTP/2 GET https://localhost:7199/_vs/browserLink - null null
2025-04-13 11:46:05.149 +05:30  INF  Request finished HTTP/2 GET https://localhost:7199/_framework/aspnetcore-browser-refresh.js - 200 13762 application/javascript; charset=utf-8 106.9531ms
2025-04-13 11:46:05.377 +05:30  INF  Request finished HTTP/2 GET https://localhost:7199/_vs/browserLink - 200 null text/javascript; charset=UTF-8 322.3924ms
2025-04-13 11:46:05.665 +05:30  INF  Request starting HTTP/2 GET https://localhost:7199/swagger/v1/swagger.json - null null
2025-04-13 11:46:05.926 +05:30  INF  Request finished HTTP/2 GET https://localhost:7199/swagger/v1/swagger.json - 200 null application/json;charset=utf-8 260.9045ms
2025-04-13 11:47:30.833 +05:30  INF  User profile is available. Using 'C:\Users\muthu\AppData\Local\ASP.NET\DataProtection-Keys' as key repository and Windows DPAPI to encrypt keys at rest.
2025-04-13 11:47:31.016 +05:30  INF  Now listening on: https://localhost:7199
2025-04-13 11:47:31.016 +05:30  INF  Now listening on: http://localhost:5033
2025-04-13 11:47:31.074 +05:30  INF  Application started. Press Ctrl+C to shut down.
2025-04-13 11:47:31.075 +05:30  INF  Hosting environment: Development
2025-04-13 11:47:31.075 +05:30  INF  Content root path: C:\Users\muthu\source\repos\Buildflow.Api\Buildflow.Api
2025-04-13 11:47:31.729 +05:30  INF  Request starting HTTP/2 GET https://localhost:7199/_vs/browserLink - null null
2025-04-13 11:47:31.729 +05:30  INF  Request starting HTTP/2 GET https://localhost:7199/_framework/aspnetcore-browser-refresh.js - null null
2025-04-13 11:47:31.780 +05:30  INF  Request finished HTTP/2 GET https://localhost:7199/_framework/aspnetcore-browser-refresh.js - 200 13762 application/javascript; charset=utf-8 57.1333ms
2025-04-13 11:47:31.844 +05:30  INF  Request finished HTTP/2 GET https://localhost:7199/_vs/browserLink - 200 null text/javascript; charset=UTF-8 123.176ms
2025-04-13 11:47:31.880 +05:30  INF  Request starting HTTP/2 GET https://localhost:7199/swagger/v1/swagger.json - null null
2025-04-13 11:47:31.994 +05:30  INF  Request finished HTTP/2 GET https://localhost:7199/swagger/v1/swagger.json - 200 null application/json;charset=utf-8 114.3417ms
2025-04-13 11:47:55.915 +05:30  INF  Request starting HTTP/2 POST https://localhost:7199/api/Login/login - application/json 55
2025-04-13 11:47:55.934 +05:30  INF  CORS policy execution failed.
2025-04-13 11:47:55.935 +05:30  INF  Request origin https://localhost:7199 does not have permission to access the resource.
2025-04-13 11:47:56.144 +05:30  INF  Executing endpoint 'Buildflow.Api.Controllers.Master.LoginController.Login (Buildflow.Api)'
2025-04-13 11:47:56.217 +05:30  INF  Route matched with {action = "Login", controller = "Login"}. Executing controller action with signature System.Threading.Tasks.Task`1[Microsoft.AspNetCore.Mvc.IActionResult] Login(Buildflow.Utility.DTO.LoginRequest) on controller Buildflow.Api.Controllers.Master.LoginController (Buildflow.Api).
2025-04-13 11:48:02.762 +05:30  INF  Executed DbCommand (363ms) [Parameters=[@__email_0='?', @__password_1='?'], CommandType='"Text"', CommandTimeout='30']
SELECT e.emp_id, e.address, e.alternative_phone, e.city, e.country, e.created_at, e.created_by, e.date_of_birth, e.email, e.employee_code, e.first_name, e.hire_date, e.image_url, e.is_active, e.last_name, e.middle_name, e.password, e.phone, e.postal_code, e.state, e.termination_date, e.updated_at, e.updated_by
FROM employee.employee_details AS e
WHERE e.email = @__email_0 AND e.password = @__password_1
LIMIT 1
2025-04-13 11:48:03.281 +05:30  INF  Executing OkObjectResult, writing value of type '<>f__AnonymousType0`1[[System.String, System.Private.CoreLib, Version=8.0.0.0, Culture=neutral, PublicKeyToken=7cec85d7bea7798e]]'.
2025-04-13 11:48:03.303 +05:30  INF  Executed action Buildflow.Api.Controllers.Master.LoginController.Login (Buildflow.Api) in 7075.6569ms
2025-04-13 11:48:03.305 +05:30  INF  Executed endpoint 'Buildflow.Api.Controllers.Master.LoginController.Login (Buildflow.Api)'
2025-04-13 11:48:03.321 +05:30  INF  Request finished HTTP/2 POST https://localhost:7199/api/Login/login - 200 null application/json; charset=utf-8 7405.7582ms
2025-04-13 11:48:52.474 +05:30  INF  User profile is available. Using 'C:\Users\muthu\AppData\Local\ASP.NET\DataProtection-Keys' as key repository and Windows DPAPI to encrypt keys at rest.
2025-04-13 11:48:52.750 +05:30  INF  Now listening on: https://localhost:7199
2025-04-13 11:48:52.750 +05:30  INF  Now listening on: http://localhost:5033
2025-04-13 11:48:52.825 +05:30  INF  Application started. Press Ctrl+C to shut down.
2025-04-13 11:48:52.825 +05:30  INF  Hosting environment: Development
2025-04-13 11:48:52.826 +05:30  INF  Content root path: C:\Users\muthu\source\repos\Buildflow.Api\Buildflow.Api
2025-04-13 11:48:53.667 +05:30  INF  Request starting HTTP/2 GET https://localhost:7199/_framework/aspnetcore-browser-refresh.js - null null
2025-04-13 11:48:53.667 +05:30  INF  Request starting HTTP/2 GET https://localhost:7199/_vs/browserLink - null null
2025-04-13 11:48:53.711 +05:30  INF  Request finished HTTP/2 GET https://localhost:7199/_framework/aspnetcore-browser-refresh.js - 200 13762 application/javascript; charset=utf-8 50.7133ms
2025-04-13 11:48:53.751 +05:30  INF  Request finished HTTP/2 GET https://localhost:7199/_vs/browserLink - 200 null text/javascript; charset=UTF-8 91.7578ms
2025-04-13 11:48:53.801 +05:30  INF  Request starting HTTP/2 GET https://localhost:7199/swagger/v1/swagger.json - null null
2025-04-13 11:48:53.918 +05:30  INF  Request finished HTTP/2 GET https://localhost:7199/swagger/v1/swagger.json - 200 null application/json;charset=utf-8 117.0272ms
2025-04-13 11:49:12.292 +05:30  INF  Request starting HTTP/2 POST https://localhost:7199/api/Login/login - application/json 55
2025-04-13 11:49:12.316 +05:30  INF  CORS policy execution failed.
2025-04-13 11:49:12.317 +05:30  INF  Request origin https://localhost:7199 does not have permission to access the resource.
2025-04-13 11:49:12.523 +05:30  INF  Executing endpoint 'Buildflow.Api.Controllers.Master.LoginController.Login (Buildflow.Api)'
2025-04-13 11:49:12.571 +05:30  INF  Route matched with {action = "Login", controller = "Login"}. Executing controller action with signature System.Threading.Tasks.Task`1[Microsoft.AspNetCore.Mvc.IActionResult] Login(Buildflow.Utility.DTO.LoginRequest) on controller Buildflow.Api.Controllers.Master.LoginController (Buildflow.Api).
2025-04-13 11:49:18.233 +05:30  INF  Executed DbCommand (340ms) [Parameters=[@__email_0='?', @__password_1='?'], CommandType='"Text"', CommandTimeout='30']
SELECT e.emp_id, e.address, e.alternative_phone, e.city, e.country, e.created_at, e.created_by, e.date_of_birth, e.email, e.employee_code, e.first_name, e.hire_date, e.image_url, e.is_active, e.last_name, e.middle_name, e.password, e.phone, e.postal_code, e.state, e.termination_date, e.updated_at, e.updated_by
FROM employee.employee_details AS e
WHERE e.email = @__email_0 AND e.password = @__password_1
LIMIT 1
2025-04-13 11:49:18.713 +05:30  INF  Executing OkObjectResult, writing value of type '<>f__AnonymousType0`1[[System.String, System.Private.CoreLib, Version=8.0.0.0, Culture=neutral, PublicKeyToken=7cec85d7bea7798e]]'.
2025-04-13 11:49:18.731 +05:30  INF  Executed action Buildflow.Api.Controllers.Master.LoginController.Login (Buildflow.Api) in 6153.2062ms
2025-04-13 11:49:18.732 +05:30  INF  Executed endpoint 'Buildflow.Api.Controllers.Master.LoginController.Login (Buildflow.Api)'
2025-04-13 11:49:18.744 +05:30  INF  Request finished HTTP/2 POST https://localhost:7199/api/Login/login - 200 null application/json; charset=utf-8 6452.0646ms
2025-04-13 11:49:49.468 +05:30  INF  Request starting HTTP/2 POST https://localhost:7199/api/Project/createProject - application/json 180
2025-04-13 11:49:49.476 +05:30  INF  CORS policy execution failed.
2025-04-13 11:49:49.477 +05:30  INF  Request origin https://localhost:7199 does not have permission to access the resource.
2025-04-13 11:49:49.629 +05:30  INF  Executing endpoint 'Buildflow.Api.Controllers.Project.ProjectController.AddProject (Buildflow.Api)'
2025-04-13 11:49:49.641 +05:30  INF  Route matched with {action = "AddProject", controller = "Project"}. Executing controller action with signature System.Threading.Tasks.Task`1[Microsoft.AspNetCore.Mvc.IActionResult] AddProject(Buildflow.Utility.DTO.ProjectInput) on controller Buildflow.Api.Controllers.Project.ProjectController (Buildflow.Api).
2025-04-13 11:49:55.776 +05:30  INF  Executing ObjectResult, writing value of type 'System.String'.
2025-04-13 11:49:55.776 +05:30  INF  Executed action Buildflow.Api.Controllers.Project.ProjectController.AddProject (Buildflow.Api) in 6135.1185ms
2025-04-13 11:49:55.776 +05:30  INF  Executed endpoint 'Buildflow.Api.Controllers.Project.ProjectController.AddProject (Buildflow.Api)'
2025-04-13 11:49:55.776 +05:30  INF  Request finished HTTP/2 POST https://localhost:7199/api/Project/createProject - 500 null text/plain; charset=utf-8 6310.3824ms
2025-04-13 11:51:45.717 +05:30  INF  User profile is available. Using 'C:\Users\muthu\AppData\Local\ASP.NET\DataProtection-Keys' as key repository and Windows DPAPI to encrypt keys at rest.
2025-04-13 11:51:45.944 +05:30  INF  Now listening on: https://localhost:7199
2025-04-13 11:51:45.944 +05:30  INF  Now listening on: http://localhost:5033
2025-04-13 11:51:45.973 +05:30  INF  Application started. Press Ctrl+C to shut down.
2025-04-13 11:51:45.973 +05:30  INF  Hosting environment: Development
2025-04-13 11:51:45.973 +05:30  INF  Content root path: C:\Users\muthu\source\repos\Buildflow.Api\Buildflow.Api
2025-04-13 11:51:47.051 +05:30  INF  Request starting HTTP/2 GET https://localhost:7199/_vs/browserLink - null null
2025-04-13 11:51:47.051 +05:30  INF  Request starting HTTP/2 GET https://localhost:7199/_framework/aspnetcore-browser-refresh.js - null null
2025-04-13 11:51:47.101 +05:30  INF  Request finished HTTP/2 GET https://localhost:7199/_framework/aspnetcore-browser-refresh.js - 200 13762 application/javascript; charset=utf-8 54.425ms
2025-04-13 11:51:47.171 +05:30  INF  Request finished HTTP/2 GET https://localhost:7199/_vs/browserLink - 200 null text/javascript; charset=UTF-8 126.0248ms
2025-04-13 11:51:47.221 +05:30  INF  Request starting HTTP/2 GET https://localhost:7199/swagger/v1/swagger.json - null null
2025-04-13 11:51:47.344 +05:30  INF  Request finished HTTP/2 GET https://localhost:7199/swagger/v1/swagger.json - 200 null application/json;charset=utf-8 123.8711ms
2025-04-13 11:52:02.596 +05:30  INF  Request starting HTTP/2 POST https://localhost:7199/api/Login/login - application/json 55
2025-04-13 11:52:02.615 +05:30  INF  CORS policy execution failed.
2025-04-13 11:52:02.616 +05:30  INF  Request origin https://localhost:7199 does not have permission to access the resource.
2025-04-13 11:52:02.822 +05:30  INF  Executing endpoint 'Buildflow.Api.Controllers.Master.LoginController.Login (Buildflow.Api)'
2025-04-13 11:52:02.872 +05:30  INF  Route matched with {action = "Login", controller = "Login"}. Executing controller action with signature System.Threading.Tasks.Task`1[Microsoft.AspNetCore.Mvc.IActionResult] Login(Buildflow.Utility.DTO.LoginRequest) on controller Buildflow.Api.Controllers.Master.LoginController (Buildflow.Api).
2025-04-13 11:52:09.041 +05:30  INF  Executed DbCommand (298ms) [Parameters=[@__email_0='?', @__password_1='?'], CommandType='"Text"', CommandTimeout='30']
SELECT e.emp_id, e.address, e.alternative_phone, e.city, e.country, e.created_at, e.created_by, e.date_of_birth, e.email, e.employee_code, e.first_name, e.hire_date, e.image_url, e.is_active, e.last_name, e.middle_name, e.password, e.phone, e.postal_code, e.state, e.termination_date, e.updated_at, e.updated_by
FROM employee.employee_details AS e
WHERE e.email = @__email_0 AND e.password = @__password_1
LIMIT 1
2025-04-13 11:52:09.538 +05:30  INF  Executing OkObjectResult, writing value of type '<>f__AnonymousType0`1[[System.String, System.Private.CoreLib, Version=8.0.0.0, Culture=neutral, PublicKeyToken=7cec85d7bea7798e]]'.
2025-04-13 11:52:09.551 +05:30  INF  Executed action Buildflow.Api.Controllers.Master.LoginController.Login (Buildflow.Api) in 6672.3366ms
2025-04-13 11:52:09.553 +05:30  INF  Executed endpoint 'Buildflow.Api.Controllers.Master.LoginController.Login (Buildflow.Api)'
2025-04-13 11:52:09.564 +05:30  INF  Request finished HTTP/2 POST https://localhost:7199/api/Login/login - 200 null application/json; charset=utf-8 6970.0064ms
2025-04-13 11:52:34.868 +05:30  INF  Request starting HTTP/2 POST https://localhost:7199/api/Project/createProject - application/json 180
2025-04-13 11:52:34.925 +05:30  INF  CORS policy execution failed.
2025-04-13 11:52:34.929 +05:30  INF  Request origin https://localhost:7199 does not have permission to access the resource.
2025-04-13 11:52:35.062 +05:30  INF  Executing endpoint 'Buildflow.Api.Controllers.Project.ProjectController.AddProject (Buildflow.Api)'
2025-04-13 11:52:35.072 +05:30  INF  Route matched with {action = "AddProject", controller = "Project"}. Executing controller action with signature System.Threading.Tasks.Task`1[Microsoft.AspNetCore.Mvc.IActionResult] AddProject(Buildflow.Utility.DTO.ProjectInput) on controller Buildflow.Api.Controllers.Project.ProjectController (Buildflow.Api).
2025-04-13 11:52:39.017 +05:30  INF  Executed DbCommand (153ms) [Parameters=[@p0='?', @p1='?' (DbType = DateTime), @p2='?' (DbType = Int32), @p3='?', @p4='?', @p5='?' (DbType = Date), @p6='?', @p7='?', @p8='?' (DbType = Int32), @p9='?' (DbType = Date), @p10='?', @p11='?' (DbType = Decimal), @p12='?' (DbType = Int32), @p13='?' (DbType = Int32)], CommandType='"Text"', CommandTimeout='30']
INSERT INTO project.project (client_name, created_at, created_by, project_code, project_description, project_end_date, project_name, project_priority, project_sector_id, project_start_date, project_status, project_total_budget, project_type_id, updated_by)
VALUES (@p0, @p1, @p2, @p3, @p4, @p5, @p6, @p7, @p8, @p9, @p10, @p11, @p12, @p13)
RETURNING project_id, is_active, project_actual_cost, updated_at;
2025-04-13 11:52:39.418 +05:30  INF  Executed DbCommand (277ms) [Parameters=[@p17='?' (DbType = Int32), @p0='?', @p1='?' (DbType = DateTime), @p2='?' (DbType = Int32), @p3='?' (DbType = Boolean), @p4='?' (DbType = Decimal), @p5='?', @p6='?', @p7='?' (DbType = Date), @p8='?', @p9='?', @p10='?' (DbType = Int32), @p11='?' (DbType = Date), @p12='?', @p13='?' (DbType = Decimal), @p14='?' (DbType = Int32), @p15='?' (DbType = DateTime), @p16='?' (DbType = Int32)], CommandType='"Text"', CommandTimeout='30']
UPDATE project.project SET client_name = @p0, created_at = @p1, created_by = @p2, is_active = @p3, project_actual_cost = @p4, project_code = @p5, project_description = @p6, project_end_date = @p7, project_name = @p8, project_priority = @p9, project_sector_id = @p10, project_start_date = @p11, project_status = @p12, project_total_budget = @p13, project_type_id = @p14, updated_at = @p15, updated_by = @p16
WHERE project_id = @p17;
2025-04-13 11:52:44.558 +05:30  INF  Executing OkObjectResult, writing value of type 'Buildflow.Infrastructure.Entities.Project'.
2025-04-13 11:52:44.596 +05:30  INF  Executed action Buildflow.Api.Controllers.Project.ProjectController.AddProject (Buildflow.Api) in 9523.6918ms
2025-04-13 11:52:44.597 +05:30  INF  Executed endpoint 'Buildflow.Api.Controllers.Project.ProjectController.AddProject (Buildflow.Api)'
2025-04-13 11:52:44.597 +05:30  INF  Request finished HTTP/2 POST https://localhost:7199/api/Project/createProject - 200 null application/json; charset=utf-8 9728.8343ms
2025-04-13 12:05:51.402 +05:30  INF  User profile is available. Using 'C:\Users\muthu\AppData\Local\ASP.NET\DataProtection-Keys' as key repository and Windows DPAPI to encrypt keys at rest.
2025-04-13 12:05:51.912 +05:30  INF  Now listening on: https://localhost:7199
2025-04-13 12:05:51.914 +05:30  INF  Now listening on: http://localhost:5033
2025-04-13 12:05:51.977 +05:30  INF  Application started. Press Ctrl+C to shut down.
2025-04-13 12:05:51.978 +05:30  INF  Hosting environment: Development
2025-04-13 12:05:51.978 +05:30  INF  Content root path: C:\Users\muthu\source\repos\Buildflow.Api\Buildflow.Api
2025-04-13 12:05:53.011 +05:30  INF  Request starting HTTP/2 GET https://localhost:7199/_vs/browserLink - null null
2025-04-13 12:05:53.014 +05:30  INF  Request starting HTTP/2 GET https://localhost:7199/_framework/aspnetcore-browser-refresh.js - null null
2025-04-13 12:05:53.102 +05:30  INF  Request finished HTTP/2 GET https://localhost:7199/_framework/aspnetcore-browser-refresh.js - 200 13762 application/javascript; charset=utf-8 87.9302ms
2025-04-13 12:05:53.231 +05:30  INF  Request finished HTTP/2 GET https://localhost:7199/_vs/browserLink - 200 null text/javascript; charset=UTF-8 223.9939ms
2025-04-13 12:05:53.326 +05:30  INF  Request starting HTTP/2 GET https://localhost:7199/swagger/v1/swagger.json - null null
2025-04-13 12:05:53.833 +05:30  INF  Request finished HTTP/2 GET https://localhost:7199/swagger/v1/swagger.json - 200 null application/json;charset=utf-8 507.7082ms
2025-04-13 12:06:31.785 +05:30  INF  Request starting HTTP/2 GET https://localhost:7199/api/Project/getProjectTypesAndProjectSectors - null null
2025-04-13 12:06:32.081 +05:30  INF  Executing endpoint 'Buildflow.Api.Controllers.Project.ProjectController.GetProjectTypeAndSector (Buildflow.Api)'
2025-04-13 12:06:32.167 +05:30  INF  Route matched with {action = "GetProjectTypeAndSector", controller = "Project"}. Executing controller action with signature System.Threading.Tasks.Task`1[Microsoft.AspNetCore.Mvc.IActionResult] GetProjectTypeAndSector() on controller Buildflow.Api.Controllers.Project.ProjectController (Buildflow.Api).
2025-04-13 12:06:32.193 +05:30  INF  Authorization failed. These requirements were not met:
DenyAnonymousAuthorizationRequirement: Requires an authenticated user.
2025-04-13 12:06:32.196 +05:30  INF  Authorization failed for the request at filter 'Microsoft.AspNetCore.Mvc.Authorization.AuthorizeFilter'.
2025-04-13 12:06:32.201 +05:30  INF  Executing ChallengeResult with authentication schemes ([]).
2025-04-13 12:06:32.210 +05:30  INF  AuthenticationScheme: Bearer was challenged.
2025-04-13 12:06:32.218 +05:30  INF  Executed action Buildflow.Api.Controllers.Project.ProjectController.GetProjectTypeAndSector (Buildflow.Api) in 42.3556ms
2025-04-13 12:06:32.218 +05:30  INF  Executed endpoint 'Buildflow.Api.Controllers.Project.ProjectController.GetProjectTypeAndSector (Buildflow.Api)'
2025-04-13 12:06:32.219 +05:30  INF  Request finished HTTP/2 GET https://localhost:7199/api/Project/getProjectTypesAndProjectSectors - 401 0 null 433.8371ms
2025-04-13 12:06:48.184 +05:30  INF  Request starting HTTP/2 POST https://localhost:7199/api/Login/login - application/json 55
2025-04-13 12:06:48.213 +05:30  INF  CORS policy execution failed.
2025-04-13 12:06:48.214 +05:30  INF  Request origin https://localhost:7199 does not have permission to access the resource.
2025-04-13 12:06:48.228 +05:30  INF  Executing endpoint 'Buildflow.Api.Controllers.Master.LoginController.Login (Buildflow.Api)'
2025-04-13 12:06:48.265 +05:30  INF  Route matched with {action = "Login", controller = "Login"}. Executing controller action with signature System.Threading.Tasks.Task`1[Microsoft.AspNetCore.Mvc.IActionResult] Login(Buildflow.Utility.DTO.LoginRequest) on controller Buildflow.Api.Controllers.Master.LoginController (Buildflow.Api).
2025-04-13 12:06:54.601 +05:30  INF  Executed DbCommand (442ms) [Parameters=[@__email_0='?', @__password_1='?'], CommandType='"Text"', CommandTimeout='30']
SELECT e.emp_id, e.address, e.alternative_phone, e.city, e.country, e.created_at, e.created_by, e.date_of_birth, e.email, e.employee_code, e.first_name, e.hire_date, e.image_url, e.is_active, e.last_name, e.middle_name, e.password, e.phone, e.postal_code, e.state, e.termination_date, e.updated_at, e.updated_by
FROM employee.employee_details AS e
WHERE e.email = @__email_0 AND e.password = @__password_1
LIMIT 1
2025-04-13 12:06:55.119 +05:30  INF  Executing OkObjectResult, writing value of type '<>f__AnonymousType0`1[[System.String, System.Private.CoreLib, Version=8.0.0.0, Culture=neutral, PublicKeyToken=7cec85d7bea7798e]]'.
2025-04-13 12:06:55.131 +05:30  INF  Executed action Buildflow.Api.Controllers.Master.LoginController.Login (Buildflow.Api) in 6866.2301ms
2025-04-13 12:06:55.133 +05:30  INF  Executed endpoint 'Buildflow.Api.Controllers.Master.LoginController.Login (Buildflow.Api)'
2025-04-13 12:06:55.148 +05:30  INF  Request finished HTTP/2 POST https://localhost:7199/api/Login/login - 200 null application/json; charset=utf-8 6964.212ms
2025-04-13 12:08:48.185 +05:30  INF  Request starting HTTP/2 POST https://localhost:7199/api/Project/addProjectMilestone - application/json 465
2025-04-13 12:08:48.215 +05:30  INF  CORS policy execution failed.
2025-04-13 12:08:48.216 +05:30  INF  Request origin https://localhost:7199 does not have permission to access the resource.
2025-04-13 12:08:48.362 +05:30  INF  Executing endpoint 'Buildflow.Api.Controllers.Project.ProjectController.AddMilestone (Buildflow.Api)'
2025-04-13 12:08:48.377 +05:30  INF  Route matched with {action = "AddMilestone", controller = "Project"}. Executing controller action with signature System.Threading.Tasks.Task`1[Microsoft.AspNetCore.Mvc.IActionResult] AddMilestone(Buildflow.Utility.DTO.ProjectMilestoneInputDto) on controller Buildflow.Api.Controllers.Project.ProjectController (Buildflow.Api).
2025-04-13 12:08:48.567 +05:30  INF  Executing BadRequestObjectResult, writing value of type 'Microsoft.AspNetCore.Mvc.ValidationProblemDetails'.
2025-04-13 12:08:48.622 +05:30  INF  Executed action Buildflow.Api.Controllers.Project.ProjectController.AddMilestone (Buildflow.Api) in 244.9379ms
2025-04-13 12:08:48.623 +05:30  INF  Executed endpoint 'Buildflow.Api.Controllers.Project.ProjectController.AddMilestone (Buildflow.Api)'
2025-04-13 12:08:48.623 +05:30  INF  Request finished HTTP/2 POST https://localhost:7199/api/Project/addProjectMilestone - 400 null application/problem+json; charset=utf-8 439.1942ms
2025-04-13 12:10:23.506 +05:30  INF  User profile is available. Using 'C:\Users\muthu\AppData\Local\ASP.NET\DataProtection-Keys' as key repository and Windows DPAPI to encrypt keys at rest.
2025-04-13 12:10:23.791 +05:30  INF  Now listening on: https://localhost:7199
2025-04-13 12:10:23.792 +05:30  INF  Now listening on: http://localhost:5033
2025-04-13 12:10:23.827 +05:30  INF  Application started. Press Ctrl+C to shut down.
2025-04-13 12:10:23.827 +05:30  INF  Hosting environment: Development
2025-04-13 12:10:23.827 +05:30  INF  Content root path: C:\Users\muthu\source\repos\Buildflow.Api\Buildflow.Api
2025-04-13 12:10:24.426 +05:30  INF  Request starting HTTP/2 GET https://localhost:7199/_vs/browserLink - null null
2025-04-13 12:10:24.426 +05:30  INF  Request starting HTTP/2 GET https://localhost:7199/_framework/aspnetcore-browser-refresh.js - null null
2025-04-13 12:10:24.486 +05:30  INF  Request finished HTTP/2 GET https://localhost:7199/_framework/aspnetcore-browser-refresh.js - 200 13762 application/javascript; charset=utf-8 66.8256ms
2025-04-13 12:10:24.598 +05:30  INF  Request finished HTTP/2 GET https://localhost:7199/_vs/browserLink - 200 null text/javascript; charset=UTF-8 181.3088ms
2025-04-13 12:10:24.700 +05:30  INF  Request starting HTTP/2 GET https://localhost:7199/swagger/v1/swagger.json - null null
2025-04-13 12:10:25.125 +05:30  INF  Request finished HTTP/2 GET https://localhost:7199/swagger/v1/swagger.json - 200 null application/json;charset=utf-8 425.4329ms
2025-04-13 12:10:52.267 +05:30  INF  Request starting HTTP/2 POST https://localhost:7199/api/Login/login - application/json 55
2025-04-13 12:10:52.283 +05:30  INF  CORS policy execution failed.
2025-04-13 12:10:52.284 +05:30  INF  Request origin https://localhost:7199 does not have permission to access the resource.
2025-04-13 12:10:52.497 +05:30  INF  Executing endpoint 'Buildflow.Api.Controllers.Master.LoginController.Login (Buildflow.Api)'
2025-04-13 12:10:52.562 +05:30  INF  Route matched with {action = "Login", controller = "Login"}. Executing controller action with signature System.Threading.Tasks.Task`1[Microsoft.AspNetCore.Mvc.IActionResult] Login(Buildflow.Utility.DTO.LoginRequest) on controller Buildflow.Api.Controllers.Master.LoginController (Buildflow.Api).
2025-04-13 12:10:59.396 +05:30  INF  Executed DbCommand (431ms) [Parameters=[@__email_0='?', @__password_1='?'], CommandType='"Text"', CommandTimeout='30']
SELECT e.emp_id, e.address, e.alternative_phone, e.city, e.country, e.created_at, e.created_by, e.date_of_birth, e.email, e.employee_code, e.first_name, e.hire_date, e.image_url, e.is_active, e.last_name, e.middle_name, e.password, e.phone, e.postal_code, e.state, e.termination_date, e.updated_at, e.updated_by
FROM employee.employee_details AS e
WHERE e.email = @__email_0 AND e.password = @__password_1
LIMIT 1
2025-04-13 12:11:00.078 +05:30  INF  Executing OkObjectResult, writing value of type '<>f__AnonymousType0`1[[System.String, System.Private.CoreLib, Version=8.0.0.0, Culture=neutral, PublicKeyToken=7cec85d7bea7798e]]'.
2025-04-13 12:11:00.093 +05:30  INF  Executed action Buildflow.Api.Controllers.Master.LoginController.Login (Buildflow.Api) in 7521.2008ms
2025-04-13 12:11:00.096 +05:30  INF  Executed endpoint 'Buildflow.Api.Controllers.Master.LoginController.Login (Buildflow.Api)'
2025-04-13 12:11:00.110 +05:30  INF  Request finished HTTP/2 POST https://localhost:7199/api/Login/login - 200 null application/json; charset=utf-8 7843.2788ms
2025-04-13 12:11:40.104 +05:30  INF  Request starting HTTP/2 POST https://localhost:7199/api/Project/addProjectMilestone - application/json 465
2025-04-13 12:11:40.112 +05:30  INF  CORS policy execution failed.
2025-04-13 12:11:40.112 +05:30  INF  Request origin https://localhost:7199 does not have permission to access the resource.
2025-04-13 12:11:40.247 +05:30  INF  Executing endpoint 'Buildflow.Api.Controllers.Project.ProjectController.AddMilestone (Buildflow.Api)'
2025-04-13 12:11:40.260 +05:30  INF  Route matched with {action = "AddMilestone", controller = "Project"}. Executing controller action with signature System.Threading.Tasks.Task`1[Microsoft.AspNetCore.Mvc.IActionResult] AddMilestone(Buildflow.Utility.DTO.ProjectMilestoneInputDto) on controller Buildflow.Api.Controllers.Project.ProjectController (Buildflow.Api).
2025-04-13 12:11:40.438 +05:30  INF  Executing BadRequestObjectResult, writing value of type 'Microsoft.AspNetCore.Mvc.ValidationProblemDetails'.
2025-04-13 12:11:40.488 +05:30  INF  Executed action Buildflow.Api.Controllers.Project.ProjectController.AddMilestone (Buildflow.Api) in 227.3049ms
2025-04-13 12:11:40.488 +05:30  INF  Executed endpoint 'Buildflow.Api.Controllers.Project.ProjectController.AddMilestone (Buildflow.Api)'
2025-04-13 12:11:40.489 +05:30  INF  Request finished HTTP/2 POST https://localhost:7199/api/Project/addProjectMilestone - 400 null application/problem+json; charset=utf-8 384.583ms
2025-04-13 12:13:44.184 +05:30  INF  Request starting HTTP/2 POST https://localhost:7199/api/Project/addProjectMilestone - application/json 554
2025-04-13 12:13:44.194 +05:30  INF  CORS policy execution failed.
2025-04-13 12:13:44.194 +05:30  INF  Request origin https://localhost:7199 does not have permission to access the resource.
2025-04-13 12:13:44.229 +05:30  INF  Executing endpoint 'Buildflow.Api.Controllers.Project.ProjectController.AddMilestone (Buildflow.Api)'
2025-04-13 12:13:44.229 +05:30  INF  Route matched with {action = "AddMilestone", controller = "Project"}. Executing controller action with signature System.Threading.Tasks.Task`1[Microsoft.AspNetCore.Mvc.IActionResult] AddMilestone(Buildflow.Utility.DTO.ProjectMilestoneInputDto) on controller Buildflow.Api.Controllers.Project.ProjectController (Buildflow.Api).
2025-04-13 12:13:44.697 +05:30  INF  Executing OkObjectResult, writing value of type 'System.String'.
2025-04-13 12:13:44.697 +05:30  INF  Executed action Buildflow.Api.Controllers.Project.ProjectController.AddMilestone (Buildflow.Api) in 467.5468ms
2025-04-13 12:13:44.697 +05:30  INF  Executed endpoint 'Buildflow.Api.Controllers.Project.ProjectController.AddMilestone (Buildflow.Api)'
2025-04-13 12:13:44.697 +05:30  INF  Request finished HTTP/2 POST https://localhost:7199/api/Project/addProjectMilestone - 200 null text/plain; charset=utf-8 513.5721ms
2025-04-13 12:28:55.818 +05:30  INF  Request starting HTTP/2 POST https://localhost:7199/api/Project/addProjectMilestone - application/json 556
2025-04-13 12:28:55.819 +05:30  INF  CORS policy execution failed.
2025-04-13 12:28:55.819 +05:30  INF  Request origin https://localhost:7199 does not have permission to access the resource.
2025-04-13 12:28:55.820 +05:30  INF  Executing endpoint 'Buildflow.Api.Controllers.Project.ProjectController.AddMilestone (Buildflow.Api)'
2025-04-13 12:28:55.820 +05:30  INF  Route matched with {action = "AddMilestone", controller = "Project"}. Executing controller action with signature System.Threading.Tasks.Task`1[Microsoft.AspNetCore.Mvc.IActionResult] AddMilestone(Buildflow.Utility.DTO.ProjectMilestoneInputDto) on controller Buildflow.Api.Controllers.Project.ProjectController (Buildflow.Api).
2025-04-13 12:28:56.710 +05:30  INF  Executing OkObjectResult, writing value of type 'System.String'.
2025-04-13 12:28:56.711 +05:30  INF  Executed action Buildflow.Api.Controllers.Project.ProjectController.AddMilestone (Buildflow.Api) in 890.606ms
2025-04-13 12:28:56.711 +05:30  INF  Executed endpoint 'Buildflow.Api.Controllers.Project.ProjectController.AddMilestone (Buildflow.Api)'
2025-04-13 12:28:56.711 +05:30  INF  Request finished HTTP/2 POST https://localhost:7199/api/Project/addProjectMilestone - 200 null text/plain; charset=utf-8 893.9604ms
2025-04-13 12:32:06.017 +05:30  INF  Request starting HTTP/2 POST https://localhost:7199/api/Project/addProjectMilestone - application/json 556
2025-04-13 12:32:06.018 +05:30  INF  CORS policy execution failed.
2025-04-13 12:32:06.018 +05:30  INF  Request origin https://localhost:7199 does not have permission to access the resource.
2025-04-13 12:32:06.018 +05:30  INF  Executing endpoint 'Buildflow.Api.Controllers.Project.ProjectController.AddMilestone (Buildflow.Api)'
2025-04-13 12:32:06.018 +05:30  INF  Route matched with {action = "AddMilestone", controller = "Project"}. Executing controller action with signature System.Threading.Tasks.Task`1[Microsoft.AspNetCore.Mvc.IActionResult] AddMilestone(Buildflow.Utility.DTO.ProjectMilestoneInputDto) on controller Buildflow.Api.Controllers.Project.ProjectController (Buildflow.Api).
2025-04-13 12:32:06.096 +05:30  INF  Executing OkObjectResult, writing value of type 'System.String'.
2025-04-13 12:32:06.097 +05:30  INF  Executed action Buildflow.Api.Controllers.Project.ProjectController.AddMilestone (Buildflow.Api) in 78.5676ms
2025-04-13 12:32:06.097 +05:30  INF  Executed endpoint 'Buildflow.Api.Controllers.Project.ProjectController.AddMilestone (Buildflow.Api)'
2025-04-13 12:32:06.098 +05:30  INF  Request finished HTTP/2 POST https://localhost:7199/api/Project/addProjectMilestone - 200 null text/plain; charset=utf-8 81.6117ms
2025-04-13 12:35:00.623 +05:30  INF  Request starting HTTP/2 POST https://localhost:7199/api/Project/addProjectMilestone - application/json 556
2025-04-13 12:35:00.626 +05:30  INF  CORS policy execution failed.
2025-04-13 12:35:00.629 +05:30  INF  Request origin https://localhost:7199 does not have permission to access the resource.
2025-04-13 12:35:00.631 +05:30  INF  Executing endpoint 'Buildflow.Api.Controllers.Project.ProjectController.AddMilestone (Buildflow.Api)'
2025-04-13 12:35:00.631 +05:30  INF  Route matched with {action = "AddMilestone", controller = "Project"}. Executing controller action with signature System.Threading.Tasks.Task`1[Microsoft.AspNetCore.Mvc.IActionResult] AddMilestone(Buildflow.Utility.DTO.ProjectMilestoneInputDto) on controller Buildflow.Api.Controllers.Project.ProjectController (Buildflow.Api).
2025-04-13 12:35:02.410 +05:30  INF  Executing OkObjectResult, writing value of type 'System.String'.
2025-04-13 12:35:02.410 +05:30  INF  Executed action Buildflow.Api.Controllers.Project.ProjectController.AddMilestone (Buildflow.Api) in 1778.6304ms
2025-04-13 12:35:02.410 +05:30  INF  Executed endpoint 'Buildflow.Api.Controllers.Project.ProjectController.AddMilestone (Buildflow.Api)'
2025-04-13 12:35:02.410 +05:30  INF  Request finished HTTP/2 POST https://localhost:7199/api/Project/addProjectMilestone - 200 null text/plain; charset=utf-8 1788.4545ms
2025-04-13 12:39:25.503 +05:30  INF  Request starting HTTP/2 POST https://localhost:7199/api/Project/addProjectMilestone - application/json 556
2025-04-13 12:39:25.505 +05:30  INF  CORS policy execution failed.
2025-04-13 12:39:25.507 +05:30  INF  Request origin https://localhost:7199 does not have permission to access the resource.
2025-04-13 12:39:25.509 +05:30  INF  Executing endpoint 'Buildflow.Api.Controllers.Project.ProjectController.AddMilestone (Buildflow.Api)'
2025-04-13 12:39:25.509 +05:30  INF  Route matched with {action = "AddMilestone", controller = "Project"}. Executing controller action with signature System.Threading.Tasks.Task`1[Microsoft.AspNetCore.Mvc.IActionResult] AddMilestone(Buildflow.Utility.DTO.ProjectMilestoneInputDto) on controller Buildflow.Api.Controllers.Project.ProjectController (Buildflow.Api).
2025-04-13 12:39:25.685 +05:30  INF  Executing OkObjectResult, writing value of type 'System.String'.
2025-04-13 12:39:25.685 +05:30  INF  Executed action Buildflow.Api.Controllers.Project.ProjectController.AddMilestone (Buildflow.Api) in 175.784ms
2025-04-13 12:39:25.685 +05:30  INF  Executed endpoint 'Buildflow.Api.Controllers.Project.ProjectController.AddMilestone (Buildflow.Api)'
2025-04-13 12:39:25.686 +05:30  INF  Request finished HTTP/2 POST https://localhost:7199/api/Project/addProjectMilestone - 200 null text/plain; charset=utf-8 183.0789ms
2025-04-13 12:45:41.484 +05:30  INF  Request starting HTTP/2 POST https://localhost:7199/api/Project/addProjectMilestone - application/json 556
2025-04-13 12:45:41.485 +05:30  INF  CORS policy execution failed.
2025-04-13 12:45:41.486 +05:30  INF  Request origin https://localhost:7199 does not have permission to access the resource.
2025-04-13 12:45:41.488 +05:30  INF  Executing endpoint 'Buildflow.Api.Controllers.Project.ProjectController.AddMilestone (Buildflow.Api)'
2025-04-13 12:45:41.489 +05:30  INF  Route matched with {action = "AddMilestone", controller = "Project"}. Executing controller action with signature System.Threading.Tasks.Task`1[Microsoft.AspNetCore.Mvc.IActionResult] AddMilestone(Buildflow.Utility.DTO.ProjectMilestoneInputDto) on controller Buildflow.Api.Controllers.Project.ProjectController (Buildflow.Api).
2025-04-13 12:45:42.125 +05:30  INF  Executing OkObjectResult, writing value of type 'System.String'.
2025-04-13 12:45:42.125 +05:30  INF  Executed action Buildflow.Api.Controllers.Project.ProjectController.AddMilestone (Buildflow.Api) in 636.2617ms
2025-04-13 12:45:42.125 +05:30  INF  Executed endpoint 'Buildflow.Api.Controllers.Project.ProjectController.AddMilestone (Buildflow.Api)'
2025-04-13 12:45:42.126 +05:30  INF  Request finished HTTP/2 POST https://localhost:7199/api/Project/addProjectMilestone - 200 null text/plain; charset=utf-8 641.4401ms
2025-04-13 13:02:05.119 +05:30  INF  User profile is available. Using 'C:\Users\muthu\AppData\Local\ASP.NET\DataProtection-Keys' as key repository and Windows DPAPI to encrypt keys at rest.
2025-04-13 13:02:05.371 +05:30  INF  Now listening on: https://localhost:7199
2025-04-13 13:02:05.371 +05:30  INF  Now listening on: http://localhost:5033
2025-04-13 13:02:05.403 +05:30  INF  Application started. Press Ctrl+C to shut down.
2025-04-13 13:02:05.403 +05:30  INF  Hosting environment: Development
2025-04-13 13:02:05.403 +05:30  INF  Content root path: C:\Users\muthu\source\repos\Buildflow.Api\Buildflow.Api
2025-04-13 13:02:06.557 +05:30  INF  Request starting HTTP/2 GET https://localhost:7199/_framework/aspnetcore-browser-refresh.js - null null
2025-04-13 13:02:06.557 +05:30  INF  Request starting HTTP/2 GET https://localhost:7199/_vs/browserLink - null null
2025-04-13 13:02:06.627 +05:30  INF  Request finished HTTP/2 GET https://localhost:7199/_framework/aspnetcore-browser-refresh.js - 200 13762 application/javascript; charset=utf-8 75.4834ms
2025-04-13 13:02:06.707 +05:30  INF  Request finished HTTP/2 GET https://localhost:7199/_vs/browserLink - 200 null text/javascript; charset=UTF-8 159.2521ms
2025-04-13 13:02:06.763 +05:30  INF  Request starting HTTP/2 GET https://localhost:7199/swagger/v1/swagger.json - null null
2025-04-13 13:02:06.933 +05:30  INF  Request finished HTTP/2 GET https://localhost:7199/swagger/v1/swagger.json - 200 null application/json;charset=utf-8 170.3932ms
2025-04-13 13:02:20.368 +05:30  INF  Request starting HTTP/2 POST https://localhost:7199/api/Login/login - application/json 55
2025-04-13 13:02:20.385 +05:30  INF  CORS policy execution failed.
2025-04-13 13:02:20.386 +05:30  INF  Request origin https://localhost:7199 does not have permission to access the resource.
2025-04-13 13:02:20.641 +05:30  INF  Executing endpoint 'Buildflow.Api.Controllers.Master.LoginController.Login (Buildflow.Api)'
2025-04-13 13:02:20.687 +05:30  INF  Route matched with {action = "Login", controller = "Login"}. Executing controller action with signature System.Threading.Tasks.Task`1[Microsoft.AspNetCore.Mvc.IActionResult] Login(Buildflow.Utility.DTO.LoginRequest) on controller Buildflow.Api.Controllers.Master.LoginController (Buildflow.Api).
2025-04-13 13:02:25.187 +05:30  INF  Executed DbCommand (161ms) [Parameters=[@__email_0='?', @__password_1='?'], CommandType='"Text"', CommandTimeout='30']
SELECT e.emp_id, e.address, e.alternative_phone, e.city, e.country, e.created_at, e.created_by, e.date_of_birth, e.email, e.employee_code, e.first_name, e.hire_date, e.image_url, e.is_active, e.last_name, e.middle_name, e.password, e.phone, e.postal_code, e.state, e.termination_date, e.updated_at, e.updated_by
FROM employee.employee_details AS e
WHERE e.email = @__email_0 AND e.password = @__password_1
LIMIT 1
2025-04-13 13:02:25.439 +05:30  INF  Executing OkObjectResult, writing value of type '<>f__AnonymousType0`1[[System.String, System.Private.CoreLib, Version=8.0.0.0, Culture=neutral, PublicKeyToken=7cec85d7bea7798e]]'.
2025-04-13 13:02:25.447 +05:30  INF  Executed action Buildflow.Api.Controllers.Master.LoginController.Login (Buildflow.Api) in 4756.0331ms
2025-04-13 13:02:25.448 +05:30  INF  Executed endpoint 'Buildflow.Api.Controllers.Master.LoginController.Login (Buildflow.Api)'
2025-04-13 13:02:25.455 +05:30  INF  Request finished HTTP/2 POST https://localhost:7199/api/Login/login - 200 null application/json; charset=utf-8 5086.8805ms
2025-04-13 13:02:40.894 +05:30  INF  Request starting HTTP/2 GET https://localhost:7199/api/Login/LoginUser - null null
2025-04-13 13:02:41.023 +05:30  INF  Executing endpoint 'Buildflow.Api.Controllers.Master.LoginController.GetCurrentUser (Buildflow.Api)'
2025-04-13 13:02:41.031 +05:30  INF  Route matched with {action = "GetCurrentUser", controller = "Login"}. Executing controller action with signature System.Threading.Tasks.Task`1[Microsoft.AspNetCore.Mvc.IActionResult] GetCurrentUser() on controller Buildflow.Api.Controllers.Master.LoginController (Buildflow.Api).
2025-04-13 13:02:41.133 +05:30  INF  entered getbyod T
2025-04-13 13:02:41.314 +05:30  INF  Executed DbCommand (99ms) [Parameters=[@__p_0='?' (DbType = Int32)], CommandType='"Text"', CommandTimeout='30']
SELECT e.emp_id, e.address, e.alternative_phone, e.city, e.country, e.created_at, e.created_by, e.date_of_birth, e.email, e.employee_code, e.first_name, e.hire_date, e.image_url, e.is_active, e.last_name, e.middle_name, e.password, e.phone, e.postal_code, e.state, e.termination_date, e.updated_at, e.updated_by
FROM employee.employee_details AS e
WHERE e.emp_id = @__p_0
LIMIT 1
2025-04-13 13:02:41.320 +05:30  INF  Executing OkObjectResult, writing value of type 'Buildflow.Infrastructure.Entities.EmployeeDetail'.
2025-04-13 13:02:41.377 +05:30  INF  Executed action Buildflow.Api.Controllers.Master.LoginController.GetCurrentUser (Buildflow.Api) in 345.3265ms
2025-04-13 13:02:41.377 +05:30  INF  Executed endpoint 'Buildflow.Api.Controllers.Master.LoginController.GetCurrentUser (Buildflow.Api)'
2025-04-13 13:02:41.377 +05:30  INF  Request finished HTTP/2 GET https://localhost:7199/api/Login/LoginUser - 200 null application/json; charset=utf-8 484.222ms
2025-04-13 13:32:11.810 +05:30  INF  User profile is available. Using 'C:\Users\muthu\AppData\Local\ASP.NET\DataProtection-Keys' as key repository and Windows DPAPI to encrypt keys at rest.
2025-04-13 13:32:12.122 +05:30  INF  Now listening on: https://localhost:7199
2025-04-13 13:32:12.123 +05:30  INF  Now listening on: http://localhost:5033
2025-04-13 13:32:12.159 +05:30  INF  Application started. Press Ctrl+C to shut down.
2025-04-13 13:32:12.159 +05:30  INF  Hosting environment: Development
2025-04-13 13:32:12.159 +05:30  INF  Content root path: C:\Users\muthu\source\repos\Buildflow.Api\Buildflow.Api
2025-04-13 13:32:13.225 +05:30  INF  Request starting HTTP/2 GET https://localhost:7199/_framework/aspnetcore-browser-refresh.js - null null
2025-04-13 13:32:13.225 +05:30  INF  Request starting HTTP/2 GET https://localhost:7199/_vs/browserLink - null null
2025-04-13 13:32:13.302 +05:30  INF  Request finished HTTP/2 GET https://localhost:7199/_framework/aspnetcore-browser-refresh.js - 200 13762 application/javascript; charset=utf-8 83.985ms
2025-04-13 13:32:13.443 +05:30  INF  Request finished HTTP/2 GET https://localhost:7199/_vs/browserLink - 200 null text/javascript; charset=UTF-8 226.6192ms
2025-04-13 13:32:13.527 +05:30  INF  Request starting HTTP/2 GET https://localhost:7199/swagger/v1/swagger.json - null null
2025-04-13 13:32:13.791 +05:30  INF  Request finished HTTP/2 GET https://localhost:7199/swagger/v1/swagger.json - 200 null application/json;charset=utf-8 264.0815ms
2025-04-13 13:32:33.236 +05:30  INF  Request starting HTTP/2 POST https://localhost:7199/api/Login/login - application/json 55
2025-04-13 13:32:33.260 +05:30  INF  CORS policy execution failed.
2025-04-13 13:32:33.261 +05:30  INF  Request origin https://localhost:7199 does not have permission to access the resource.
2025-04-13 13:32:33.482 +05:30  INF  Executing endpoint 'Buildflow.Api.Controllers.Master.LoginController.Login (Buildflow.Api)'
2025-04-13 13:32:33.551 +05:30  INF  Route matched with {action = "Login", controller = "Login"}. Executing controller action with signature System.Threading.Tasks.Task`1[Microsoft.AspNetCore.Mvc.IActionResult] Login(Buildflow.Utility.DTO.LoginRequest) on controller Buildflow.Api.Controllers.Master.LoginController (Buildflow.Api).
2025-04-13 13:32:39.649 +05:30  INF  Executed DbCommand (313ms) [Parameters=[@__email_0='?', @__password_1='?'], CommandType='"Text"', CommandTimeout='30']
SELECT e.emp_id, e.address, e.alternative_phone, e.city, e.country, e.created_at, e.created_by, e.date_of_birth, e.email, e.employee_code, e.first_name, e.hire_date, e.image_url, e.is_active, e.last_name, e.middle_name, e.password, e.phone, e.postal_code, e.state, e.termination_date, e.updated_at, e.updated_by
FROM employee.employee_details AS e
WHERE e.email = @__email_0 AND e.password = @__password_1
LIMIT 1
2025-04-13 13:32:40.175 +05:30  INF  Executing OkObjectResult, writing value of type '<>f__AnonymousType0`1[[System.String, System.Private.CoreLib, Version=8.0.0.0, Culture=neutral, PublicKeyToken=7cec85d7bea7798e]]'.
2025-04-13 13:32:40.223 +05:30  INF  Executed action Buildflow.Api.Controllers.Master.LoginController.Login (Buildflow.Api) in 6639.5716ms
2025-04-13 13:32:40.227 +05:30  INF  Executed endpoint 'Buildflow.Api.Controllers.Master.LoginController.Login (Buildflow.Api)'
2025-04-13 13:32:40.253 +05:30  INF  Request finished HTTP/2 POST https://localhost:7199/api/Login/login - 200 null application/json; charset=utf-8 7017.9675ms
2025-04-13 13:32:55.406 +05:30  INF  Request starting HTTP/2 GET https://localhost:7199/api/Login/getEmployeesByRoles - null null
2025-04-13 13:32:55.555 +05:30  INF  Executing endpoint 'Buildflow.Api.Controllers.Master.LoginController.GetEmployeesByRoles (Buildflow.Api)'
2025-04-13 13:32:55.565 +05:30  INF  Route matched with {action = "GetEmployeesByRoles", controller = "Login"}. Executing controller action with signature System.Threading.Tasks.Task`1[Microsoft.AspNetCore.Mvc.IActionResult] GetEmployeesByRoles() on controller Buildflow.Api.Controllers.Master.LoginController (Buildflow.Api).
2025-04-13 13:32:56.115 +05:30  INF  Executed DbCommand (166ms) [Parameters=[], CommandType='"Text"', CommandTimeout='30']
SELECT e.emp_role_id, e.assigned_date, e.created_at, e.created_by, e.emp_id, e.end_date, e.role_id, e.updated_at, e.updated_by, r.role_id, r.created_at, r.created_by, r.is_system_role, r.role_description, r.role_name, r.updated_at, r.updated_by, e0.emp_id, e0.address, e0.alternative_phone, e0.city, e0.country, e0.created_at, e0.created_by, e0.date_of_birth, e0.email, e0.employee_code, e0.first_name, e0.hire_date, e0.image_url, e0.is_active, e0.last_name, e0.middle_name, e0.password, e0.phone, e0.postal_code, e0.state, e0.termination_date, e0.updated_at, e0.updated_by
FROM employee.employee_role AS e
INNER JOIN master.role AS r ON e.role_id = r.role_id
INNER JOIN employee.employee_details AS e0 ON e.emp_id = e0.emp_id
2025-04-13 13:32:56.300 +05:30  INF  Executing OkObjectResult, writing value of type 'Buildflow.Utility.DTO.EmployeeDataList'.
2025-04-13 13:32:56.335 +05:30  INF  Executed action Buildflow.Api.Controllers.Master.LoginController.GetEmployeesByRoles (Buildflow.Api) in 770.3626ms
2025-04-13 13:32:56.336 +05:30  INF  Executed endpoint 'Buildflow.Api.Controllers.Master.LoginController.GetEmployeesByRoles (Buildflow.Api)'
2025-04-13 13:32:56.336 +05:30  INF  Request finished HTTP/2 GET https://localhost:7199/api/Login/getEmployeesByRoles - 200 null application/json; charset=utf-8 930.8246ms
2025-04-13 13:34:40.521 +05:30  INF  User profile is available. Using 'C:\Users\muthu\AppData\Local\ASP.NET\DataProtection-Keys' as key repository and Windows DPAPI to encrypt keys at rest.
2025-04-13 13:34:41.228 +05:30  INF  Now listening on: https://localhost:7199
2025-04-13 13:34:41.228 +05:30  INF  Now listening on: http://localhost:5033
2025-04-13 13:34:41.397 +05:30  INF  Application started. Press Ctrl+C to shut down.
2025-04-13 13:34:41.398 +05:30  INF  Hosting environment: Development
2025-04-13 13:34:41.399 +05:30  INF  Content root path: C:\Users\muthu\source\repos\Buildflow.Api\Buildflow.Api
2025-04-13 13:34:42.552 +05:30  INF  Request starting HTTP/2 GET https://localhost:7199/_framework/aspnetcore-browser-refresh.js - null null
2025-04-13 13:34:42.573 +05:30  INF  Request starting HTTP/2 GET https://localhost:7199/_vs/browserLink - null null
2025-04-13 13:34:42.643 +05:30  INF  Request finished HTTP/2 GET https://localhost:7199/_framework/aspnetcore-browser-refresh.js - 200 13762 application/javascript; charset=utf-8 90.0991ms
2025-04-13 13:34:42.778 +05:30  INF  Request finished HTTP/2 GET https://localhost:7199/_vs/browserLink - 200 null text/javascript; charset=UTF-8 205.6039ms
2025-04-13 13:34:42.911 +05:30  INF  Request starting HTTP/2 GET https://localhost:7199/swagger/v1/swagger.json - null null
2025-04-13 13:34:43.335 +05:30  INF  Request finished HTTP/2 GET https://localhost:7199/swagger/v1/swagger.json - 200 null application/json;charset=utf-8 426.0032ms
2025-04-13 13:35:27.183 +05:30  INF  Request starting HTTP/2 POST https://localhost:7199/api/Login/login - application/json 55
2025-04-13 13:35:27.215 +05:30  INF  CORS policy execution failed.
2025-04-13 13:35:27.216 +05:30  INF  Request origin https://localhost:7199 does not have permission to access the resource.
2025-04-13 13:35:27.423 +05:30  INF  Executing endpoint 'Buildflow.Api.Controllers.Master.LoginController.Login (Buildflow.Api)'
2025-04-13 13:35:27.490 +05:30  INF  Route matched with {action = "Login", controller = "Login"}. Executing controller action with signature System.Threading.Tasks.Task`1[Microsoft.AspNetCore.Mvc.IActionResult] Login(Buildflow.Utility.DTO.LoginRequest) on controller Buildflow.Api.Controllers.Master.LoginController (Buildflow.Api).
2025-04-13 13:35:33.734 +05:30  INF  Executed DbCommand (509ms) [Parameters=[@__email_0='?', @__password_1='?'], CommandType='"Text"', CommandTimeout='30']
SELECT e.emp_id, e.address, e.alternative_phone, e.city, e.country, e.created_at, e.created_by, e.date_of_birth, e.email, e.employee_code, e.first_name, e.hire_date, e.image_url, e.is_active, e.last_name, e.middle_name, e.password, e.phone, e.postal_code, e.state, e.termination_date, e.updated_at, e.updated_by
FROM employee.employee_details AS e
WHERE e.email = @__email_0 AND e.password = @__password_1
LIMIT 1
2025-04-13 13:35:34.190 +05:30  INF  Executing OkObjectResult, writing value of type '<>f__AnonymousType0`1[[System.String, System.Private.CoreLib, Version=8.0.0.0, Culture=neutral, PublicKeyToken=7cec85d7bea7798e]]'.
2025-04-13 13:35:34.202 +05:30  INF  Executed action Buildflow.Api.Controllers.Master.LoginController.Login (Buildflow.Api) in 6703.9583ms
2025-04-13 13:35:34.202 +05:30  INF  Executed endpoint 'Buildflow.Api.Controllers.Master.LoginController.Login (Buildflow.Api)'
2025-04-13 13:35:34.210 +05:30  INF  Request finished HTTP/2 POST https://localhost:7199/api/Login/login - 200 null application/json; charset=utf-8 7027.5188ms
2025-04-13 13:35:48.662 +05:30  INF  Request starting HTTP/2 GET https://localhost:7199/api/Login/getEmployeesByRoles - null null
2025-04-13 13:35:48.725 +05:30  INF  Executing endpoint 'Buildflow.Api.Controllers.Master.LoginController.GetEmployeesByRoles (Buildflow.Api)'
2025-04-13 13:35:48.728 +05:30  INF  Route matched with {action = "GetEmployeesByRoles", controller = "Login"}. Executing controller action with signature System.Threading.Tasks.Task`1[Microsoft.AspNetCore.Mvc.IActionResult] GetEmployeesByRoles() on controller Buildflow.Api.Controllers.Master.LoginController (Buildflow.Api).
2025-04-13 13:35:48.953 +05:30  INF  Executed DbCommand (112ms) [Parameters=[], CommandType='"Text"', CommandTimeout='30']
SELECT e.emp_role_id, e.assigned_date, e.created_at, e.created_by, e.emp_id, e.end_date, e.role_id, e.updated_at, e.updated_by, r.role_id, r.created_at, r.created_by, r.is_system_role, r.role_description, r.role_name, r.updated_at, r.updated_by, e0.emp_id, e0.address, e0.alternative_phone, e0.city, e0.country, e0.created_at, e0.created_by, e0.date_of_birth, e0.email, e0.employee_code, e0.first_name, e0.hire_date, e0.image_url, e0.is_active, e0.last_name, e0.middle_name, e0.password, e0.phone, e0.postal_code, e0.state, e0.termination_date, e0.updated_at, e0.updated_by
FROM employee.employee_role AS e
INNER JOIN master.role AS r ON e.role_id = r.role_id
INNER JOIN employee.employee_details AS e0 ON e.emp_id = e0.emp_id
2025-04-13 13:35:49.033 +05:30  INF  Executing OkObjectResult, writing value of type 'Buildflow.Utility.DTO.EmployeeDataList'.
2025-04-13 13:35:49.059 +05:30  INF  Executed action Buildflow.Api.Controllers.Master.LoginController.GetEmployeesByRoles (Buildflow.Api) in 331.4633ms
2025-04-13 13:35:49.060 +05:30  INF  Executed endpoint 'Buildflow.Api.Controllers.Master.LoginController.GetEmployeesByRoles (Buildflow.Api)'
2025-04-13 13:35:49.060 +05:30  INF  Request finished HTTP/2 GET https://localhost:7199/api/Login/getEmployeesByRoles - 200 null application/json; charset=utf-8 399.6373ms
2025-04-13 13:37:11.445 +05:30  INF  Request starting HTTP/2 GET https://localhost:7199/api/Login/getEmployeesByRoles - null null
2025-04-13 13:37:11.460 +05:30  INF  Executing endpoint 'Buildflow.Api.Controllers.Master.LoginController.GetEmployeesByRoles (Buildflow.Api)'
2025-04-13 13:37:11.460 +05:30  INF  Route matched with {action = "GetEmployeesByRoles", controller = "Login"}. Executing controller action with signature System.Threading.Tasks.Task`1[Microsoft.AspNetCore.Mvc.IActionResult] GetEmployeesByRoles() on controller Buildflow.Api.Controllers.Master.LoginController (Buildflow.Api).
2025-04-13 13:37:11.691 +05:30  INF  Executed DbCommand (217ms) [Parameters=[], CommandType='"Text"', CommandTimeout='30']
SELECT e.emp_role_id, e.assigned_date, e.created_at, e.created_by, e.emp_id, e.end_date, e.role_id, e.updated_at, e.updated_by, r.role_id, r.created_at, r.created_by, r.is_system_role, r.role_description, r.role_name, r.updated_at, r.updated_by, e0.emp_id, e0.address, e0.alternative_phone, e0.city, e0.country, e0.created_at, e0.created_by, e0.date_of_birth, e0.email, e0.employee_code, e0.first_name, e0.hire_date, e0.image_url, e0.is_active, e0.last_name, e0.middle_name, e0.password, e0.phone, e0.postal_code, e0.state, e0.termination_date, e0.updated_at, e0.updated_by
FROM employee.employee_role AS e
INNER JOIN master.role AS r ON e.role_id = r.role_id
INNER JOIN employee.employee_details AS e0 ON e.emp_id = e0.emp_id
2025-04-13 13:37:11.694 +05:30  INF  Executing OkObjectResult, writing value of type 'Buildflow.Utility.DTO.EmployeeDataList'.
2025-04-13 13:37:11.695 +05:30  INF  Executed action Buildflow.Api.Controllers.Master.LoginController.GetEmployeesByRoles (Buildflow.Api) in 234.3096ms
2025-04-13 13:37:11.695 +05:30  INF  Executed endpoint 'Buildflow.Api.Controllers.Master.LoginController.GetEmployeesByRoles (Buildflow.Api)'
2025-04-13 13:37:11.695 +05:30  INF  Request finished HTTP/2 GET https://localhost:7199/api/Login/getEmployeesByRoles - 200 null application/json; charset=utf-8 250.2687ms
2025-04-13 14:30:03.877 +05:30  INF  Request starting HTTP/2 GET https://localhost:7199/api/Login/getEmployeesByRoles - null null
2025-04-13 14:30:03.904 +05:30  INF  Failed to validate the token.Microsoft.IdentityModel.Tokens.SecurityTokenExpiredException: IDX10223: Lifetime validation failed. The token is expired. ValidTo (UTC): '13-04-2025 08:35:34', Current time (UTC): '13-04-2025 09:00:03'.
   at Microsoft.IdentityModel.Tokens.ValidatorUtilities.ValidateLifetime(Nullable`1 notBefore, Nullable`1 expires, SecurityToken securityToken, TokenValidationParameters validationParameters)
   at Microsoft.IdentityModel.Tokens.Validators.ValidateLifetime(Nullable`1 notBefore, Nullable`1 expires, SecurityToken securityToken, TokenValidationParameters validationParameters)
   at Microsoft.IdentityModel.JsonWebTokens.JsonWebTokenHandler.ValidateTokenPayloadAsync(JsonWebToken jsonWebToken, TokenValidationParameters validationParameters, BaseConfiguration configuration)
   at Microsoft.IdentityModel.JsonWebTokens.JsonWebTokenHandler.ValidateJWSAsync(JsonWebToken jsonWebToken, TokenValidationParameters validationParameters, BaseConfiguration configuration)

2025-04-13 14:30:04.009 +05:30  INF  Bearer was not authenticated. Failure message: IDX10223: Lifetime validation failed. The token is expired. ValidTo (UTC): '13-04-2025 08:35:34', Current time (UTC): '13-04-2025 09:00:03'.
2025-04-13 14:30:04.009 +05:30  INF  Executing endpoint 'Buildflow.Api.Controllers.Master.LoginController.GetEmployeesByRoles (Buildflow.Api)'
2025-04-13 14:30:04.011 +05:30  INF  Route matched with {action = "GetEmployeesByRoles", controller = "Login"}. Executing controller action with signature System.Threading.Tasks.Task`1[Microsoft.AspNetCore.Mvc.IActionResult] GetEmployeesByRoles() on controller Buildflow.Api.Controllers.Master.LoginController (Buildflow.Api).
2025-04-13 14:30:04.015 +05:30  INF  Authorization failed. These requirements were not met:
DenyAnonymousAuthorizationRequirement: Requires an authenticated user.
2025-04-13 14:30:04.018 +05:30  INF  Authorization failed for the request at filter 'Microsoft.AspNetCore.Mvc.Authorization.AuthorizeFilter'.
2025-04-13 14:30:04.031 +05:30  INF  Executing ChallengeResult with authentication schemes ([]).
2025-04-13 14:30:04.047 +05:30  INF  AuthenticationScheme: Bearer was challenged.
2025-04-13 14:30:04.048 +05:30  INF  Executed action Buildflow.Api.Controllers.Master.LoginController.GetEmployeesByRoles (Buildflow.Api) in 36.5631ms
2025-04-13 14:30:04.048 +05:30  INF  Executed endpoint 'Buildflow.Api.Controllers.Master.LoginController.GetEmployeesByRoles (Buildflow.Api)'
2025-04-13 14:30:04.049 +05:30  INF  Request finished HTTP/2 GET https://localhost:7199/api/Login/getEmployeesByRoles - 401 0 null 172.6755ms
2025-04-13 14:30:07.603 +05:30  INF  Request starting HTTP/2 POST https://localhost:7199/api/Login/login - application/json 55
2025-04-13 14:30:07.608 +05:30  INF  CORS policy execution failed.
2025-04-13 14:30:07.608 +05:30  INF  Request origin https://localhost:7199 does not have permission to access the resource.
2025-04-13 14:30:07.610 +05:30  INF  Failed to validate the token.Microsoft.IdentityModel.Tokens.SecurityTokenExpiredException: IDX10223: Lifetime validation failed. The token is expired. ValidTo (UTC): '13-04-2025 08:35:34', Current time (UTC): '13-04-2025 09:00:07'.
   at Microsoft.IdentityModel.Tokens.ValidatorUtilities.ValidateLifetime(Nullable`1 notBefore, Nullable`1 expires, SecurityToken securityToken, TokenValidationParameters validationParameters)
   at Microsoft.IdentityModel.Tokens.Validators.ValidateLifetime(Nullable`1 notBefore, Nullable`1 expires, SecurityToken securityToken, TokenValidationParameters validationParameters)
   at Microsoft.IdentityModel.JsonWebTokens.JsonWebTokenHandler.ValidateTokenPayloadAsync(JsonWebToken jsonWebToken, TokenValidationParameters validationParameters, BaseConfiguration configuration)
   at Microsoft.IdentityModel.JsonWebTokens.JsonWebTokenHandler.ValidateJWSAsync(JsonWebToken jsonWebToken, TokenValidationParameters validationParameters, BaseConfiguration configuration)

2025-04-13 14:30:07.611 +05:30  INF  Bearer was not authenticated. Failure message: IDX10223: Lifetime validation failed. The token is expired. ValidTo (UTC): '13-04-2025 08:35:34', Current time (UTC): '13-04-2025 09:00:07'.
2025-04-13 14:30:07.611 +05:30  INF  Executing endpoint 'Buildflow.Api.Controllers.Master.LoginController.Login (Buildflow.Api)'
2025-04-13 14:30:07.611 +05:30  INF  Route matched with {action = "Login", controller = "Login"}. Executing controller action with signature System.Threading.Tasks.Task`1[Microsoft.AspNetCore.Mvc.IActionResult] Login(Buildflow.Utility.DTO.LoginRequest) on controller Buildflow.Api.Controllers.Master.LoginController (Buildflow.Api).
2025-04-13 14:30:08.771 +05:30  INF  Executed DbCommand (202ms) [Parameters=[@__email_0='?', @__password_1='?'], CommandType='"Text"', CommandTimeout='30']
SELECT e.emp_id, e.address, e.alternative_phone, e.city, e.country, e.created_at, e.created_by, e.date_of_birth, e.email, e.employee_code, e.first_name, e.hire_date, e.image_url, e.is_active, e.last_name, e.middle_name, e.password, e.phone, e.postal_code, e.state, e.termination_date, e.updated_at, e.updated_by
FROM employee.employee_details AS e
WHERE e.email = @__email_0 AND e.password = @__password_1
LIMIT 1
2025-04-13 14:30:08.773 +05:30  INF  Executing UnauthorizedObjectResult, writing value of type 'System.String'.
2025-04-13 14:30:08.774 +05:30  INF  Executed action Buildflow.Api.Controllers.Master.LoginController.Login (Buildflow.Api) in 1162.3477ms
2025-04-13 14:30:08.774 +05:30  INF  Executed endpoint 'Buildflow.Api.Controllers.Master.LoginController.Login (Buildflow.Api)'
2025-04-13 14:30:08.775 +05:30  INF  Request finished HTTP/2 POST https://localhost:7199/api/Login/login - 401 null text/plain; charset=utf-8 1172.6698ms
2025-04-13 14:30:22.890 +05:30  INF  Request starting HTTP/2 POST https://localhost:7199/api/Login/login - application/json 55
2025-04-13 14:30:22.909 +05:30  INF  CORS policy execution failed.
2025-04-13 14:30:22.914 +05:30  INF  Request origin https://localhost:7199 does not have permission to access the resource.
2025-04-13 14:30:22.918 +05:30  INF  Failed to validate the token.Microsoft.IdentityModel.Tokens.SecurityTokenExpiredException: IDX10223: Lifetime validation failed. The token is expired. ValidTo (UTC): '13-04-2025 08:35:34', Current time (UTC): '13-04-2025 09:00:22'.
   at Microsoft.IdentityModel.Tokens.ValidatorUtilities.ValidateLifetime(Nullable`1 notBefore, Nullable`1 expires, SecurityToken securityToken, TokenValidationParameters validationParameters)
   at Microsoft.IdentityModel.Tokens.Validators.ValidateLifetime(Nullable`1 notBefore, Nullable`1 expires, SecurityToken securityToken, TokenValidationParameters validationParameters)
   at Microsoft.IdentityModel.JsonWebTokens.JsonWebTokenHandler.ValidateTokenPayloadAsync(JsonWebToken jsonWebToken, TokenValidationParameters validationParameters, BaseConfiguration configuration)
   at Microsoft.IdentityModel.JsonWebTokens.JsonWebTokenHandler.ValidateJWSAsync(JsonWebToken jsonWebToken, TokenValidationParameters validationParameters, BaseConfiguration configuration)

2025-04-13 14:30:22.919 +05:30  INF  Bearer was not authenticated. Failure message: IDX10223: Lifetime validation failed. The token is expired. ValidTo (UTC): '13-04-2025 08:35:34', Current time (UTC): '13-04-2025 09:00:22'.
2025-04-13 14:30:22.919 +05:30  INF  Executing endpoint 'Buildflow.Api.Controllers.Master.LoginController.Login (Buildflow.Api)'
2025-04-13 14:30:22.920 +05:30  INF  Route matched with {action = "Login", controller = "Login"}. Executing controller action with signature System.Threading.Tasks.Task`1[Microsoft.AspNetCore.Mvc.IActionResult] Login(Buildflow.Utility.DTO.LoginRequest) on controller Buildflow.Api.Controllers.Master.LoginController (Buildflow.Api).
2025-04-13 14:30:23.105 +05:30  INF  Executed DbCommand (182ms) [Parameters=[@__email_0='?', @__password_1='?'], CommandType='"Text"', CommandTimeout='30']
SELECT e.emp_id, e.address, e.alternative_phone, e.city, e.country, e.created_at, e.created_by, e.date_of_birth, e.email, e.employee_code, e.first_name, e.hire_date, e.image_url, e.is_active, e.last_name, e.middle_name, e.password, e.phone, e.postal_code, e.state, e.termination_date, e.updated_at, e.updated_by
FROM employee.employee_details AS e
WHERE e.email = @__email_0 AND e.password = @__password_1
LIMIT 1
2025-04-13 14:30:23.111 +05:30  INF  Executing OkObjectResult, writing value of type '<>f__AnonymousType0`1[[System.String, System.Private.CoreLib, Version=8.0.0.0, Culture=neutral, PublicKeyToken=7cec85d7bea7798e]]'.
2025-04-13 14:30:23.111 +05:30  INF  Executed action Buildflow.Api.Controllers.Master.LoginController.Login (Buildflow.Api) in 191.5501ms
2025-04-13 14:30:23.112 +05:30  INF  Executed endpoint 'Buildflow.Api.Controllers.Master.LoginController.Login (Buildflow.Api)'
2025-04-13 14:30:23.112 +05:30  INF  Request finished HTTP/2 POST https://localhost:7199/api/Login/login - 200 null application/json; charset=utf-8 223.4995ms
2025-04-13 14:30:37.560 +05:30  INF  Request starting HTTP/2 GET https://localhost:7199/api/Login/getEmployeesByRoles - null null
2025-04-13 14:30:37.561 +05:30  INF  Executing endpoint 'Buildflow.Api.Controllers.Master.LoginController.GetEmployeesByRoles (Buildflow.Api)'
2025-04-13 14:30:37.562 +05:30  INF  Route matched with {action = "GetEmployeesByRoles", controller = "Login"}. Executing controller action with signature System.Threading.Tasks.Task`1[Microsoft.AspNetCore.Mvc.IActionResult] GetEmployeesByRoles() on controller Buildflow.Api.Controllers.Master.LoginController (Buildflow.Api).
2025-04-13 14:30:37.696 +05:30  INF  Executed DbCommand (129ms) [Parameters=[], CommandType='"Text"', CommandTimeout='30']
SELECT e.emp_role_id, e.assigned_date, e.created_at, e.created_by, e.emp_id, e.end_date, e.role_id, e.updated_at, e.updated_by, r.role_id, r.created_at, r.created_by, r.is_system_role, r.role_description, r.role_name, r.updated_at, r.updated_by, e0.emp_id, e0.address, e0.alternative_phone, e0.city, e0.country, e0.created_at, e0.created_by, e0.date_of_birth, e0.email, e0.employee_code, e0.first_name, e0.hire_date, e0.image_url, e0.is_active, e0.last_name, e0.middle_name, e0.password, e0.phone, e0.postal_code, e0.state, e0.termination_date, e0.updated_at, e0.updated_by
FROM employee.employee_role AS e
INNER JOIN master.role AS r ON e.role_id = r.role_id
INNER JOIN employee.employee_details AS e0 ON e.emp_id = e0.emp_id
2025-04-13 14:30:37.704 +05:30  INF  Executing OkObjectResult, writing value of type 'Buildflow.Utility.DTO.EmployeeDataList'.
2025-04-13 14:30:37.704 +05:30  INF  Executed action Buildflow.Api.Controllers.Master.LoginController.GetEmployeesByRoles (Buildflow.Api) in 142.2383ms
2025-04-13 14:30:37.704 +05:30  INF  Executed endpoint 'Buildflow.Api.Controllers.Master.LoginController.GetEmployeesByRoles (Buildflow.Api)'
2025-04-13 14:30:37.706 +05:30  INF  Request finished HTTP/2 GET https://localhost:7199/api/Login/getEmployeesByRoles - 200 null application/json; charset=utf-8 145.3817ms
2025-04-13 17:09:55.149 +05:30  INF  User profile is available. Using 'C:\Users\muthu\AppData\Local\ASP.NET\DataProtection-Keys' as key repository and Windows DPAPI to encrypt keys at rest.
2025-04-13 17:09:55.507 +05:30  INF  Now listening on: https://localhost:7199
2025-04-13 17:09:55.507 +05:30  INF  Now listening on: http://localhost:5033
2025-04-13 17:09:55.559 +05:30  INF  Application started. Press Ctrl+C to shut down.
2025-04-13 17:09:55.560 +05:30  INF  Hosting environment: Development
2025-04-13 17:09:55.560 +05:30  INF  Content root path: C:\Users\muthu\source\repos\Buildflow.Api\Buildflow.Api
2025-04-13 17:09:56.715 +05:30  INF  Request starting HTTP/2 GET https://localhost:7199/_framework/aspnetcore-browser-refresh.js - null null
2025-04-13 17:09:56.715 +05:30  INF  Request starting HTTP/2 GET https://localhost:7199/_vs/browserLink - null null
2025-04-13 17:09:56.777 +05:30  INF  Request finished HTTP/2 GET https://localhost:7199/_framework/aspnetcore-browser-refresh.js - 200 13762 application/javascript; charset=utf-8 73.4604ms
2025-04-13 17:09:56.881 +05:30  INF  Request finished HTTP/2 GET https://localhost:7199/_vs/browserLink - 200 null text/javascript; charset=UTF-8 180.1904ms
2025-04-13 17:09:56.959 +05:30  INF  Request starting HTTP/2 GET https://localhost:7199/swagger/v1/swagger.json - null null
2025-04-13 17:09:57.312 +05:30  INF  Request finished HTTP/2 GET https://localhost:7199/swagger/v1/swagger.json - 200 null application/json;charset=utf-8 353.615ms
2025-04-13 17:10:15.565 +05:30  INF  Request starting HTTP/2 POST https://localhost:7199/api/Login/login - application/json 55
2025-04-13 17:10:15.594 +05:30  INF  CORS policy execution failed.
2025-04-13 17:10:15.595 +05:30  INF  Request origin https://localhost:7199 does not have permission to access the resource.
2025-04-13 17:10:15.833 +05:30  INF  Executing endpoint 'Buildflow.Api.Controllers.Master.LoginController.Login (Buildflow.Api)'
2025-04-13 17:10:15.889 +05:30  INF  Route matched with {action = "Login", controller = "Login"}. Executing controller action with signature System.Threading.Tasks.Task`1[Microsoft.AspNetCore.Mvc.IActionResult] Login(Buildflow.Utility.DTO.LoginRequest) on controller Buildflow.Api.Controllers.Master.LoginController (Buildflow.Api).
2025-04-13 17:10:21.682 +05:30  INF  Executed DbCommand (319ms) [Parameters=[@__email_0='?', @__password_1='?'], CommandType='"Text"', CommandTimeout='30']
SELECT e.emp_id, e.address, e.alternative_phone, e.city, e.country, e.created_at, e.created_by, e.date_of_birth, e.email, e.employee_code, e.first_name, e.hire_date, e.image_url, e.is_active, e.last_name, e.middle_name, e.password, e.phone, e.postal_code, e.state, e.termination_date, e.updated_at, e.updated_by
FROM employee.employee_details AS e
WHERE e.email = @__email_0 AND e.password = @__password_1
LIMIT 1
2025-04-13 17:10:22.185 +05:30  INF  Executing OkObjectResult, writing value of type '<>f__AnonymousType0`1[[System.String, System.Private.CoreLib, Version=8.0.0.0, Culture=neutral, PublicKeyToken=7cec85d7bea7798e]]'.
2025-04-13 17:10:22.203 +05:30  INF  Executed action Buildflow.Api.Controllers.Master.LoginController.Login (Buildflow.Api) in 6305.0499ms
2025-04-13 17:10:22.206 +05:30  INF  Executed endpoint 'Buildflow.Api.Controllers.Master.LoginController.Login (Buildflow.Api)'
2025-04-13 17:10:22.221 +05:30  INF  Request finished HTTP/2 POST https://localhost:7199/api/Login/login - 200 null application/json; charset=utf-8 6656.0397ms
2025-04-13 17:10:45.047 +05:30  INF  Request starting HTTP/2 GET https://localhost:7199/api/Login/LoginUserDetail - null null
2025-04-13 17:10:45.234 +05:30  INF  Executing endpoint 'Buildflow.Api.Controllers.Master.LoginController.LoginUserDetail (Buildflow.Api)'
2025-04-13 17:10:45.245 +05:30  INF  Route matched with {action = "LoginUserDetail", controller = "Login"}. Executing controller action with signature System.Threading.Tasks.Task`1[Microsoft.AspNetCore.Mvc.IActionResult] LoginUserDetail() on controller Buildflow.Api.Controllers.Master.LoginController (Buildflow.Api).
2025-04-13 17:10:45.830 +05:30  INF  Executing OkObjectResult, writing value of type 'Buildflow.Utility.DTO.LoginEmployeeFullDetailDto'.
2025-04-13 17:10:45.852 +05:30  INF  Executed action Buildflow.Api.Controllers.Master.LoginController.LoginUserDetail (Buildflow.Api) in 606.2314ms
2025-04-13 17:10:45.852 +05:30  INF  Executed endpoint 'Buildflow.Api.Controllers.Master.LoginController.LoginUserDetail (Buildflow.Api)'
2025-04-13 17:10:45.858 +05:30  INF  Request finished HTTP/2 GET https://localhost:7199/api/Login/LoginUserDetail - 200 null application/json; charset=utf-8 806.3099ms
2025-04-13 17:13:34.466 +05:30  INF  Request starting HTTP/2 GET https://localhost:7199/api/Login/LoginUserDetail - null null
2025-04-13 17:13:34.494 +05:30  INF  Executing endpoint 'Buildflow.Api.Controllers.Master.LoginController.LoginUserDetail (Buildflow.Api)'
2025-04-13 17:13:34.496 +05:30  INF  Route matched with {action = "LoginUserDetail", controller = "Login"}. Executing controller action with signature System.Threading.Tasks.Task`1[Microsoft.AspNetCore.Mvc.IActionResult] LoginUserDetail() on controller Buildflow.Api.Controllers.Master.LoginController (Buildflow.Api).
2025-04-13 17:17:19.146 +05:30  INF  User profile is available. Using 'C:\Users\muthu\AppData\Local\ASP.NET\DataProtection-Keys' as key repository and Windows DPAPI to encrypt keys at rest.
2025-04-13 17:17:19.514 +05:30  INF  Now listening on: https://localhost:7199
2025-04-13 17:17:19.514 +05:30  INF  Now listening on: http://localhost:5033
2025-04-13 17:17:19.569 +05:30  INF  Application started. Press Ctrl+C to shut down.
2025-04-13 17:17:19.569 +05:30  INF  Hosting environment: Development
2025-04-13 17:17:19.570 +05:30  INF  Content root path: C:\Users\muthu\source\repos\Buildflow.Api\Buildflow.Api
2025-04-13 17:17:20.907 +05:30  INF  Request starting HTTP/2 GET https://localhost:7199/_vs/browserLink - null null
2025-04-13 17:17:20.908 +05:30  INF  Request starting HTTP/2 GET https://localhost:7199/_framework/aspnetcore-browser-refresh.js - null null
2025-04-13 17:17:21.076 +05:30  INF  Request finished HTTP/2 GET https://localhost:7199/_framework/aspnetcore-browser-refresh.js - 200 13762 application/javascript; charset=utf-8 180.3235ms
2025-04-13 17:17:21.145 +05:30  INF  Request finished HTTP/2 GET https://localhost:7199/_vs/browserLink - 200 null text/javascript; charset=UTF-8 250.1648ms
2025-04-13 17:17:21.209 +05:30  INF  Request starting HTTP/2 GET https://localhost:7199/swagger/v1/swagger.json - null null
2025-04-13 17:17:21.408 +05:30  INF  Request finished HTTP/2 GET https://localhost:7199/swagger/v1/swagger.json - 200 null application/json;charset=utf-8 199.2293ms
2025-04-13 17:17:28.028 +05:30  INF  Request starting HTTP/2 POST https://localhost:7199/api/Login/login - application/json 55
2025-04-13 17:17:28.061 +05:30  INF  CORS policy execution failed.
2025-04-13 17:17:28.062 +05:30  INF  Request origin https://localhost:7199 does not have permission to access the resource.
2025-04-13 17:17:28.345 +05:30  INF  Executing endpoint 'Buildflow.Api.Controllers.Master.LoginController.Login (Buildflow.Api)'
2025-04-13 17:17:28.452 +05:30  INF  Route matched with {action = "Login", controller = "Login"}. Executing controller action with signature System.Threading.Tasks.Task`1[Microsoft.AspNetCore.Mvc.IActionResult] Login(Buildflow.Utility.DTO.LoginRequest) on controller Buildflow.Api.Controllers.Master.LoginController (Buildflow.Api).
2025-04-13 17:17:35.648 +05:30  INF  Executed DbCommand (343ms) [Parameters=[@__email_0='?', @__password_1='?'], CommandType='"Text"', CommandTimeout='30']
SELECT e.emp_id, e.address, e.alternative_phone, e.city, e.country, e.created_at, e.created_by, e.date_of_birth, e.email, e.employee_code, e.first_name, e.hire_date, e.image_url, e.is_active, e.last_name, e.middle_name, e.password, e.phone, e.postal_code, e.state, e.termination_date, e.updated_at, e.updated_by
FROM employee.employee_details AS e
WHERE e.email = @__email_0 AND e.password = @__password_1
LIMIT 1
2025-04-13 17:17:36.184 +05:30  INF  Executing OkObjectResult, writing value of type '<>f__AnonymousType0`1[[System.String, System.Private.CoreLib, Version=8.0.0.0, Culture=neutral, PublicKeyToken=7cec85d7bea7798e]]'.
2025-04-13 17:17:36.203 +05:30  INF  Executed action Buildflow.Api.Controllers.Master.LoginController.Login (Buildflow.Api) in 7741.6076ms
2025-04-13 17:17:36.204 +05:30  INF  Executed endpoint 'Buildflow.Api.Controllers.Master.LoginController.Login (Buildflow.Api)'
2025-04-13 17:17:36.217 +05:30  INF  Request finished HTTP/2 POST https://localhost:7199/api/Login/login - 200 null application/json; charset=utf-8 8191.0108ms
2025-04-13 17:17:49.777 +05:30  INF  Request starting HTTP/2 GET https://localhost:7199/api/Login/LoginUserDetail - null null
2025-04-13 17:17:49.944 +05:30  INF  Executing endpoint 'Buildflow.Api.Controllers.Master.LoginController.LoginUserDetail (Buildflow.Api)'
2025-04-13 17:17:49.953 +05:30  INF  Route matched with {action = "LoginUserDetail", controller = "Login"}. Executing controller action with signature System.Threading.Tasks.Task`1[Microsoft.AspNetCore.Mvc.IActionResult] LoginUserDetail() on controller Buildflow.Api.Controllers.Master.LoginController (Buildflow.Api).
2025-04-13 17:17:50.681 +05:30  INF  Executing OkObjectResult, writing value of type 'Buildflow.Utility.DTO.LoginEmployeeFullDetailDto'.
2025-04-13 17:17:50.700 +05:30  INF  Executed action Buildflow.Api.Controllers.Master.LoginController.LoginUserDetail (Buildflow.Api) in 746.2126ms
2025-04-13 17:17:50.700 +05:30  INF  Executed endpoint 'Buildflow.Api.Controllers.Master.LoginController.LoginUserDetail (Buildflow.Api)'
2025-04-13 17:17:50.701 +05:30  INF  Request finished HTTP/2 GET https://localhost:7199/api/Login/LoginUserDetail - 200 null application/json; charset=utf-8 924.8393ms
2025-04-13 17:19:59.438 +05:30  INF  User profile is available. Using 'C:\Users\muthu\AppData\Local\ASP.NET\DataProtection-Keys' as key repository and Windows DPAPI to encrypt keys at rest.
2025-04-13 17:19:59.797 +05:30  INF  Now listening on: https://localhost:7199
2025-04-13 17:19:59.798 +05:30  INF  Now listening on: http://localhost:5033
2025-04-13 17:19:59.867 +05:30  INF  Application started. Press Ctrl+C to shut down.
2025-04-13 17:19:59.867 +05:30  INF  Hosting environment: Development
2025-04-13 17:19:59.867 +05:30  INF  Content root path: C:\Users\muthu\source\repos\Buildflow.Api\Buildflow.Api
2025-04-13 17:20:00.712 +05:30  INF  Request starting HTTP/2 GET https://localhost:7199/_framework/aspnetcore-browser-refresh.js - null null
2025-04-13 17:20:00.712 +05:30  INF  Request starting HTTP/2 GET https://localhost:7199/_vs/browserLink - null null
2025-04-13 17:20:00.827 +05:30  INF  Request finished HTTP/2 GET https://localhost:7199/_framework/aspnetcore-browser-refresh.js - 200 13762 application/javascript; charset=utf-8 123.0988ms
2025-04-13 17:20:00.921 +05:30  INF  Request finished HTTP/2 GET https://localhost:7199/_vs/browserLink - 200 null text/javascript; charset=UTF-8 222.2052ms
2025-04-13 17:20:01.002 +05:30  INF  Request starting HTTP/2 GET https://localhost:7199/swagger/v1/swagger.json - null null
2025-04-13 17:20:01.245 +05:30  INF  Request finished HTTP/2 GET https://localhost:7199/swagger/v1/swagger.json - 200 null application/json;charset=utf-8 242.2348ms
2025-04-13 17:20:08.293 +05:30  INF  Request starting HTTP/2 POST https://localhost:7199/api/Login/login - application/json 55
2025-04-13 17:20:08.305 +05:30  INF  CORS policy execution failed.
2025-04-13 17:20:08.305 +05:30  INF  Request origin https://localhost:7199 does not have permission to access the resource.
2025-04-13 17:20:08.538 +05:30  INF  Executing endpoint 'Buildflow.Api.Controllers.Master.LoginController.Login (Buildflow.Api)'
2025-04-13 17:20:08.621 +05:30  INF  Route matched with {action = "Login", controller = "Login"}. Executing controller action with signature System.Threading.Tasks.Task`1[Microsoft.AspNetCore.Mvc.IActionResult] Login(Buildflow.Utility.DTO.LoginRequest) on controller Buildflow.Api.Controllers.Master.LoginController (Buildflow.Api).
2025-04-13 17:20:14.778 +05:30  INF  Executed DbCommand (373ms) [Parameters=[@__email_0='?', @__password_1='?'], CommandType='"Text"', CommandTimeout='30']
SELECT e.emp_id, e.address, e.alternative_phone, e.city, e.country, e.created_at, e.created_by, e.date_of_birth, e.email, e.employee_code, e.first_name, e.hire_date, e.image_url, e.is_active, e.last_name, e.middle_name, e.password, e.phone, e.postal_code, e.state, e.termination_date, e.updated_at, e.updated_by
FROM employee.employee_details AS e
WHERE e.email = @__email_0 AND e.password = @__password_1
LIMIT 1
2025-04-13 17:20:15.319 +05:30  INF  Executing OkObjectResult, writing value of type '<>f__AnonymousType0`1[[System.String, System.Private.CoreLib, Version=8.0.0.0, Culture=neutral, PublicKeyToken=7cec85d7bea7798e]]'.
2025-04-13 17:20:15.339 +05:30  INF  Executed action Buildflow.Api.Controllers.Master.LoginController.Login (Buildflow.Api) in 6707.5301ms
2025-04-13 17:20:15.341 +05:30  INF  Executed endpoint 'Buildflow.Api.Controllers.Master.LoginController.Login (Buildflow.Api)'
2025-04-13 17:20:15.356 +05:30  INF  Request finished HTTP/2 POST https://localhost:7199/api/Login/login - 200 null application/json; charset=utf-8 7063.4012ms
2025-04-13 17:20:29.833 +05:30  INF  Request starting HTTP/2 GET https://localhost:7199/api/Login/LoginUserDetail - null null
2025-04-13 17:20:30.000 +05:30  INF  Executing endpoint 'Buildflow.Api.Controllers.Master.LoginController.LoginUserDetail (Buildflow.Api)'
2025-04-13 17:20:30.014 +05:30  INF  Route matched with {action = "LoginUserDetail", controller = "Login"}. Executing controller action with signature System.Threading.Tasks.Task`1[Microsoft.AspNetCore.Mvc.IActionResult] LoginUserDetail() on controller Buildflow.Api.Controllers.Master.LoginController (Buildflow.Api).
2025-04-13 17:20:30.453 +05:30  INF  Executing OkObjectResult, writing value of type 'Buildflow.Utility.DTO.LoginEmployeeFullDetailDto'.
2025-04-13 17:20:30.476 +05:30  INF  Executed action Buildflow.Api.Controllers.Master.LoginController.LoginUserDetail (Buildflow.Api) in 461.814ms
2025-04-13 17:20:30.477 +05:30  INF  Executed endpoint 'Buildflow.Api.Controllers.Master.LoginController.LoginUserDetail (Buildflow.Api)'
2025-04-13 17:20:30.478 +05:30  INF  Request finished HTTP/2 GET https://localhost:7199/api/Login/LoginUserDetail - 200 null application/json; charset=utf-8 645.9395ms
2025-04-13 17:21:43.446 +05:30  INF  User profile is available. Using 'C:\Users\muthu\AppData\Local\ASP.NET\DataProtection-Keys' as key repository and Windows DPAPI to encrypt keys at rest.
2025-04-13 17:21:43.789 +05:30  INF  Now listening on: https://localhost:7199
2025-04-13 17:21:43.789 +05:30  INF  Now listening on: http://localhost:5033
2025-04-13 17:21:43.832 +05:30  INF  Application started. Press Ctrl+C to shut down.
2025-04-13 17:21:43.833 +05:30  INF  Hosting environment: Development
2025-04-13 17:21:43.833 +05:30  INF  Content root path: C:\Users\muthu\source\repos\Buildflow.Api\Buildflow.Api
2025-04-13 17:21:44.798 +05:30  INF  Request starting HTTP/2 GET https://localhost:7199/_framework/aspnetcore-browser-refresh.js - null null
2025-04-13 17:21:44.798 +05:30  INF  Request starting HTTP/2 GET https://localhost:7199/_vs/browserLink - null null
2025-04-13 17:21:44.919 +05:30  INF  Request finished HTTP/2 GET https://localhost:7199/_framework/aspnetcore-browser-refresh.js - 200 13762 application/javascript; charset=utf-8 130.4994ms
2025-04-13 17:21:44.994 +05:30  INF  Request finished HTTP/2 GET https://localhost:7199/_vs/browserLink - 200 null text/javascript; charset=UTF-8 207.3127ms
2025-04-13 17:21:45.059 +05:30  INF  Request starting HTTP/2 GET https://localhost:7199/swagger/v1/swagger.json - null null
2025-04-13 17:21:45.245 +05:30  INF  Request finished HTTP/2 GET https://localhost:7199/swagger/v1/swagger.json - 200 null application/json;charset=utf-8 186.2772ms
2025-04-13 17:21:52.303 +05:30  INF  Request starting HTTP/2 POST https://localhost:7199/api/Login/login - application/json 55
2025-04-13 17:21:52.362 +05:30  INF  CORS policy execution failed.
2025-04-13 17:21:52.362 +05:30  INF  Request origin https://localhost:7199 does not have permission to access the resource.
2025-04-13 17:21:52.646 +05:30  INF  Executing endpoint 'Buildflow.Api.Controllers.Master.LoginController.Login (Buildflow.Api)'
2025-04-13 17:21:52.701 +05:30  INF  Route matched with {action = "Login", controller = "Login"}. Executing controller action with signature System.Threading.Tasks.Task`1[Microsoft.AspNetCore.Mvc.IActionResult] Login(Buildflow.Utility.DTO.LoginRequest) on controller Buildflow.Api.Controllers.Master.LoginController (Buildflow.Api).
2025-04-13 17:21:59.161 +05:30  INF  Executed DbCommand (315ms) [Parameters=[@__email_0='?', @__password_1='?'], CommandType='"Text"', CommandTimeout='30']
SELECT e.emp_id, e.address, e.alternative_phone, e.city, e.country, e.created_at, e.created_by, e.date_of_birth, e.email, e.employee_code, e.first_name, e.hire_date, e.image_url, e.is_active, e.last_name, e.middle_name, e.password, e.phone, e.postal_code, e.state, e.termination_date, e.updated_at, e.updated_by
FROM employee.employee_details AS e
WHERE e.email = @__email_0 AND e.password = @__password_1
LIMIT 1
2025-04-13 17:21:59.674 +05:30  INF  Executing OkObjectResult, writing value of type '<>f__AnonymousType0`1[[System.String, System.Private.CoreLib, Version=8.0.0.0, Culture=neutral, PublicKeyToken=7cec85d7bea7798e]]'.
2025-04-13 17:21:59.698 +05:30  INF  Executed action Buildflow.Api.Controllers.Master.LoginController.Login (Buildflow.Api) in 6981.2213ms
2025-04-13 17:21:59.700 +05:30  INF  Executed endpoint 'Buildflow.Api.Controllers.Master.LoginController.Login (Buildflow.Api)'
2025-04-13 17:21:59.716 +05:30  INF  Request finished HTTP/2 POST https://localhost:7199/api/Login/login - 200 null application/json; charset=utf-8 7415.1334ms
2025-04-13 17:22:12.518 +05:30  INF  Request starting HTTP/2 GET https://localhost:7199/api/Login/LoginUserDetail - null null
2025-04-13 17:22:12.714 +05:30  INF  Executing endpoint 'Buildflow.Api.Controllers.Master.LoginController.LoginUserDetail (Buildflow.Api)'
2025-04-13 17:22:12.727 +05:30  INF  Route matched with {action = "LoginUserDetail", controller = "Login"}. Executing controller action with signature System.Threading.Tasks.Task`1[Microsoft.AspNetCore.Mvc.IActionResult] LoginUserDetail() on controller Buildflow.Api.Controllers.Master.LoginController (Buildflow.Api).
2025-04-13 17:22:13.673 +05:30  INF  Executing OkObjectResult, writing value of type 'Buildflow.Utility.DTO.LoginEmployeeFullDetailDto'.
2025-04-13 17:22:13.720 +05:30  INF  Executed action Buildflow.Api.Controllers.Master.LoginController.LoginUserDetail (Buildflow.Api) in 992.4239ms
2025-04-13 17:22:13.720 +05:30  INF  Executed endpoint 'Buildflow.Api.Controllers.Master.LoginController.LoginUserDetail (Buildflow.Api)'
2025-04-13 17:22:13.721 +05:30  INF  Request finished HTTP/2 GET https://localhost:7199/api/Login/LoginUserDetail - 200 null application/json; charset=utf-8 1203.9725ms
2025-04-13 18:18:12.562 +05:30  INF  User profile is available. Using 'C:\Users\muthu\AppData\Local\ASP.NET\DataProtection-Keys' as key repository and Windows DPAPI to encrypt keys at rest.
2025-04-13 18:18:12.818 +05:30  INF  Now listening on: https://localhost:7199
2025-04-13 18:18:12.819 +05:30  INF  Now listening on: http://localhost:5033
2025-04-13 18:18:12.855 +05:30  INF  Application started. Press Ctrl+C to shut down.
2025-04-13 18:18:12.855 +05:30  INF  Hosting environment: Development
2025-04-13 18:18:12.855 +05:30  INF  Content root path: C:\Users\muthu\source\repos\Buildflow.Api\Buildflow.Api
2025-04-13 18:18:14.036 +05:30  INF  Request starting HTTP/2 GET https://localhost:7199/_vs/browserLink - null null
2025-04-13 18:18:14.035 +05:30  INF  Request starting HTTP/2 GET https://localhost:7199/_framework/aspnetcore-browser-refresh.js - null null
2025-04-13 18:18:14.108 +05:30  INF  Request finished HTTP/2 GET https://localhost:7199/_framework/aspnetcore-browser-refresh.js - 200 13762 application/javascript; charset=utf-8 84.3742ms
2025-04-13 18:18:14.210 +05:30  INF  Request finished HTTP/2 GET https://localhost:7199/_vs/browserLink - 200 null text/javascript; charset=UTF-8 188.0106ms
2025-04-13 18:18:14.265 +05:30  INF  Request starting HTTP/2 GET https://localhost:7199/swagger/v1/swagger.json - null null
2025-04-13 18:18:14.447 +05:30  INF  Request finished HTTP/2 GET https://localhost:7199/swagger/v1/swagger.json - 200 null application/json;charset=utf-8 181.8825ms
2025-04-13 18:18:33.567 +05:30  INF  Request starting HTTP/2 POST https://localhost:7199/api/Login/login - application/json 55
2025-04-13 18:18:33.583 +05:30  INF  CORS policy execution failed.
2025-04-13 18:18:33.584 +05:30  INF  Request origin https://localhost:7199 does not have permission to access the resource.
2025-04-13 18:18:33.740 +05:30  INF  Executing endpoint 'Buildflow.Api.Controllers.Master.LoginController.Login (Buildflow.Api)'
2025-04-13 18:18:33.800 +05:30  INF  Route matched with {action = "Login", controller = "Login"}. Executing controller action with signature System.Threading.Tasks.Task`1[Microsoft.AspNetCore.Mvc.IActionResult] Login(Buildflow.Utility.DTO.LoginRequest) on controller Buildflow.Api.Controllers.Master.LoginController (Buildflow.Api).
2025-04-13 18:18:37.342 +05:30  INF  Executed DbCommand (202ms) [Parameters=[@__email_0='?', @__password_1='?'], CommandType='"Text"', CommandTimeout='30']
SELECT e.emp_id, e.address, e.alternative_phone, e.city, e.country, e.created_at, e.created_by, e.date_of_birth, e.email, e.employee_code, e.first_name, e.hire_date, e.image_url, e.is_active, e.last_name, e.middle_name, e.password, e.phone, e.postal_code, e.state, e.termination_date, e.updated_at, e.updated_by
FROM employee.employee_details AS e
WHERE e.email = @__email_0 AND e.password = @__password_1
LIMIT 1
2025-04-13 18:18:37.771 +05:30  INF  Executing OkObjectResult, writing value of type '<>f__AnonymousType0`1[[System.String, System.Private.CoreLib, Version=8.0.0.0, Culture=neutral, PublicKeyToken=7cec85d7bea7798e]]'.
2025-04-13 18:18:37.793 +05:30  INF  Executed action Buildflow.Api.Controllers.Master.LoginController.Login (Buildflow.Api) in 3985.1378ms
2025-04-13 18:18:37.794 +05:30  INF  Executed endpoint 'Buildflow.Api.Controllers.Master.LoginController.Login (Buildflow.Api)'
2025-04-13 18:18:37.809 +05:30  INF  Request finished HTTP/2 POST https://localhost:7199/api/Login/login - 200 null application/json; charset=utf-8 4242.9504ms
2025-04-13 18:18:51.601 +05:30  INF  Request starting HTTP/2 GET https://localhost:7199/api/Login/getVendorsAndSubcontractors - null null
2025-04-13 18:18:51.702 +05:30  INF  Executing endpoint 'Buildflow.Api.Controllers.Master.LoginController.GetVendorsAndSubcontractors (Buildflow.Api)'
2025-04-13 18:18:51.707 +05:30  INF  Route matched with {action = "GetVendorsAndSubcontractors", controller = "Login"}. Executing controller action with signature System.Threading.Tasks.Task`1[Microsoft.AspNetCore.Mvc.IActionResult] GetVendorsAndSubcontractors() on controller Buildflow.Api.Controllers.Master.LoginController (Buildflow.Api).
2025-04-13 18:18:51.867 +05:30  INF  Executed DbCommand (67ms) [Parameters=[], CommandType='"Text"', CommandTimeout='30']
SELECT v.vendor_id AS "Id", v.vendor_name AS "VendorName"
FROM vendor.vendor AS v
2025-04-13 18:18:51.948 +05:30  INF  Executed DbCommand (69ms) [Parameters=[], CommandType='"Text"', CommandTimeout='30']
SELECT s.subcontractor_id AS "Id", s.subcontractor_name AS "SubcontractorName"
FROM subcontractor.subcontractor AS s
2025-04-13 18:18:51.952 +05:30  INF  Executing OkObjectResult, writing value of type 'Buildflow.Utility.DTO.VendorAndSubcontractor'.
2025-04-13 18:18:51.961 +05:30  INF  Executed action Buildflow.Api.Controllers.Master.LoginController.GetVendorsAndSubcontractors (Buildflow.Api) in 253.9448ms
2025-04-13 18:18:51.962 +05:30  INF  Executed endpoint 'Buildflow.Api.Controllers.Master.LoginController.GetVendorsAndSubcontractors (Buildflow.Api)'
2025-04-13 18:18:51.962 +05:30  INF  Request finished HTTP/2 GET https://localhost:7199/api/Login/getVendorsAndSubcontractors - 200 null application/json; charset=utf-8 361.3208ms
