2025-04-17 22:47:34.933 -07:00  INF  User profile is available. Using 'C:\Users\admin\AppData\Local\ASP.NET\DataProtection-Keys' as key repository and Windows DPAPI to encrypt keys at rest.
2025-04-17 22:47:35.205 -07:00  WRN  The ASP.NET Core developer certificate is not trusted. For information about trusting the ASP.NET Core developer certificate, see https://aka.ms/aspnet/https-trust-dev-cert.
2025-04-17 22:47:35.251 -07:00  INF  Now listening on: https://localhost:7199
2025-04-17 22:47:35.251 -07:00  INF  Now listening on: http://localhost:5033
2025-04-17 22:47:35.471 -07:00  INF  Application started. Press Ctrl+C to shut down.
2025-04-17 22:47:35.471 -07:00  INF  Hosting environment: Development
2025-04-17 22:47:35.472 -07:00  INF  Content root path: D:\Project\Backend\Buildflow\Buildflow.Api\Buildflow.Api\Buildflow.Api
2025-04-17 22:47:35.768 -07:00  INF  Request starting HTTP/2 GET https://localhost:7199/swagger - null null
2025-04-17 22:47:35.937 -07:00  INF  Request finished HTTP/2 GET https://localhost:7199/swagger - 301 0 null 169.9403ms
2025-04-17 22:47:35.943 -07:00  INF  Request starting HTTP/2 GET https://localhost:7199/swagger/index.html - null null
2025-04-17 22:47:36.018 -07:00  INF  Request finished HTTP/2 GET https://localhost:7199/swagger/index.html - 200 null text/html;charset=utf-8 75.4966ms
2025-04-17 22:47:36.026 -07:00  INF  Request starting HTTP/2 GET https://localhost:7199/swagger/swagger-ui.css - null null
2025-04-17 22:47:36.029 -07:00  INF  Request starting HTTP/2 GET https://localhost:7199/swagger/index.css - null null
2025-04-17 22:47:36.030 -07:00  INF  Request starting HTTP/2 GET https://localhost:7199/swagger/swagger-ui-bundle.js - null null
2025-04-17 22:47:36.039 -07:00  INF  Sending file. Request path: '/index.css'. Physical path: 'N/A'
2025-04-17 22:47:36.040 -07:00  INF  Request finished HTTP/2 GET https://localhost:7199/swagger/index.css - 200 202 text/css 10.4177ms
2025-04-17 22:47:36.046 -07:00  INF  Request starting HTTP/2 GET https://localhost:7199/swagger/swagger-ui-standalone-preset.js - null null
2025-04-17 22:47:36.068 -07:00  INF  Sending file. Request path: '/swagger-ui-standalone-preset.js'. Physical path: 'N/A'
2025-04-17 22:47:36.068 -07:00  INF  Sending file. Request path: '/swagger-ui.css'. Physical path: 'N/A'
2025-04-17 22:47:36.070 -07:00  INF  Request finished HTTP/2 GET https://localhost:7199/swagger/swagger-ui-standalone-preset.js - 200 229223 text/javascript 24.1633ms
2025-04-17 22:47:36.070 -07:00  INF  Request finished HTTP/2 GET https://localhost:7199/swagger/swagger-ui.css - 200 154949 text/css 44.4498ms
2025-04-17 22:47:36.073 -07:00  INF  Request starting HTTP/2 GET https://localhost:7199/swagger/index.js - null null
2025-04-17 22:47:36.074 -07:00  INF  Request finished HTTP/2 GET https://localhost:7199/swagger/index.js - 200 null application/javascript;charset=utf-8 1.4066ms
2025-04-17 22:47:36.085 -07:00  INF  Request starting HTTP/2 GET https://localhost:7199/_framework/aspnetcore-browser-refresh.js - null null
2025-04-17 22:47:36.092 -07:00  INF  Sending file. Request path: '/swagger-ui-bundle.js'. Physical path: 'N/A'
2025-04-17 22:47:36.093 -07:00  INF  Request finished HTTP/2 GET https://localhost:7199/swagger/swagger-ui-bundle.js - 200 1466908 text/javascript 62.9989ms
2025-04-17 22:47:36.094 -07:00  INF  Request finished HTTP/2 GET https://localhost:7199/_framework/aspnetcore-browser-refresh.js - 200 16511 application/javascript; charset=utf-8 8.9997ms
2025-04-17 22:47:36.096 -07:00  INF  Request starting HTTP/2 GET https://localhost:7199/_vs/browserLink - null null
2025-04-17 22:47:36.165 -07:00  INF  Request finished HTTP/2 GET https://localhost:7199/_vs/browserLink - 200 null text/javascript; charset=UTF-8 68.6718ms
2025-04-17 22:47:36.392 -07:00  INF  Request starting HTTP/2 GET https://localhost:7199/swagger/v1/swagger.json - null null
2025-04-17 22:47:36.406 -07:00  INF  Request finished HTTP/2 GET https://localhost:7199/swagger/v1/swagger.json - 200 null application/json;charset=utf-8 13.8243ms
2025-04-17 22:51:11.046 -07:00  INF  User profile is available. Using 'C:\Users\admin\AppData\Local\ASP.NET\DataProtection-Keys' as key repository and Windows DPAPI to encrypt keys at rest.
2025-04-17 22:51:11.258 -07:00  WRN  The ASP.NET Core developer certificate is not trusted. For information about trusting the ASP.NET Core developer certificate, see https://aka.ms/aspnet/https-trust-dev-cert.
2025-04-17 22:51:11.293 -07:00  INF  Now listening on: https://localhost:7199
2025-04-17 22:51:11.293 -07:00  INF  Now listening on: http://localhost:5033
2025-04-17 22:51:11.355 -07:00  INF  Application started. Press Ctrl+C to shut down.
2025-04-17 22:51:11.356 -07:00  INF  Hosting environment: Development
2025-04-17 22:51:11.356 -07:00  INF  Content root path: D:\Project\Backend\Buildflow\Buildflow.Api\Buildflow.Api\Buildflow.Api
2025-04-17 22:51:11.767 -07:00  INF  Request starting HTTP/2 GET https://localhost:7199/swagger - null null
2025-04-17 22:51:11.888 -07:00  INF  Request finished HTTP/2 GET https://localhost:7199/swagger - 301 0 null 122.4528ms
2025-04-17 22:51:11.893 -07:00  INF  Request starting HTTP/2 GET https://localhost:7199/swagger/index.html - null null
2025-04-17 22:51:11.977 -07:00  INF  Request finished HTTP/2 GET https://localhost:7199/swagger/index.html - 200 null text/html;charset=utf-8 83.4855ms
2025-04-17 22:51:11.996 -07:00  INF  Request starting HTTP/2 GET https://localhost:7199/swagger/swagger-ui.css - null null
2025-04-17 22:51:11.998 -07:00  INF  Request starting HTTP/2 GET https://localhost:7199/swagger/index.css - null null
2025-04-17 22:51:11.999 -07:00  INF  Request starting HTTP/2 GET https://localhost:7199/swagger/swagger-ui-bundle.js - null null
2025-04-17 22:51:11.999 -07:00  INF  Request starting HTTP/2 GET https://localhost:7199/swagger/swagger-ui-standalone-preset.js - null null
2025-04-17 22:51:12.000 -07:00  INF  Request starting HTTP/2 GET https://localhost:7199/swagger/index.js - null null
2025-04-17 22:51:12.001 -07:00  INF  Request finished HTTP/2 GET https://localhost:7199/swagger/index.js - 200 null application/javascript;charset=utf-8 1.3632ms
2025-04-17 22:51:12.001 -07:00  INF  Request starting HTTP/2 GET https://localhost:7199/_framework/aspnetcore-browser-refresh.js - null null
2025-04-17 22:51:12.008 -07:00  INF  Request starting HTTP/2 GET https://localhost:7199/_vs/browserLink - null null
2025-04-17 22:51:12.029 -07:00  INF  Sending file. Request path: '/index.css'. Physical path: 'N/A'
2025-04-17 22:51:12.030 -07:00  INF  Request finished HTTP/2 GET https://localhost:7199/swagger/index.css - 200 202 text/css 30.9755ms
2025-04-17 22:51:12.049 -07:00  INF  Request finished HTTP/2 GET https://localhost:7199/_framework/aspnetcore-browser-refresh.js - 200 16511 application/javascript; charset=utf-8 47.6956ms
2025-04-17 22:51:12.068 -07:00  INF  Sending file. Request path: '/swagger-ui.css'. Physical path: 'N/A'
2025-04-17 22:51:12.071 -07:00  INF  Sending file. Request path: '/swagger-ui-standalone-preset.js'. Physical path: 'N/A'
2025-04-17 22:51:12.074 -07:00  INF  Request finished HTTP/2 GET https://localhost:7199/swagger/swagger-ui-standalone-preset.js - 200 229223 text/javascript 75.0883ms
2025-04-17 22:51:12.074 -07:00  INF  Request finished HTTP/2 GET https://localhost:7199/swagger/swagger-ui.css - 200 154949 text/css 78.756ms
2025-04-17 22:51:12.093 -07:00  INF  Sending file. Request path: '/swagger-ui-bundle.js'. Physical path: 'N/A'
2025-04-17 22:51:12.094 -07:00  INF  Request finished HTTP/2 GET https://localhost:7199/swagger/swagger-ui-bundle.js - 200 1466908 text/javascript 94.7868ms
2025-04-17 22:51:12.104 -07:00  INF  Request finished HTTP/2 GET https://localhost:7199/_vs/browserLink - 200 null text/javascript; charset=UTF-8 96.3699ms
2025-04-17 22:51:12.327 -07:00  INF  Request starting HTTP/2 GET https://localhost:7199/swagger/v1/swagger.json - null null
2025-04-17 22:51:12.338 -07:00  INF  Request finished HTTP/2 GET https://localhost:7199/swagger/v1/swagger.json - 200 null application/json;charset=utf-8 11.1807ms
2025-04-17 22:52:09.192 -07:00  INF  Request starting HTTP/2 POST https://localhost:7199/api/Login/login - application/json 56
2025-04-17 22:52:09.201 -07:00  INF  CORS policy execution successful.
2025-04-17 22:52:10.451 -07:00  INF  Executing endpoint 'Buildflow.Api.Controllers.Master.LoginController.Login (Buildflow.Api)'
2025-04-17 22:52:10.472 -07:00  INF  Route matched with {action = "Login", controller = "Login"}. Executing controller action with signature System.Threading.Tasks.Task`1[Microsoft.AspNetCore.Mvc.IActionResult] Login(Buildflow.Utility.DTO.LoginRequest) on controller Buildflow.Api.Controllers.Master.LoginController (Buildflow.Api).
2025-04-17 22:52:13.600 -07:00  INF  Executed DbCommand (132ms) [Parameters=[@__email_0='?', @__password_1='?'], CommandType='"Text"', CommandTimeout='30']
SELECT e.emp_id, e.address, e.alternative_phone, e.city, e.country, e.created_at, e.created_by, e.date_of_birth, e.email, e.employee_code, e.first_name, e.hire_date, e.image_url, e.is_active, e.last_name, e.middle_name, e.password, e.phone, e.postal_code, e.state, e.termination_date, e.updated_at, e.updated_by
FROM employee.employee_details AS e
WHERE e.email = @__email_0 AND e.password = @__password_1
LIMIT 1
2025-04-17 22:52:14.002 -07:00  INF  Executing OkObjectResult, writing value of type '<>f__AnonymousType0`1[[System.String, System.Private.CoreLib, Version=8.0.0.0, Culture=neutral, PublicKeyToken=7cec85d7bea7798e]]'.
2025-04-17 22:52:14.010 -07:00  INF  Executed action Buildflow.Api.Controllers.Master.LoginController.Login (Buildflow.Api) in 3533.6789ms
2025-04-17 22:52:14.011 -07:00  INF  Executed endpoint 'Buildflow.Api.Controllers.Master.LoginController.Login (Buildflow.Api)'
2025-04-17 22:52:14.019 -07:00  INF  Request finished HTTP/2 POST https://localhost:7199/api/Login/login - 200 null application/json; charset=utf-8 4826.7374ms
2025-04-17 22:52:32.829 -07:00  INF  Request starting HTTP/2 GET https://localhost:7199/api/Login/LoginUserDetail - null null
2025-04-17 22:52:32.888 -07:00  INF  Executing endpoint 'Buildflow.Api.Controllers.Master.LoginController.LoginUserDetail (Buildflow.Api)'
2025-04-17 22:52:32.892 -07:00  INF  Route matched with {action = "LoginUserDetail", controller = "Login"}. Executing controller action with signature System.Threading.Tasks.Task`1[Microsoft.AspNetCore.Mvc.IActionResult] LoginUserDetail() on controller Buildflow.Api.Controllers.Master.LoginController (Buildflow.Api).
2025-04-17 22:52:33.349 -07:00  INF  Executing OkObjectResult, writing value of type 'Buildflow.Utility.DTO.LoginEmployeeFullDetailDto'.
2025-04-17 22:52:33.361 -07:00  INF  Executed action Buildflow.Api.Controllers.Master.LoginController.LoginUserDetail (Buildflow.Api) in 469.0049ms
2025-04-17 22:52:33.361 -07:00  INF  Executed endpoint 'Buildflow.Api.Controllers.Master.LoginController.LoginUserDetail (Buildflow.Api)'
2025-04-17 22:52:33.361 -07:00  INF  Request finished HTTP/2 GET https://localhost:7199/api/Login/LoginUserDetail - 200 null application/json; charset=utf-8 532.95ms
2025-04-17 22:53:28.191 -07:00  INF  Request starting HTTP/2 POST https://localhost:7199/api/Ticket/createTicket - application/json 86
2025-04-17 22:53:28.191 -07:00  INF  CORS policy execution successful.
2025-04-17 22:53:28.209 -07:00  INF  Executing endpoint 'Buildflow.Api.Controllers.Ticket.TicketController.CreateTicket (Buildflow.Api)'
2025-04-17 22:53:28.211 -07:00  INF  Route matched with {action = "CreateTicket", controller = "Ticket"}. Executing controller action with signature System.Threading.Tasks.Task`1[Microsoft.AspNetCore.Mvc.IActionResult] CreateTicket(Buildflow.Utility.DTO.CreateTicketDto) on controller Buildflow.Api.Controllers.Ticket.TicketController (Buildflow.Api).
2025-04-17 22:53:31.650 -07:00  ERR  Failed executing DbCommand (62ms) [Parameters=[p_name='?', p_description='?', p_assign_to='?' (DbType = Int32), p_created_by='?' (DbType = Int32)], CommandType='"Text"', CommandTimeout='30']
CALL ticket.create_ticket_sp(@p_name, @p_description, @p_assign_to, @p_created_by)
2025-04-17 22:53:31.783 -07:00  INF  Executed action Buildflow.Api.Controllers.Ticket.TicketController.CreateTicket (Buildflow.Api) in 3571.0434ms
2025-04-17 22:53:31.783 -07:00  INF  Executed endpoint 'Buildflow.Api.Controllers.Ticket.TicketController.CreateTicket (Buildflow.Api)'
2025-04-17 22:53:31.966 -07:00  ERR  An error occurred: 42703: column "id" does not exist
   at Npgsql.Internal.NpgsqlConnector.ReadMessageLong(Boolean async, DataRowLoadingMode dataRowLoadingMode, Boolean readingNotifications, Boolean isReadingPrependedMessage)
   at System.Runtime.CompilerServices.PoolingAsyncValueTaskMethodBuilder`1.StateMachineBox`1.System.Threading.Tasks.Sources.IValueTaskSource<TResult>.GetResult(Int16 token)
   at Npgsql.NpgsqlDataReader.NextResult(Boolean async, Boolean isConsuming, CancellationToken cancellationToken)
   at Npgsql.NpgsqlDataReader.NextResult(Boolean async, Boolean isConsuming, CancellationToken cancellationToken)
   at Npgsql.NpgsqlCommand.ExecuteReader(Boolean async, CommandBehavior behavior, CancellationToken cancellationToken)
   at Npgsql.NpgsqlCommand.ExecuteReader(Boolean async, CommandBehavior behavior, CancellationToken cancellationToken)
   at Npgsql.NpgsqlCommand.ExecuteNonQuery(Boolean async, CancellationToken cancellationToken)
   at Microsoft.EntityFrameworkCore.Storage.RelationalCommand.ExecuteNonQueryAsync(RelationalCommandParameterObject parameterObject, CancellationToken cancellationToken)
   at Microsoft.EntityFrameworkCore.Storage.RelationalCommand.ExecuteNonQueryAsync(RelationalCommandParameterObject parameterObject, CancellationToken cancellationToken)
   at Microsoft.EntityFrameworkCore.Storage.RelationalCommand.ExecuteNonQueryAsync(RelationalCommandParameterObject parameterObject, CancellationToken cancellationToken)
   at Microsoft.EntityFrameworkCore.RelationalDatabaseFacadeExtensions.ExecuteSqlRawAsync(DatabaseFacade databaseFacade, String sql, IEnumerable`1 parameters, CancellationToken cancellationToken)
   at Buildflow.Library.Repository.TicketRepository.ExecuteCreateTicketSp(CreateTicketDto dto) in D:\Project\Backend\Buildflow\Buildflow.Api\Buildflow.Api\Buildflow.Library\Repository\TicketRepository.cs:line 34
   at Buildflow.Service.Service.Ticket.TicketService.CreateTicketAsync(CreateTicketDto dto) in D:\Project\Backend\Buildflow\Buildflow.Api\Buildflow.Api\Buildflow.Service\Service\Ticket\TicketService.cs:line 22
   at Buildflow.Api.Controllers.Ticket.TicketController.CreateTicket(CreateTicketDto dto) in D:\Project\Backend\Buildflow\Buildflow.Api\Buildflow.Api\Buildflow.Api\Controllers\Ticket\TicketController.cs:line 30
   at Microsoft.AspNetCore.Mvc.Infrastructure.ActionMethodExecutor.TaskOfIActionResultExecutor.Execute(ActionContext actionContext, IActionResultTypeMapper mapper, ObjectMethodExecutor executor, Object controller, Object[] arguments)
   at Microsoft.AspNetCore.Mvc.Infrastructure.ControllerActionInvoker.<InvokeActionMethodAsync>g__Awaited|12_0(ControllerActionInvoker invoker, ValueTask`1 actionResultValueTask)
   at Microsoft.AspNetCore.Mvc.Infrastructure.ControllerActionInvoker.<InvokeNextActionFilterAsync>g__Awaited|10_0(ControllerActionInvoker invoker, Task lastTask, State next, Scope scope, Object state, Boolean isCompleted)
   at Microsoft.AspNetCore.Mvc.Infrastructure.ControllerActionInvoker.Rethrow(ActionExecutedContextSealed context)
   at Microsoft.AspNetCore.Mvc.Infrastructure.ControllerActionInvoker.Next(State& next, Scope& scope, Object& state, Boolean& isCompleted)
   at Microsoft.AspNetCore.Mvc.Infrastructure.ControllerActionInvoker.<InvokeInnerFilterAsync>g__Awaited|13_0(ControllerActionInvoker invoker, Task lastTask, State next, Scope scope, Object state, Boolean isCompleted)
   at Microsoft.AspNetCore.Mvc.Infrastructure.ResourceInvoker.<InvokeFilterPipelineAsync>g__Awaited|20_0(ResourceInvoker invoker, Task lastTask, State next, Scope scope, Object state, Boolean isCompleted)
   at Microsoft.AspNetCore.Mvc.Infrastructure.ResourceInvoker.<InvokeAsync>g__Logged|17_1(ResourceInvoker invoker)
   at Microsoft.AspNetCore.Mvc.Infrastructure.ResourceInvoker.<InvokeAsync>g__Logged|17_1(ResourceInvoker invoker)
   at Microsoft.AspNetCore.Routing.EndpointMiddleware.<Invoke>g__AwaitRequestTask|7_0(Endpoint endpoint, Task requestTask, ILogger logger)
   at Microsoft.AspNetCore.Authorization.AuthorizationMiddleware.Invoke(HttpContext context)
   at Microsoft.AspNetCore.Authentication.AuthenticationMiddleware.Invoke(HttpContext context)
   at Swashbuckle.AspNetCore.SwaggerUI.SwaggerUIMiddleware.Invoke(HttpContext httpContext)
   at Swashbuckle.AspNetCore.Swagger.SwaggerMiddleware.Invoke(HttpContext httpContext, ISwaggerProvider swaggerProvider)
   at Buildflow.Api.Middlewares.ExceptionMiddleware.InvokeAsync(HttpContext httpContext) in D:\Project\Backend\Buildflow\Buildflow.Api\Buildflow.Api\Buildflow.Api\Middlewares\ExceptionMiddleware.cs:line 60
2025-04-17 22:53:31.967 -07:00  INF  Request finished HTTP/2 POST https://localhost:7199/api/Ticket/createTicket - 500 null null 3776.8148ms
2025-04-17 22:54:43.362 -07:00  INF  Request starting HTTP/2 POST https://localhost:7199/api/Ticket/createTicket - application/json 81
2025-04-17 22:54:43.367 -07:00  INF  CORS policy execution successful.
2025-04-17 22:54:43.374 -07:00  INF  Executing endpoint 'Buildflow.Api.Controllers.Ticket.TicketController.CreateTicket (Buildflow.Api)'
2025-04-17 22:54:43.374 -07:00  INF  Route matched with {action = "CreateTicket", controller = "Ticket"}. Executing controller action with signature System.Threading.Tasks.Task`1[Microsoft.AspNetCore.Mvc.IActionResult] CreateTicket(Buildflow.Utility.DTO.CreateTicketDto) on controller Buildflow.Api.Controllers.Ticket.TicketController (Buildflow.Api).
2025-04-17 22:55:12.164 -07:00  ERR  Failed executing DbCommand (64ms) [Parameters=[p_name='?', p_description='?', p_assign_to='?' (DbType = Int32), p_created_by='?' (DbType = Int32)], CommandType='"Text"', CommandTimeout='30']
CALL ticket.create_ticket_sp(@p_name, @p_description, @p_assign_to, @p_created_by)
2025-04-17 22:55:12.286 -07:00  INF  Executed action Buildflow.Api.Controllers.Ticket.TicketController.CreateTicket (Buildflow.Api) in 28911.6836ms
2025-04-17 22:55:12.286 -07:00  INF  Executed endpoint 'Buildflow.Api.Controllers.Ticket.TicketController.CreateTicket (Buildflow.Api)'
2025-04-17 22:55:12.349 -07:00  ERR  An error occurred: 42703: column "id" does not exist
   at Npgsql.Internal.NpgsqlConnector.ReadMessageLong(Boolean async, DataRowLoadingMode dataRowLoadingMode, Boolean readingNotifications, Boolean isReadingPrependedMessage)
   at System.Runtime.CompilerServices.PoolingAsyncValueTaskMethodBuilder`1.StateMachineBox`1.System.Threading.Tasks.Sources.IValueTaskSource<TResult>.GetResult(Int16 token)
   at Npgsql.NpgsqlDataReader.NextResult(Boolean async, Boolean isConsuming, CancellationToken cancellationToken)
   at Npgsql.NpgsqlDataReader.NextResult(Boolean async, Boolean isConsuming, CancellationToken cancellationToken)
   at Npgsql.NpgsqlCommand.ExecuteReader(Boolean async, CommandBehavior behavior, CancellationToken cancellationToken)
   at Npgsql.NpgsqlCommand.ExecuteReader(Boolean async, CommandBehavior behavior, CancellationToken cancellationToken)
   at Npgsql.NpgsqlCommand.ExecuteNonQuery(Boolean async, CancellationToken cancellationToken)
   at Microsoft.EntityFrameworkCore.Storage.RelationalCommand.ExecuteNonQueryAsync(RelationalCommandParameterObject parameterObject, CancellationToken cancellationToken)
   at Microsoft.EntityFrameworkCore.Storage.RelationalCommand.ExecuteNonQueryAsync(RelationalCommandParameterObject parameterObject, CancellationToken cancellationToken)
   at Microsoft.EntityFrameworkCore.Storage.RelationalCommand.ExecuteNonQueryAsync(RelationalCommandParameterObject parameterObject, CancellationToken cancellationToken)
   at Microsoft.EntityFrameworkCore.RelationalDatabaseFacadeExtensions.ExecuteSqlRawAsync(DatabaseFacade databaseFacade, String sql, IEnumerable`1 parameters, CancellationToken cancellationToken)
   at Buildflow.Library.Repository.TicketRepository.ExecuteCreateTicketSp(CreateTicketDto dto) in D:\Project\Backend\Buildflow\Buildflow.Api\Buildflow.Api\Buildflow.Library\Repository\TicketRepository.cs:line 34
   at Buildflow.Service.Service.Ticket.TicketService.CreateTicketAsync(CreateTicketDto dto) in D:\Project\Backend\Buildflow\Buildflow.Api\Buildflow.Api\Buildflow.Service\Service\Ticket\TicketService.cs:line 22
   at Buildflow.Api.Controllers.Ticket.TicketController.CreateTicket(CreateTicketDto dto) in D:\Project\Backend\Buildflow\Buildflow.Api\Buildflow.Api\Buildflow.Api\Controllers\Ticket\TicketController.cs:line 30
   at Microsoft.AspNetCore.Mvc.Infrastructure.ActionMethodExecutor.TaskOfIActionResultExecutor.Execute(ActionContext actionContext, IActionResultTypeMapper mapper, ObjectMethodExecutor executor, Object controller, Object[] arguments)
   at Microsoft.AspNetCore.Mvc.Infrastructure.ControllerActionInvoker.<InvokeActionMethodAsync>g__Awaited|12_0(ControllerActionInvoker invoker, ValueTask`1 actionResultValueTask)
   at Microsoft.AspNetCore.Mvc.Infrastructure.ControllerActionInvoker.<InvokeNextActionFilterAsync>g__Awaited|10_0(ControllerActionInvoker invoker, Task lastTask, State next, Scope scope, Object state, Boolean isCompleted)
   at Microsoft.AspNetCore.Mvc.Infrastructure.ControllerActionInvoker.Rethrow(ActionExecutedContextSealed context)
   at Microsoft.AspNetCore.Mvc.Infrastructure.ControllerActionInvoker.Next(State& next, Scope& scope, Object& state, Boolean& isCompleted)
   at Microsoft.AspNetCore.Mvc.Infrastructure.ControllerActionInvoker.<InvokeInnerFilterAsync>g__Awaited|13_0(ControllerActionInvoker invoker, Task lastTask, State next, Scope scope, Object state, Boolean isCompleted)
   at Microsoft.AspNetCore.Mvc.Infrastructure.ResourceInvoker.<InvokeFilterPipelineAsync>g__Awaited|20_0(ResourceInvoker invoker, Task lastTask, State next, Scope scope, Object state, Boolean isCompleted)
   at Microsoft.AspNetCore.Mvc.Infrastructure.ResourceInvoker.<InvokeAsync>g__Logged|17_1(ResourceInvoker invoker)
   at Microsoft.AspNetCore.Mvc.Infrastructure.ResourceInvoker.<InvokeAsync>g__Logged|17_1(ResourceInvoker invoker)
   at Microsoft.AspNetCore.Routing.EndpointMiddleware.<Invoke>g__AwaitRequestTask|7_0(Endpoint endpoint, Task requestTask, ILogger logger)
   at Microsoft.AspNetCore.Authorization.AuthorizationMiddleware.Invoke(HttpContext context)
   at Microsoft.AspNetCore.Authentication.AuthenticationMiddleware.Invoke(HttpContext context)
   at Swashbuckle.AspNetCore.SwaggerUI.SwaggerUIMiddleware.Invoke(HttpContext httpContext)
   at Swashbuckle.AspNetCore.Swagger.SwaggerMiddleware.Invoke(HttpContext httpContext, ISwaggerProvider swaggerProvider)
   at Buildflow.Api.Middlewares.ExceptionMiddleware.InvokeAsync(HttpContext httpContext) in D:\Project\Backend\Buildflow\Buildflow.Api\Buildflow.Api\Buildflow.Api\Middlewares\ExceptionMiddleware.cs:line 60
2025-04-17 22:55:12.349 -07:00  INF  Request finished HTTP/2 POST https://localhost:7199/api/Ticket/createTicket - 500 null null 28986.3716ms
2025-04-17 22:56:41.977 -07:00  INF  User profile is available. Using 'C:\Users\admin\AppData\Local\ASP.NET\DataProtection-Keys' as key repository and Windows DPAPI to encrypt keys at rest.
2025-04-17 22:56:42.167 -07:00  WRN  The ASP.NET Core developer certificate is not trusted. For information about trusting the ASP.NET Core developer certificate, see https://aka.ms/aspnet/https-trust-dev-cert.
2025-04-17 22:56:42.202 -07:00  INF  Now listening on: https://localhost:7199
2025-04-17 22:56:42.202 -07:00  INF  Now listening on: http://localhost:5033
2025-04-17 22:56:42.399 -07:00  INF  Application started. Press Ctrl+C to shut down.
2025-04-17 22:56:42.399 -07:00  INF  Hosting environment: Development
2025-04-17 22:56:42.399 -07:00  INF  Content root path: D:\Project\Backend\Buildflow\Buildflow.Api\Buildflow.Api\Buildflow.Api
2025-04-17 22:56:42.629 -07:00  INF  Request starting HTTP/2 GET https://localhost:7199/swagger - null null
2025-04-17 22:56:42.744 -07:00  INF  Request finished HTTP/2 GET https://localhost:7199/swagger - 301 0 null 116.7534ms
2025-04-17 22:56:42.749 -07:00  INF  Request starting HTTP/2 GET https://localhost:7199/swagger/index.html - null null
2025-04-17 22:56:42.825 -07:00  INF  Request finished HTTP/2 GET https://localhost:7199/swagger/index.html - 200 null text/html;charset=utf-8 75.9502ms
2025-04-17 22:56:42.833 -07:00  INF  Request starting HTTP/2 GET https://localhost:7199/swagger/swagger-ui.css - null null
2025-04-17 22:56:42.833 -07:00  INF  Request starting HTTP/2 GET https://localhost:7199/swagger/swagger-ui-bundle.js - null null
2025-04-17 22:56:42.833 -07:00  INF  Request starting HTTP/2 GET https://localhost:7199/swagger/index.css - null null
2025-04-17 22:56:42.833 -07:00  INF  Request starting HTTP/2 GET https://localhost:7199/swagger/swagger-ui-standalone-preset.js - null null
2025-04-17 22:56:42.839 -07:00  INF  Request starting HTTP/2 GET https://localhost:7199/swagger/index.js - null null
2025-04-17 22:56:42.845 -07:00  INF  Request finished HTTP/2 GET https://localhost:7199/swagger/index.js - 200 null application/javascript;charset=utf-8 6.4519ms
2025-04-17 22:56:42.848 -07:00  INF  Request starting HTTP/2 GET https://localhost:7199/_framework/aspnetcore-browser-refresh.js - null null
2025-04-17 22:56:42.852 -07:00  INF  Request starting HTTP/2 GET https://localhost:7199/_vs/browserLink - null null
2025-04-17 22:56:42.871 -07:00  INF  Sending file. Request path: '/index.css'. Physical path: 'N/A'
2025-04-17 22:56:42.871 -07:00  INF  Request finished HTTP/2 GET https://localhost:7199/swagger/index.css - 200 202 text/css 38.2534ms
2025-04-17 22:56:42.884 -07:00  INF  Request finished HTTP/2 GET https://localhost:7199/_framework/aspnetcore-browser-refresh.js - 200 16511 application/javascript; charset=utf-8 36.166ms
2025-04-17 22:56:42.889 -07:00  INF  Sending file. Request path: '/swagger-ui.css'. Physical path: 'N/A'
2025-04-17 22:56:42.890 -07:00  INF  Sending file. Request path: '/swagger-ui-standalone-preset.js'. Physical path: 'N/A'
2025-04-17 22:56:42.892 -07:00  INF  Request finished HTTP/2 GET https://localhost:7199/swagger/swagger-ui-standalone-preset.js - 200 229223 text/javascript 58.8348ms
2025-04-17 22:56:42.892 -07:00  INF  Request finished HTTP/2 GET https://localhost:7199/swagger/swagger-ui.css - 200 154949 text/css 59.2009ms
2025-04-17 22:56:42.907 -07:00  INF  Sending file. Request path: '/swagger-ui-bundle.js'. Physical path: 'N/A'
2025-04-17 22:56:42.907 -07:00  INF  Request finished HTTP/2 GET https://localhost:7199/swagger/swagger-ui-bundle.js - 200 1466908 text/javascript 74.4233ms
2025-04-17 22:56:42.918 -07:00  INF  Request finished HTTP/2 GET https://localhost:7199/_vs/browserLink - 200 null text/javascript; charset=UTF-8 66.7052ms
2025-04-17 22:56:43.136 -07:00  INF  Request starting HTTP/2 GET https://localhost:7199/swagger/v1/swagger.json - null null
2025-04-17 22:56:43.153 -07:00  INF  Request finished HTTP/2 GET https://localhost:7199/swagger/v1/swagger.json - 200 null application/json;charset=utf-8 17.1843ms
2025-04-17 22:56:49.021 -07:00  INF  Request starting HTTP/2 POST https://localhost:7199/api/Login/login - application/json 56
2025-04-17 22:56:49.025 -07:00  INF  CORS policy execution successful.
2025-04-17 22:56:49.091 -07:00  INF  Executing endpoint 'Buildflow.Api.Controllers.Master.LoginController.Login (Buildflow.Api)'
2025-04-17 22:56:49.117 -07:00  INF  Route matched with {action = "Login", controller = "Login"}. Executing controller action with signature System.Threading.Tasks.Task`1[Microsoft.AspNetCore.Mvc.IActionResult] Login(Buildflow.Utility.DTO.LoginRequest) on controller Buildflow.Api.Controllers.Master.LoginController (Buildflow.Api).
2025-04-17 22:56:51.553 -07:00  INF  Executed DbCommand (125ms) [Parameters=[@__email_0='?', @__password_1='?'], CommandType='"Text"', CommandTimeout='30']
SELECT e.emp_id, e.address, e.alternative_phone, e.city, e.country, e.created_at, e.created_by, e.date_of_birth, e.email, e.employee_code, e.first_name, e.hire_date, e.image_url, e.is_active, e.last_name, e.middle_name, e.password, e.phone, e.postal_code, e.state, e.termination_date, e.updated_at, e.updated_by
FROM employee.employee_details AS e
WHERE e.email = @__email_0 AND e.password = @__password_1
LIMIT 1
2025-04-17 22:56:51.784 -07:00  INF  Executing OkObjectResult, writing value of type '<>f__AnonymousType0`1[[System.String, System.Private.CoreLib, Version=8.0.0.0, Culture=neutral, PublicKeyToken=7cec85d7bea7798e]]'.
2025-04-17 22:56:51.793 -07:00  INF  Executed action Buildflow.Api.Controllers.Master.LoginController.Login (Buildflow.Api) in 2671.5517ms
2025-04-17 22:56:51.793 -07:00  INF  Executed endpoint 'Buildflow.Api.Controllers.Master.LoginController.Login (Buildflow.Api)'
2025-04-17 22:56:51.801 -07:00  INF  Request finished HTTP/2 POST https://localhost:7199/api/Login/login - 200 null application/json; charset=utf-8 2780.5451ms
2025-04-17 22:57:27.240 -07:00  INF  Request starting HTTP/2 POST https://localhost:7199/api/Ticket/createTicket - application/json 88
2025-04-17 22:57:27.246 -07:00  INF  CORS policy execution successful.
2025-04-17 22:57:27.294 -07:00  INF  Executing endpoint 'Buildflow.Api.Controllers.Ticket.TicketController.CreateTicket (Buildflow.Api)'
2025-04-17 22:57:27.298 -07:00  INF  Route matched with {action = "CreateTicket", controller = "Ticket"}. Executing controller action with signature System.Threading.Tasks.Task`1[Microsoft.AspNetCore.Mvc.IActionResult] CreateTicket(Buildflow.Utility.DTO.CreateTicketDto) on controller Buildflow.Api.Controllers.Ticket.TicketController (Buildflow.Api).
2025-04-17 22:57:27.374 -07:00  INF  Executing BadRequestObjectResult, writing value of type 'Microsoft.AspNetCore.Mvc.ValidationProblemDetails'.
2025-04-17 22:57:27.388 -07:00  INF  Executed action Buildflow.Api.Controllers.Ticket.TicketController.CreateTicket (Buildflow.Api) in 89.4049ms
2025-04-17 22:57:27.388 -07:00  INF  Executed endpoint 'Buildflow.Api.Controllers.Ticket.TicketController.CreateTicket (Buildflow.Api)'
2025-04-17 22:57:27.388 -07:00  INF  Request finished HTTP/2 POST https://localhost:7199/api/Ticket/createTicket - 400 null application/problem+json; charset=utf-8 148.6575ms
2025-04-17 22:57:35.362 -07:00  INF  Request starting HTTP/2 POST https://localhost:7199/api/Ticket/createTicket - application/json 89
2025-04-17 22:57:35.362 -07:00  INF  CORS policy execution successful.
2025-04-17 22:57:35.373 -07:00  INF  Executing endpoint 'Buildflow.Api.Controllers.Ticket.TicketController.CreateTicket (Buildflow.Api)'
2025-04-17 22:57:35.373 -07:00  INF  Route matched with {action = "CreateTicket", controller = "Ticket"}. Executing controller action with signature System.Threading.Tasks.Task`1[Microsoft.AspNetCore.Mvc.IActionResult] CreateTicket(Buildflow.Utility.DTO.CreateTicketDto) on controller Buildflow.Api.Controllers.Ticket.TicketController (Buildflow.Api).
2025-04-17 22:57:38.697 -07:00  ERR  Failed executing DbCommand (91ms) [Parameters=[p_name='?', p_description='?', p_assign_to='?' (DbType = Int32), p_created_by='?' (DbType = Int32)], CommandType='"Text"', CommandTimeout='30']
CALL ticket.create_ticket_sp(@p_name, @p_description, @p_assign_to, @p_created_by)
2025-04-17 22:57:38.751 -07:00  INF  Executing OkObjectResult, writing value of type 'System.String'.
2025-04-17 22:57:38.752 -07:00  INF  Executed action Buildflow.Api.Controllers.Ticket.TicketController.CreateTicket (Buildflow.Api) in 3378.2579ms
2025-04-17 22:57:38.752 -07:00  INF  Executed endpoint 'Buildflow.Api.Controllers.Ticket.TicketController.CreateTicket (Buildflow.Api)'
2025-04-17 22:57:38.752 -07:00  INF  Request finished HTTP/2 POST https://localhost:7199/api/Ticket/createTicket - 200 null text/plain; charset=utf-8 3389.8912ms
2025-04-17 22:58:27.863 -07:00  INF  Request starting HTTP/2 POST https://localhost:7199/api/Ticket/createTicket - application/json 89
2025-04-17 22:58:27.863 -07:00  INF  CORS policy execution successful.
2025-04-17 22:58:27.864 -07:00  INF  Executing endpoint 'Buildflow.Api.Controllers.Ticket.TicketController.CreateTicket (Buildflow.Api)'
2025-04-17 22:58:27.864 -07:00  INF  Route matched with {action = "CreateTicket", controller = "Ticket"}. Executing controller action with signature System.Threading.Tasks.Task`1[Microsoft.AspNetCore.Mvc.IActionResult] CreateTicket(Buildflow.Utility.DTO.CreateTicketDto) on controller Buildflow.Api.Controllers.Ticket.TicketController (Buildflow.Api).
2025-04-17 22:58:29.591 -07:00  ERR  Failed executing DbCommand (68ms) [Parameters=[p_name='?', p_description='?', p_assign_to='?' (DbType = Int32), p_created_by='?' (DbType = Int32)], CommandType='"Text"', CommandTimeout='30']
CALL ticket.create_ticket_sp(@p_name, @p_description, @p_assign_to, @p_created_by)
2025-04-17 22:58:29.617 -07:00  INF  Executing OkObjectResult, writing value of type 'System.String'.
2025-04-17 22:58:29.618 -07:00  INF  Executed action Buildflow.Api.Controllers.Ticket.TicketController.CreateTicket (Buildflow.Api) in 1753.6002ms
2025-04-17 22:58:29.618 -07:00  INF  Executed endpoint 'Buildflow.Api.Controllers.Ticket.TicketController.CreateTicket (Buildflow.Api)'
2025-04-17 22:58:29.618 -07:00  INF  Request finished HTTP/2 POST https://localhost:7199/api/Ticket/createTicket - 200 null text/plain; charset=utf-8 1754.626ms
2025-04-17 22:59:43.839 -07:00  INF  Request starting HTTP/2 POST https://localhost:7199/api/Ticket/createTicket - application/json 89
2025-04-17 22:59:43.847 -07:00  INF  CORS policy execution successful.
2025-04-17 22:59:43.848 -07:00  INF  Executing endpoint 'Buildflow.Api.Controllers.Ticket.TicketController.CreateTicket (Buildflow.Api)'
2025-04-17 22:59:43.848 -07:00  INF  Route matched with {action = "CreateTicket", controller = "Ticket"}. Executing controller action with signature System.Threading.Tasks.Task`1[Microsoft.AspNetCore.Mvc.IActionResult] CreateTicket(Buildflow.Utility.DTO.CreateTicketDto) on controller Buildflow.Api.Controllers.Ticket.TicketController (Buildflow.Api).
2025-04-17 22:59:46.921 -07:00  ERR  Failed executing DbCommand (92ms) [Parameters=[p_name='?', p_description='?', p_assign_to='?' (DbType = Int32), p_created_by='?' (DbType = Int32)], CommandType='"Text"', CommandTimeout='30']
CALL ticket.create_ticket_sp(@p_name, @p_description, @p_assign_to, @p_created_by)
2025-04-17 22:59:46.948 -07:00  INF  Executing OkObjectResult, writing value of type 'System.String'.
2025-04-17 22:59:46.948 -07:00  INF  Executed action Buildflow.Api.Controllers.Ticket.TicketController.CreateTicket (Buildflow.Api) in 3100.0216ms
2025-04-17 22:59:46.948 -07:00  INF  Executed endpoint 'Buildflow.Api.Controllers.Ticket.TicketController.CreateTicket (Buildflow.Api)'
2025-04-17 22:59:46.948 -07:00  INF  Request finished HTTP/2 POST https://localhost:7199/api/Ticket/createTicket - 200 null text/plain; charset=utf-8 3111.7057ms
2025-04-17 23:02:20.665 -07:00  INF  User profile is available. Using 'C:\Users\admin\AppData\Local\ASP.NET\DataProtection-Keys' as key repository and Windows DPAPI to encrypt keys at rest.
2025-04-17 23:02:20.875 -07:00  WRN  The ASP.NET Core developer certificate is not trusted. For information about trusting the ASP.NET Core developer certificate, see https://aka.ms/aspnet/https-trust-dev-cert.
2025-04-17 23:02:20.909 -07:00  INF  Now listening on: https://localhost:7199
2025-04-17 23:02:20.909 -07:00  INF  Now listening on: http://localhost:5033
2025-04-17 23:02:20.971 -07:00  INF  Application started. Press Ctrl+C to shut down.
2025-04-17 23:02:20.971 -07:00  INF  Hosting environment: Development
2025-04-17 23:02:20.971 -07:00  INF  Content root path: D:\Project\Backend\Buildflow\Buildflow.Api\Buildflow.Api\Buildflow.Api
2025-04-17 23:02:21.438 -07:00  INF  Request starting HTTP/2 GET https://localhost:7199/swagger - null null
2025-04-17 23:02:21.573 -07:00  INF  Request finished HTTP/2 GET https://localhost:7199/swagger - 301 0 null 135.1398ms
2025-04-17 23:02:21.585 -07:00  INF  Request starting HTTP/2 GET https://localhost:7199/swagger/index.html - null null
2025-04-17 23:02:21.674 -07:00  INF  Request finished HTTP/2 GET https://localhost:7199/swagger/index.html - 200 null text/html;charset=utf-8 88.7695ms
2025-04-17 23:02:21.685 -07:00  INF  Request starting HTTP/2 GET https://localhost:7199/swagger/swagger-ui.css - null null
2025-04-17 23:02:21.685 -07:00  INF  Request starting HTTP/2 GET https://localhost:7199/swagger/index.css - null null
2025-04-17 23:02:21.685 -07:00  INF  Request starting HTTP/2 GET https://localhost:7199/swagger/swagger-ui-bundle.js - null null
2025-04-17 23:02:21.686 -07:00  INF  Request starting HTTP/2 GET https://localhost:7199/swagger/index.js - null null
2025-04-17 23:02:21.686 -07:00  INF  Request starting HTTP/2 GET https://localhost:7199/swagger/swagger-ui-standalone-preset.js - null null
2025-04-17 23:02:21.693 -07:00  INF  Request starting HTTP/2 GET https://localhost:7199/_framework/aspnetcore-browser-refresh.js - null null
2025-04-17 23:02:21.698 -07:00  INF  Request finished HTTP/2 GET https://localhost:7199/swagger/index.js - 200 null application/javascript;charset=utf-8 12.4508ms
2025-04-17 23:02:21.698 -07:00  INF  Request starting HTTP/2 GET https://localhost:7199/_vs/browserLink - null null
2025-04-17 23:02:21.725 -07:00  INF  Sending file. Request path: '/index.css'. Physical path: 'N/A'
2025-04-17 23:02:21.725 -07:00  INF  Request finished HTTP/2 GET https://localhost:7199/swagger/index.css - 200 202 text/css 39.95ms
2025-04-17 23:02:21.728 -07:00  INF  Request finished HTTP/2 GET https://localhost:7199/_framework/aspnetcore-browser-refresh.js - 200 16511 application/javascript; charset=utf-8 34.9422ms
2025-04-17 23:02:21.741 -07:00  INF  Sending file. Request path: '/swagger-ui.css'. Physical path: 'N/A'
2025-04-17 23:02:21.743 -07:00  INF  Sending file. Request path: '/swagger-ui-standalone-preset.js'. Physical path: 'N/A'
2025-04-17 23:02:21.745 -07:00  INF  Request finished HTTP/2 GET https://localhost:7199/swagger/swagger-ui.css - 200 154949 text/css 59.4052ms
2025-04-17 23:02:21.745 -07:00  INF  Request finished HTTP/2 GET https://localhost:7199/swagger/swagger-ui-standalone-preset.js - 200 229223 text/javascript 58.6809ms
2025-04-17 23:02:21.756 -07:00  INF  Sending file. Request path: '/swagger-ui-bundle.js'. Physical path: 'N/A'
2025-04-17 23:02:21.756 -07:00  INF  Request finished HTTP/2 GET https://localhost:7199/swagger/swagger-ui-bundle.js - 200 1466908 text/javascript 70.5173ms
2025-04-17 23:02:21.773 -07:00  INF  Request finished HTTP/2 GET https://localhost:7199/_vs/browserLink - 200 null text/javascript; charset=UTF-8 74.2457ms
2025-04-17 23:02:21.982 -07:00  INF  Request starting HTTP/2 GET https://localhost:7199/swagger/v1/swagger.json - null null
2025-04-17 23:02:21.997 -07:00  INF  Request finished HTTP/2 GET https://localhost:7199/swagger/v1/swagger.json - 200 null application/json;charset=utf-8 15.067ms
2025-04-17 23:02:39.388 -07:00  INF  Request starting HTTP/2 POST https://localhost:7199/api/Login/login - application/json 56
2025-04-17 23:02:39.393 -07:00  INF  CORS policy execution successful.
2025-04-17 23:02:39.461 -07:00  INF  Executing endpoint 'Buildflow.Api.Controllers.Master.LoginController.Login (Buildflow.Api)'
2025-04-17 23:02:39.485 -07:00  INF  Route matched with {action = "Login", controller = "Login"}. Executing controller action with signature System.Threading.Tasks.Task`1[Microsoft.AspNetCore.Mvc.IActionResult] Login(Buildflow.Utility.DTO.LoginRequest) on controller Buildflow.Api.Controllers.Master.LoginController (Buildflow.Api).
2025-04-17 23:02:42.051 -07:00  INF  Executed DbCommand (137ms) [Parameters=[@__email_0='?', @__password_1='?'], CommandType='"Text"', CommandTimeout='30']
SELECT e.emp_id, e.address, e.alternative_phone, e.city, e.country, e.created_at, e.created_by, e.date_of_birth, e.email, e.employee_code, e.first_name, e.hire_date, e.image_url, e.is_active, e.last_name, e.middle_name, e.password, e.phone, e.postal_code, e.state, e.termination_date, e.updated_at, e.updated_by
FROM employee.employee_details AS e
WHERE e.email = @__email_0 AND e.password = @__password_1
LIMIT 1
2025-04-17 23:02:42.279 -07:00  INF  Executing OkObjectResult, writing value of type '<>f__AnonymousType0`1[[System.String, System.Private.CoreLib, Version=8.0.0.0, Culture=neutral, PublicKeyToken=7cec85d7bea7798e]]'.
2025-04-17 23:02:42.286 -07:00  INF  Executed action Buildflow.Api.Controllers.Master.LoginController.Login (Buildflow.Api) in 2797.4528ms
2025-04-17 23:02:42.288 -07:00  INF  Executed endpoint 'Buildflow.Api.Controllers.Master.LoginController.Login (Buildflow.Api)'
2025-04-17 23:02:42.296 -07:00  INF  Request finished HTTP/2 POST https://localhost:7199/api/Login/login - 200 null application/json; charset=utf-8 2908.2115ms
2025-04-17 23:03:14.923 -07:00  INF  Request starting HTTP/2 POST https://localhost:7199/api/Ticket/createTicket - application/json 87
2025-04-17 23:03:14.926 -07:00  INF  CORS policy execution successful.
2025-04-17 23:03:14.987 -07:00  INF  Executing endpoint 'Buildflow.Api.Controllers.Ticket.TicketController.CreateTicket (Buildflow.Api)'
2025-04-17 23:03:14.993 -07:00  INF  Route matched with {action = "CreateTicket", controller = "Ticket"}. Executing controller action with signature System.Threading.Tasks.Task`1[Microsoft.AspNetCore.Mvc.IActionResult] CreateTicket(Buildflow.Utility.DTO.CreateTicketDto) on controller Buildflow.Api.Controllers.Ticket.TicketController (Buildflow.Api).
2025-04-17 23:03:17.442 -07:00  ERR  Failed executing DbCommand (116ms) [Parameters=[p_name='?', p_description='?', p_assign_to='?' (DbType = Int32), p_created_by='?' (DbType = Int32)], CommandType='"Text"', CommandTimeout='30']
CALL ticket.create_ticket_sp(@p_name, @p_description, @p_assign_to, @p_created_by)
2025-04-17 23:03:17.485 -07:00  INF  Executing OkObjectResult, writing value of type 'System.String'.
2025-04-17 23:03:17.485 -07:00  INF  Executed action Buildflow.Api.Controllers.Ticket.TicketController.CreateTicket (Buildflow.Api) in 2492.0907ms
2025-04-17 23:03:17.485 -07:00  INF  Executed endpoint 'Buildflow.Api.Controllers.Ticket.TicketController.CreateTicket (Buildflow.Api)'
2025-04-17 23:03:17.485 -07:00  INF  Request finished HTTP/2 POST https://localhost:7199/api/Ticket/createTicket - 200 null text/plain; charset=utf-8 2562.4561ms
2025-04-17 23:03:45.919 -07:00  INF  Request starting HTTP/2 POST https://localhost:7199/api/Ticket/createTicket - application/json 87
2025-04-17 23:03:45.919 -07:00  INF  CORS policy execution successful.
2025-04-17 23:03:45.923 -07:00  INF  Executing endpoint 'Buildflow.Api.Controllers.Ticket.TicketController.CreateTicket (Buildflow.Api)'
2025-04-17 23:03:45.923 -07:00  INF  Route matched with {action = "CreateTicket", controller = "Ticket"}. Executing controller action with signature System.Threading.Tasks.Task`1[Microsoft.AspNetCore.Mvc.IActionResult] CreateTicket(Buildflow.Utility.DTO.CreateTicketDto) on controller Buildflow.Api.Controllers.Ticket.TicketController (Buildflow.Api).
2025-04-17 23:03:47.823 -07:00  ERR  Failed executing DbCommand (67ms) [Parameters=[p_name='?', p_description='?', p_assign_to='?' (DbType = Int32), p_created_by='?' (DbType = Int32)], CommandType='"Text"', CommandTimeout='30']
CALL ticket.create_ticket_sp(@p_name, @p_description, @p_assign_to, @p_created_by)
2025-04-17 23:03:47.850 -07:00  INF  Executing OkObjectResult, writing value of type 'System.String'.
2025-04-17 23:03:47.850 -07:00  INF  Executed action Buildflow.Api.Controllers.Ticket.TicketController.CreateTicket (Buildflow.Api) in 1927.3712ms
2025-04-17 23:03:47.850 -07:00  INF  Executed endpoint 'Buildflow.Api.Controllers.Ticket.TicketController.CreateTicket (Buildflow.Api)'
2025-04-17 23:03:47.851 -07:00  INF  Request finished HTTP/2 POST https://localhost:7199/api/Ticket/createTicket - 200 null text/plain; charset=utf-8 1931.6823ms
2025-04-17 23:04:57.687 -07:00  INF  Request starting HTTP/2 POST https://localhost:7199/api/Ticket/createTicket - application/json 87
2025-04-17 23:04:57.688 -07:00  INF  CORS policy execution successful.
2025-04-17 23:04:57.688 -07:00  INF  Executing endpoint 'Buildflow.Api.Controllers.Ticket.TicketController.CreateTicket (Buildflow.Api)'
2025-04-17 23:04:57.688 -07:00  INF  Route matched with {action = "CreateTicket", controller = "Ticket"}. Executing controller action with signature System.Threading.Tasks.Task`1[Microsoft.AspNetCore.Mvc.IActionResult] CreateTicket(Buildflow.Utility.DTO.CreateTicketDto) on controller Buildflow.Api.Controllers.Ticket.TicketController (Buildflow.Api).
2025-04-17 23:05:00.883 -07:00  ERR  Failed executing DbCommand (61ms) [Parameters=[p_name='?', p_description='?', p_assign_to='?' (DbType = Int32), p_created_by='?' (DbType = Int32)], CommandType='"Text"', CommandTimeout='30']
CALL ticket.create_ticket_sp(@p_name, @p_description, @p_assign_to, @p_created_by)
2025-04-17 23:05:00.925 -07:00  INF  Executing OkObjectResult, writing value of type 'System.String'.
2025-04-17 23:05:00.926 -07:00  INF  Executed action Buildflow.Api.Controllers.Ticket.TicketController.CreateTicket (Buildflow.Api) in 3237.3274ms
2025-04-17 23:05:00.926 -07:00  INF  Executed endpoint 'Buildflow.Api.Controllers.Ticket.TicketController.CreateTicket (Buildflow.Api)'
2025-04-17 23:05:00.926 -07:00  INF  Request finished HTTP/2 POST https://localhost:7199/api/Ticket/createTicket - 200 null text/plain; charset=utf-8 3238.7507ms
2025-04-17 23:06:08.354 -07:00  INF  Request starting HTTP/2 POST https://localhost:7199/api/Ticket/createTicket - application/json 87
2025-04-17 23:06:08.361 -07:00  INF  CORS policy execution successful.
2025-04-17 23:06:08.361 -07:00  INF  Executing endpoint 'Buildflow.Api.Controllers.Ticket.TicketController.CreateTicket (Buildflow.Api)'
2025-04-17 23:06:08.361 -07:00  INF  Route matched with {action = "CreateTicket", controller = "Ticket"}. Executing controller action with signature System.Threading.Tasks.Task`1[Microsoft.AspNetCore.Mvc.IActionResult] CreateTicket(Buildflow.Utility.DTO.CreateTicketDto) on controller Buildflow.Api.Controllers.Ticket.TicketController (Buildflow.Api).
2025-04-17 23:06:10.215 -07:00  ERR  Failed executing DbCommand (52ms) [Parameters=[p_name='?', p_description='?', p_assign_to='?' (DbType = Int32), p_created_by='?' (DbType = Int32)], CommandType='"Text"', CommandTimeout='30']
CALL ticket.create_ticket_sp(@p_name, @p_description, @p_assign_to, @p_created_by)
2025-04-17 23:06:10.259 -07:00  INF  Executing OkObjectResult, writing value of type 'System.String'.
2025-04-17 23:06:10.259 -07:00  INF  Executed action Buildflow.Api.Controllers.Ticket.TicketController.CreateTicket (Buildflow.Api) in 1897.8661ms
2025-04-17 23:06:10.259 -07:00  INF  Executed endpoint 'Buildflow.Api.Controllers.Ticket.TicketController.CreateTicket (Buildflow.Api)'
2025-04-17 23:06:10.260 -07:00  INF  Request finished HTTP/2 POST https://localhost:7199/api/Ticket/createTicket - 200 null text/plain; charset=utf-8 1905.5718ms
2025-04-17 23:07:16.827 -07:00  INF  Request starting HTTP/2 POST https://localhost:7199/api/Ticket/createTicket - application/json 87
2025-04-17 23:07:16.829 -07:00  INF  CORS policy execution successful.
2025-04-17 23:07:16.835 -07:00  INF  Executing endpoint 'Buildflow.Api.Controllers.Ticket.TicketController.CreateTicket (Buildflow.Api)'
2025-04-17 23:07:16.835 -07:00  INF  Route matched with {action = "CreateTicket", controller = "Ticket"}. Executing controller action with signature System.Threading.Tasks.Task`1[Microsoft.AspNetCore.Mvc.IActionResult] CreateTicket(Buildflow.Utility.DTO.CreateTicketDto) on controller Buildflow.Api.Controllers.Ticket.TicketController (Buildflow.Api).
2025-04-17 23:07:18.908 -07:00  INF  Executed DbCommand (89ms) [Parameters=[p_name='?', p_description='?', p_assign_to='?' (DbType = Int32), p_created_by='?' (DbType = Int32)], CommandType='"Text"', CommandTimeout='30']
CALL ticket.create_ticket_sp(@p_name, @p_description, @p_assign_to, @p_created_by)
2025-04-17 23:07:18.908 -07:00  INF  Executing OkObjectResult, writing value of type 'System.String'.
2025-04-17 23:07:18.908 -07:00  INF  Executed action Buildflow.Api.Controllers.Ticket.TicketController.CreateTicket (Buildflow.Api) in 2073.1026ms
2025-04-17 23:07:18.908 -07:00  INF  Executed endpoint 'Buildflow.Api.Controllers.Ticket.TicketController.CreateTicket (Buildflow.Api)'
2025-04-17 23:07:18.908 -07:00  INF  Request finished HTTP/2 POST https://localhost:7199/api/Ticket/createTicket - 200 null text/plain; charset=utf-8 2082.1989ms
2025-04-17 23:31:26.132 -07:00  INF  Request starting HTTP/2 GET https://localhost:7199/api/Login/getEmployeesByRoles - null null
2025-04-17 23:31:26.135 -07:00  INF  Executing endpoint 'Buildflow.Api.Controllers.Master.LoginController.GetEmployeesByRoles (Buildflow.Api)'
2025-04-17 23:31:26.138 -07:00  INF  Route matched with {action = "GetEmployeesByRoles", controller = "Login"}. Executing controller action with signature System.Threading.Tasks.Task`1[Microsoft.AspNetCore.Mvc.IActionResult] GetEmployeesByRoles() on controller Buildflow.Api.Controllers.Master.LoginController (Buildflow.Api).
2025-04-17 23:31:26.611 -07:00  INF  Executed DbCommand (75ms) [Parameters=[], CommandType='"Text"', CommandTimeout='30']
SELECT e.emp_role_id, e.assigned_date, e.created_at, e.created_by, e.emp_id, e.end_date, e.role_id, e.updated_at, e.updated_by, r.role_id, r.created_at, r.created_by, r.is_system_role, r.role_description, r.role_name, r.updated_at, r.updated_by, e0.emp_id, e0.address, e0.alternative_phone, e0.city, e0.country, e0.created_at, e0.created_by, e0.date_of_birth, e0.email, e0.employee_code, e0.first_name, e0.hire_date, e0.image_url, e0.is_active, e0.last_name, e0.middle_name, e0.password, e0.phone, e0.postal_code, e0.state, e0.termination_date, e0.updated_at, e0.updated_by
FROM employee.employee_role AS e
INNER JOIN master.role AS r ON e.role_id = r.role_id
INNER JOIN employee.employee_details AS e0 ON e.emp_id = e0.emp_id
2025-04-17 23:31:26.664 -07:00  INF  Executing OkObjectResult, writing value of type 'Buildflow.Utility.DTO.EmployeeDataList'.
2025-04-17 23:31:26.667 -07:00  INF  Executed action Buildflow.Api.Controllers.Master.LoginController.GetEmployeesByRoles (Buildflow.Api) in 529.2529ms
2025-04-17 23:31:26.667 -07:00  INF  Executed endpoint 'Buildflow.Api.Controllers.Master.LoginController.GetEmployeesByRoles (Buildflow.Api)'
2025-04-17 23:31:26.667 -07:00  INF  Request finished HTTP/2 GET https://localhost:7199/api/Login/getEmployeesByRoles - 200 null application/json; charset=utf-8 535.0481ms
2025-04-17 23:58:02.814 -07:00  INF  User profile is available. Using 'C:\Users\admin\AppData\Local\ASP.NET\DataProtection-Keys' as key repository and Windows DPAPI to encrypt keys at rest.
2025-04-17 23:58:03.059 -07:00  WRN  The ASP.NET Core developer certificate is not trusted. For information about trusting the ASP.NET Core developer certificate, see https://aka.ms/aspnet/https-trust-dev-cert.
2025-04-17 23:58:03.095 -07:00  INF  Now listening on: https://localhost:7199
2025-04-17 23:58:03.095 -07:00  INF  Now listening on: http://localhost:5033
2025-04-17 23:58:03.156 -07:00  INF  Application started. Press Ctrl+C to shut down.
2025-04-17 23:58:03.156 -07:00  INF  Hosting environment: Development
2025-04-17 23:58:03.157 -07:00  INF  Content root path: D:\Project\Backend\Buildflow\Buildflow.Api\Buildflow.Api\Buildflow.Api
2025-04-17 23:58:03.656 -07:00  INF  Request starting HTTP/2 GET https://localhost:7199/swagger - null null
2025-04-17 23:58:03.797 -07:00  INF  Request finished HTTP/2 GET https://localhost:7199/swagger - 301 0 null 143.6001ms
2025-04-17 23:58:03.802 -07:00  INF  Request starting HTTP/2 GET https://localhost:7199/swagger/index.html - null null
2025-04-17 23:58:03.893 -07:00  INF  Request finished HTTP/2 GET https://localhost:7199/swagger/index.html - 200 null text/html;charset=utf-8 91.0306ms
2025-04-17 23:58:03.907 -07:00  INF  Request starting HTTP/2 GET https://localhost:7199/swagger/swagger-ui.css - null null
2025-04-17 23:58:03.907 -07:00  INF  Request starting HTTP/2 GET https://localhost:7199/swagger/swagger-ui-bundle.js - null null
2025-04-17 23:58:03.907 -07:00  INF  Request starting HTTP/2 GET https://localhost:7199/swagger/index.css - null null
2025-04-17 23:58:03.907 -07:00  INF  Request starting HTTP/2 GET https://localhost:7199/swagger/index.js - null null
2025-04-17 23:58:03.909 -07:00  INF  Request starting HTTP/2 GET https://localhost:7199/swagger/swagger-ui-standalone-preset.js - null null
2025-04-17 23:58:03.909 -07:00  INF  Request starting HTTP/2 GET https://localhost:7199/_framework/aspnetcore-browser-refresh.js - null null
2025-04-17 23:58:03.916 -07:00  INF  Request starting HTTP/2 GET https://localhost:7199/_vs/browserLink - null null
2025-04-17 23:58:03.920 -07:00  INF  Request finished HTTP/2 GET https://localhost:7199/swagger/index.js - 200 null application/javascript;charset=utf-8 12.8545ms
2025-04-17 23:58:03.943 -07:00  INF  Sending file. Request path: '/index.css'. Physical path: 'N/A'
2025-04-17 23:58:03.943 -07:00  INF  Request finished HTTP/2 GET https://localhost:7199/swagger/index.css - 200 202 text/css 36.3527ms
2025-04-17 23:58:03.948 -07:00  INF  Request finished HTTP/2 GET https://localhost:7199/_framework/aspnetcore-browser-refresh.js - 200 16511 application/javascript; charset=utf-8 39.1207ms
2025-04-17 23:58:03.982 -07:00  INF  Sending file. Request path: '/swagger-ui.css'. Physical path: 'N/A'
2025-04-17 23:58:03.990 -07:00  INF  Sending file. Request path: '/swagger-ui-standalone-preset.js'. Physical path: 'N/A'
2025-04-17 23:58:03.993 -07:00  INF  Request finished HTTP/2 GET https://localhost:7199/swagger/swagger-ui.css - 200 154949 text/css 86.8712ms
2025-04-17 23:58:03.995 -07:00  INF  Request finished HTTP/2 GET https://localhost:7199/swagger/swagger-ui-standalone-preset.js - 200 229223 text/javascript 86.0212ms
2025-04-17 23:58:04.034 -07:00  INF  Sending file. Request path: '/swagger-ui-bundle.js'. Physical path: 'N/A'
2025-04-17 23:58:04.034 -07:00  INF  Request finished HTTP/2 GET https://localhost:7199/swagger/swagger-ui-bundle.js - 200 1466908 text/javascript 127.5012ms
2025-04-17 23:58:04.035 -07:00  INF  Request finished HTTP/2 GET https://localhost:7199/_vs/browserLink - 200 null text/javascript; charset=UTF-8 118.6645ms
2025-04-17 23:58:04.306 -07:00  INF  Request starting HTTP/2 GET https://localhost:7199/swagger/v1/swagger.json - null null
2025-04-17 23:58:04.328 -07:00  INF  Request finished HTTP/2 GET https://localhost:7199/swagger/v1/swagger.json - 200 null application/json;charset=utf-8 22.4992ms
