2025-11-03 10:33:09.447 +05:30  INF  User profile is available. Using 'C:\Users\User\AppData\Local\ASP.NET\DataProtection-Keys' as key repository and Windows DPAPI to encrypt keys at rest.
2025-11-03 10:33:12.336 +05:30  INF  Now listening on: http://localhost:5033
2025-11-03 10:33:12.575 +05:30  INF  Application started. Press Ctrl+C to shut down.
2025-11-03 10:33:12.576 +05:30  INF  Hosting environment: Development
2025-11-03 10:33:12.576 +05:30  INF  Content root path: C:\Users\User\OneDrive\Desktop\BulidFlow Project\BuildflowBackend\Buildflow.Api
2025-11-03 10:33:23.027 +05:30  INF  Request starting HTTP/1.1 GET http://localhost:5033/_vs/browserLink - null null
2025-11-03 10:33:23.026 +05:30  INF  Request starting HTTP/1.1 GET http://localhost:5033/_framework/aspnetcore-browser-refresh.js - null null
2025-11-03 10:33:23.454 +05:30  INF  Request finished HTTP/1.1 GET http://localhost:5033/_framework/aspnetcore-browser-refresh.js - 200 16511 application/javascript; charset=utf-8 573.5469ms
2025-11-03 10:33:23.895 +05:30  INF  Request finished HTTP/1.1 GET http://localhost:5033/_vs/browserLink - 200 null text/javascript; charset=UTF-8 1052.5944ms
2025-11-03 10:33:24.000 +05:30  INF  Request starting HTTP/1.1 GET http://localhost:5033/swagger/v1/swagger.json - null null
2025-11-03 10:33:24.221 +05:30  WRN  Failed to determine the https port for redirect.
2025-11-03 10:33:24.425 +05:30  INF  Request finished HTTP/1.1 GET http://localhost:5033/swagger/v1/swagger.json - 200 null application/json;charset=utf-8 425.4679ms
2025-11-03 12:18:34.128 +05:30  INF  User profile is available. Using 'C:\Users\User\AppData\Local\ASP.NET\DataProtection-Keys' as key repository and Windows DPAPI to encrypt keys at rest.
2025-11-03 12:18:34.952 +05:30  INF  Now listening on: http://localhost:5033
2025-11-03 12:18:35.043 +05:30  INF  Application started. Press Ctrl+C to shut down.
2025-11-03 12:18:35.044 +05:30  INF  Hosting environment: Development
2025-11-03 12:18:35.044 +05:30  INF  Content root path: C:\Users\User\OneDrive\Desktop\BulidFlow Project\BuildflowBackend\Buildflow.Api
2025-11-03 12:18:42.878 +05:30  INF  Request starting HTTP/1.1 GET http://localhost:5033/swagger - null null
2025-11-03 12:18:44.965 +05:30  WRN  Failed to determine the https port for redirect.
2025-11-03 12:18:45.049 +05:30  INF  Request finished HTTP/1.1 GET http://localhost:5033/swagger - 301 0 null 2187.0675ms
2025-11-03 12:18:45.099 +05:30  INF  Request starting HTTP/1.1 GET http://localhost:5033/swagger/index.html - null null
2025-11-03 12:18:45.845 +05:30  INF  Request finished HTTP/1.1 GET http://localhost:5033/swagger/index.html - 200 null text/html;charset=utf-8 745.8798ms
2025-11-03 12:18:46.057 +05:30  INF  Request starting HTTP/1.1 GET http://localhost:5033/swagger/swagger-ui.css - null null
2025-11-03 12:18:46.067 +05:30  INF  Request starting HTTP/1.1 GET http://localhost:5033/swagger/index.css - null null
2025-11-03 12:18:46.071 +05:30  INF  Request starting HTTP/1.1 GET http://localhost:5033/swagger/swagger-ui-standalone-preset.js - null null
2025-11-03 12:18:46.073 +05:30  INF  Request starting HTTP/1.1 GET http://localhost:5033/swagger/swagger-ui-bundle.js - null null
2025-11-03 12:18:46.078 +05:30  INF  Request starting HTTP/1.1 GET http://localhost:5033/swagger/index.js - null null
2025-11-03 12:18:46.082 +05:30  INF  Request finished HTTP/1.1 GET http://localhost:5033/swagger/index.js - 200 null application/javascript;charset=utf-8 4.5942ms
2025-11-03 12:18:46.084 +05:30  INF  Request starting HTTP/1.1 GET http://localhost:5033/_framework/aspnetcore-browser-refresh.js - null null
2025-11-03 12:18:46.086 +05:30  INF  Request finished HTTP/1.1 GET http://localhost:5033/_framework/aspnetcore-browser-refresh.js - 200 16511 application/javascript; charset=utf-8 2.488ms
2025-11-03 12:18:46.143 +05:30  INF  Sending file. Request path: '/swagger-ui.css'. Physical path: 'N/A'
2025-11-03 12:18:46.488 +05:30  INF  Sending file. Request path: '/swagger-ui-standalone-preset.js'. Physical path: 'N/A'
2025-11-03 12:18:46.527 +05:30  INF  Sending file. Request path: '/index.css'. Physical path: 'N/A'
2025-11-03 12:18:46.599 +05:30  INF  Request finished HTTP/1.1 GET http://localhost:5033/swagger/swagger-ui-standalone-preset.js - 200 229223 text/javascript 456.4012ms
2025-11-03 12:18:46.599 +05:30  INF  Request finished HTTP/1.1 GET http://localhost:5033/swagger/index.css - 200 202 text/css 461.3659ms
2025-11-03 12:18:46.600 +05:30  INF  Request starting HTTP/1.1 GET http://localhost:5033/_vs/browserLink - null null
2025-11-03 12:18:46.855 +05:30  INF  Sending file. Request path: '/swagger-ui-bundle.js'. Physical path: 'N/A'
2025-11-03 12:18:46.855 +05:30  INF  Request finished HTTP/1.1 GET http://localhost:5033/swagger/swagger-ui-bundle.js - 200 1466908 text/javascript 781.9867ms
2025-11-03 12:18:46.913 +05:30  INF  Request finished HTTP/1.1 GET http://localhost:5033/swagger/swagger-ui.css - 200 154949 text/css 855.0787ms
2025-11-03 12:18:47.257 +05:30  INF  Request finished HTTP/1.1 GET http://localhost:5033/_vs/browserLink - 200 null text/javascript; charset=UTF-8 657.0695ms
2025-11-03 12:18:47.443 +05:30  INF  Request starting HTTP/1.1 GET http://localhost:5033/swagger/v1/swagger.json - null null
2025-11-03 12:18:47.610 +05:30  INF  Request starting HTTP/1.1 GET http://localhost:5033/swagger/favicon-32x32.png - null null
2025-11-03 12:18:47.618 +05:30  INF  Sending file. Request path: '/favicon-32x32.png'. Physical path: 'N/A'
2025-11-03 12:18:47.618 +05:30  INF  Request finished HTTP/1.1 GET http://localhost:5033/swagger/favicon-32x32.png - 200 628 image/png 8.2904ms
2025-11-03 12:18:47.646 +05:30  INF  Request finished HTTP/1.1 GET http://localhost:5033/swagger/v1/swagger.json - 200 null application/json;charset=utf-8 203.3541ms
2025-11-03 13:12:27.347 +05:30  INF  User profile is available. Using 'C:\Users\User\AppData\Local\ASP.NET\DataProtection-Keys' as key repository and Windows DPAPI to encrypt keys at rest.
2025-11-03 13:12:29.163 +05:30  INF  Now listening on: http://localhost:5033
2025-11-03 13:12:29.341 +05:30  INF  Application started. Press Ctrl+C to shut down.
2025-11-03 13:12:29.341 +05:30  INF  Hosting environment: Development
2025-11-03 13:12:29.341 +05:30  INF  Content root path: C:\Users\User\OneDrive\Desktop\BulidFlow Project\BuildflowBackend\Buildflow.Api
2025-11-03 13:12:31.981 +05:30  INF  Request starting HTTP/1.1 GET http://localhost:5033/swagger - null null
2025-11-03 13:12:32.728 +05:30  WRN  Failed to determine the https port for redirect.
2025-11-03 13:12:33.136 +05:30  INF  Request finished HTTP/1.1 GET http://localhost:5033/swagger - 301 0 null 1197.3484ms
2025-11-03 13:12:33.206 +05:30  INF  Request starting HTTP/1.1 GET http://localhost:5033/swagger/index.html - null null
2025-11-03 13:12:33.990 +05:30  INF  Request finished HTTP/1.1 GET http://localhost:5033/swagger/index.html - 200 null text/html;charset=utf-8 784.6858ms
2025-11-03 13:12:34.512 +05:30  INF  Request starting HTTP/1.1 GET http://localhost:5033/swagger/swagger-ui.css - null null
2025-11-03 13:12:34.530 +05:30  INF  Request starting HTTP/1.1 GET http://localhost:5033/swagger/index.js - null null
2025-11-03 13:12:34.531 +05:30  INF  Request starting HTTP/1.1 GET http://localhost:5033/swagger/swagger-ui-standalone-preset.js - null null
2025-11-03 13:12:34.532 +05:30  INF  Request finished HTTP/1.1 GET http://localhost:5033/swagger/index.js - 200 null application/javascript;charset=utf-8 1.9299ms
2025-11-03 13:12:34.533 +05:30  INF  Request starting HTTP/1.1 GET http://localhost:5033/_framework/aspnetcore-browser-refresh.js - null null
2025-11-03 13:12:34.536 +05:30  INF  Request finished HTTP/1.1 GET http://localhost:5033/_framework/aspnetcore-browser-refresh.js - 200 16511 application/javascript; charset=utf-8 2.8731ms
2025-11-03 13:12:34.571 +05:30  INF  Request starting HTTP/1.1 GET http://localhost:5033/_vs/browserLink - null null
2025-11-03 13:12:34.589 +05:30  INF  Request starting HTTP/1.1 GET http://localhost:5033/swagger/swagger-ui-bundle.js - null null
2025-11-03 13:12:34.632 +05:30  INF  Sending file. Request path: '/swagger-ui-standalone-preset.js'. Physical path: 'N/A'
2025-11-03 13:12:34.632 +05:30  INF  Sending file. Request path: '/swagger-ui.css'. Physical path: 'N/A'
2025-11-03 13:12:34.634 +05:30  INF  Request finished HTTP/1.1 GET http://localhost:5033/swagger/swagger-ui.css - 200 154949 text/css 121.9254ms
2025-11-03 13:12:34.697 +05:30  INF  Request finished HTTP/1.1 GET http://localhost:5033/swagger/swagger-ui-standalone-preset.js - 200 229223 text/javascript 166.3638ms
2025-11-03 13:12:34.719 +05:30  INF  Request starting HTTP/1.1 GET http://localhost:5033/swagger/index.css - null null
2025-11-03 13:12:34.720 +05:30  INF  Sending file. Request path: '/index.css'. Physical path: 'N/A'
2025-11-03 13:12:34.720 +05:30  INF  Request finished HTTP/1.1 GET http://localhost:5033/swagger/index.css - 200 202 text/css 5.6629ms
2025-11-03 13:12:34.830 +05:30  INF  Sending file. Request path: '/swagger-ui-bundle.js'. Physical path: 'N/A'
2025-11-03 13:12:34.830 +05:30  INF  Request finished HTTP/1.1 GET http://localhost:5033/swagger/swagger-ui-bundle.js - 200 1466908 text/javascript 242.0515ms
2025-11-03 13:12:34.868 +05:30  INF  Request finished HTTP/1.1 GET http://localhost:5033/_vs/browserLink - 200 null text/javascript; charset=UTF-8 296.2422ms
2025-11-03 13:12:35.253 +05:30  INF  Request starting HTTP/1.1 GET http://localhost:5033/swagger/v1/swagger.json - null null
2025-11-03 13:12:35.422 +05:30  INF  Request finished HTTP/1.1 GET http://localhost:5033/swagger/v1/swagger.json - 200 null application/json;charset=utf-8 169.0664ms
2025-11-03 14:09:10.985 +05:30  INF  User profile is available. Using 'C:\Users\User\AppData\Local\ASP.NET\DataProtection-Keys' as key repository and Windows DPAPI to encrypt keys at rest.
2025-11-03 14:09:11.527 +05:30  INF  Now listening on: http://localhost:5033
2025-11-03 14:09:11.894 +05:30  INF  Application started. Press Ctrl+C to shut down.
2025-11-03 14:09:11.894 +05:30  INF  Hosting environment: Development
2025-11-03 14:09:11.895 +05:30  INF  Content root path: C:\Users\User\OneDrive\Desktop\BulidFlow Project\BuildflowBackend\Buildflow.Api
2025-11-03 14:09:16.342 +05:30  INF  Request starting HTTP/1.1 GET http://localhost:5033/_framework/aspnetcore-browser-refresh.js - null null
2025-11-03 14:09:16.350 +05:30  INF  Request starting HTTP/1.1 GET http://localhost:5033/_vs/browserLink - null null
2025-11-03 14:09:16.430 +05:30  INF  Request finished HTTP/1.1 GET http://localhost:5033/_framework/aspnetcore-browser-refresh.js - 200 16511 application/javascript; charset=utf-8 110.0903ms
2025-11-03 14:09:18.337 +05:30  INF  Request finished HTTP/1.1 GET http://localhost:5033/_vs/browserLink - 200 null text/javascript; charset=UTF-8 2023.6733ms
2025-11-03 14:09:18.480 +05:30  INF  Request starting HTTP/1.1 GET http://localhost:5033/swagger/v1/swagger.json - null null
2025-11-03 14:09:18.592 +05:30  WRN  Failed to determine the https port for redirect.
2025-11-03 14:09:18.727 +05:30  INF  Request finished HTTP/1.1 GET http://localhost:5033/swagger/v1/swagger.json - 200 null application/json;charset=utf-8 247.2872ms
2025-11-03 17:19:21.405 +05:30  INF  User profile is available. Using 'C:\Users\91934\AppData\Local\ASP.NET\DataProtection-Keys' as key repository and Windows DPAPI to encrypt keys at rest.
2025-11-03 17:19:21.751 +05:30  WRN  The WebRootPath was not found: C:\Users\91934\Source\Repos\precideInfratracker\Buildflow.Api\wwwroot. Static files may be unavailable.
2025-11-03 17:19:21.981 +05:30  INF  Now listening on: https://localhost:7199
2025-11-03 17:19:21.981 +05:30  INF  Now listening on: http://localhost:5033
2025-11-03 17:19:22.089 +05:30  INF  Application started. Press Ctrl+C to shut down.
2025-11-03 17:19:22.090 +05:30  INF  Hosting environment: Development
2025-11-03 17:19:22.090 +05:30  INF  Content root path: C:\Users\91934\Source\Repos\precideInfratracker\Buildflow.Api
2025-11-03 17:19:23.288 +05:30  INF  Request starting HTTP/2 GET https://localhost:7199/swagger - null null
2025-11-03 17:19:23.451 +05:30  INF  Request finished HTTP/2 GET https://localhost:7199/swagger - 301 0 null 176.8862ms
2025-11-03 17:19:23.468 +05:30  INF  Request starting HTTP/2 GET https://localhost:7199/swagger/index.html - null null
2025-11-03 17:19:23.606 +05:30  INF  Request finished HTTP/2 GET https://localhost:7199/swagger/index.html - 200 null text/html;charset=utf-8 138.6207ms
2025-11-03 17:19:23.645 +05:30  INF  Request starting HTTP/2 GET https://localhost:7199/swagger/swagger-ui.css - null null
2025-11-03 17:19:23.654 +05:30  INF  Request starting HTTP/2 GET https://localhost:7199/swagger/index.css - null null
2025-11-03 17:19:23.654 +05:30  INF  Request starting HTTP/2 GET https://localhost:7199/swagger/swagger-ui-bundle.js - null null
2025-11-03 17:19:23.658 +05:30  INF  Request starting HTTP/2 GET https://localhost:7199/swagger/index.js - null null
2025-11-03 17:19:23.658 +05:30  INF  Request starting HTTP/2 GET https://localhost:7199/swagger/swagger-ui-standalone-preset.js - null null
2025-11-03 17:19:23.658 +05:30  INF  Request starting HTTP/2 GET https://localhost:7199/_framework/aspnetcore-browser-refresh.js - null null
2025-11-03 17:19:23.673 +05:30  INF  Request finished HTTP/2 GET https://localhost:7199/swagger/index.js - 200 null application/javascript;charset=utf-8 15.8954ms
2025-11-03 17:19:23.689 +05:30  INF  Sending file. Request path: '/index.css'. Physical path: 'N/A'
2025-11-03 17:19:23.689 +05:30  INF  Request finished HTTP/2 GET https://localhost:7199/swagger/index.css - 200 202 text/css 34.952ms
2025-11-03 17:19:23.727 +05:30  INF  Request finished HTTP/2 GET https://localhost:7199/_framework/aspnetcore-browser-refresh.js - 200 16511 application/javascript; charset=utf-8 68.5076ms
2025-11-03 17:19:23.741 +05:30  INF  Sending file. Request path: '/swagger-ui.css'. Physical path: 'N/A'
2025-11-03 17:19:23.741 +05:30  INF  Sending file. Request path: '/swagger-ui-standalone-preset.js'. Physical path: 'N/A'
2025-11-03 17:19:23.748 +05:30  INF  Request finished HTTP/2 GET https://localhost:7199/swagger/swagger-ui-standalone-preset.js - 200 229223 text/javascript 90.614ms
2025-11-03 17:19:23.748 +05:30  INF  Request finished HTTP/2 GET https://localhost:7199/swagger/swagger-ui.css - 200 154949 text/css 103.6452ms
2025-11-03 17:19:23.792 +05:30  INF  Sending file. Request path: '/swagger-ui-bundle.js'. Physical path: 'N/A'
2025-11-03 17:19:23.793 +05:30  INF  Request finished HTTP/2 GET https://localhost:7199/swagger/swagger-ui-bundle.js - 200 1466908 text/javascript 138.5167ms
2025-11-03 17:19:23.966 +05:30  INF  Request starting HTTP/2 GET https://localhost:7199/swagger/favicon-32x32.png - null null
2025-11-03 17:19:23.967 +05:30  INF  Sending file. Request path: '/favicon-32x32.png'. Physical path: 'N/A'
2025-11-03 17:19:23.967 +05:30  INF  Request finished HTTP/2 GET https://localhost:7199/swagger/favicon-32x32.png - 200 628 image/png 1.7758ms
2025-11-03 17:19:24.041 +05:30  INF  Request starting HTTP/2 GET https://localhost:7199/swagger/v1/swagger.json - null null
2025-11-03 17:19:24.130 +05:30  INF  Request finished HTTP/2 GET https://localhost:7199/swagger/v1/swagger.json - 200 null application/json;charset=utf-8 89.8117ms
2025-11-03 20:59:46.788 +05:30  INF  User profile is available. Using 'C:\Users\91934\AppData\Local\ASP.NET\DataProtection-Keys' as key repository and Windows DPAPI to encrypt keys at rest.
2025-11-03 20:59:47.145 +05:30  WRN  The WebRootPath was not found: C:\Users\91934\Source\Repos\precideInfratracker\Buildflow.Api\wwwroot. Static files may be unavailable.
2025-11-03 20:59:47.357 +05:30  INF  Now listening on: https://localhost:7199
2025-11-03 20:59:47.357 +05:30  INF  Now listening on: http://localhost:5033
2025-11-03 20:59:47.456 +05:30  INF  Application started. Press Ctrl+C to shut down.
2025-11-03 20:59:47.456 +05:30  INF  Hosting environment: Development
2025-11-03 20:59:47.457 +05:30  INF  Content root path: C:\Users\91934\Source\Repos\precideInfratracker\Buildflow.Api
2025-11-03 20:59:48.802 +05:30  INF  Request starting HTTP/2 GET https://localhost:7199/_framework/aspnetcore-browser-refresh.js - null null
2025-11-03 20:59:48.840 +05:30  INF  Request finished HTTP/2 GET https://localhost:7199/_framework/aspnetcore-browser-refresh.js - 200 16511 application/javascript; charset=utf-8 49.2885ms
2025-11-03 20:59:49.042 +05:30  INF  Request starting HTTP/2 GET https://localhost:7199/swagger/v1/swagger.json - null null
2025-11-03 20:59:49.353 +05:30  ERR  An error occurred: Conflicting method/path combination "GET api/Material/project/{projectId}" for actions - Buildflow.Api.Controllers.MaterialController.MaterialController.GetMaterialsByProjectId (Buildflow.Api), MaterialController.GetMaterialsByProjectId (Buildflow.Service). Actions require a unique method/path combination for Swagger/OpenAPI 2.0 and 3.0. Use ConflictingActionsResolver as a workaround or provide your own implementation of PathGroupSelector.
   at Swashbuckle.AspNetCore.SwaggerGen.SwaggerGenerator.PrepareGenerateOperation(IGrouping`2 group)
   at System.Linq.Enumerable.SelectEnumerableIterator`2.MoveNext()
   at Swashbuckle.AspNetCore.SwaggerGen.SwaggerGenerator.GenerateOperationsAsync(OpenApiDocument document, IEnumerable`1 apiDescriptions, SchemaRepository schemaRepository)
   at Swashbuckle.AspNetCore.SwaggerGen.SwaggerGenerator.GeneratePathsAsync(OpenApiDocument document, IEnumerable`1 apiDescriptions, SchemaRepository schemaRepository, Func`4 operationsGenerator)
   at Swashbuckle.AspNetCore.SwaggerGen.SwaggerGenerator.GeneratePathsAsync(OpenApiDocument document, IEnumerable`1 apiDescriptions, SchemaRepository schemaRepository)
   at Swashbuckle.AspNetCore.SwaggerGen.SwaggerGenerator.GetSwaggerAsync(String documentName, String host, String basePath)
   at Swashbuckle.AspNetCore.Swagger.SwaggerMiddleware.Invoke(HttpContext httpContext, ISwaggerProvider swaggerProvider)
   at Buildflow.Api.Middlewares.ExceptionMiddleware.InvokeAsync(HttpContext httpContext) in C:\Users\91934\Source\Repos\precideInfratracker\Buildflow.Api\Middlewares\ExceptionMiddleware.cs:line 60
2025-11-03 20:59:49.357 +05:30  INF  Request finished HTTP/2 GET https://localhost:7199/swagger/v1/swagger.json - 500 null null 316.0311ms
2025-11-03 21:40:59.946 +05:30  INF  User profile is available. Using 'C:\Users\91934\AppData\Local\ASP.NET\DataProtection-Keys' as key repository and Windows DPAPI to encrypt keys at rest.
2025-11-03 21:41:00.319 +05:30  WRN  The WebRootPath was not found: C:\Users\91934\Source\Repos\precideInfratracker\Buildflow.Api\wwwroot. Static files may be unavailable.
2025-11-03 21:41:00.601 +05:30  INF  Now listening on: https://localhost:7199
2025-11-03 21:41:00.601 +05:30  INF  Now listening on: http://localhost:5033
2025-11-03 21:41:00.736 +05:30  INF  Application started. Press Ctrl+C to shut down.
2025-11-03 21:41:00.737 +05:30  INF  Hosting environment: Development
2025-11-03 21:41:00.737 +05:30  INF  Content root path: C:\Users\91934\Source\Repos\precideInfratracker\Buildflow.Api
2025-11-03 21:41:01.732 +05:30  INF  Request starting HTTP/2 GET https://localhost:7199/_framework/aspnetcore-browser-refresh.js - null null
2025-11-03 21:41:01.797 +05:30  INF  Request finished HTTP/2 GET https://localhost:7199/_framework/aspnetcore-browser-refresh.js - 200 16511 application/javascript; charset=utf-8 89.6993ms
2025-11-03 21:41:01.895 +05:30  INF  Request starting HTTP/2 GET https://localhost:7199/swagger/v1/swagger.json - null null
2025-11-03 21:41:02.060 +05:30  INF  Request finished HTTP/2 GET https://localhost:7199/swagger/v1/swagger.json - 200 null application/json;charset=utf-8 165.348ms
2025-11-03 21:41:22.469 +05:30  INF  Request starting HTTP/2 GET https://localhost:7199/api/Material/project/75 - null null
2025-11-03 21:41:22.774 +05:30  INF  Executing endpoint 'Buildflow.Api.Controllers.MaterialController.MaterialController.GetMaterialsByProjectId (Buildflow.Api)'
2025-11-03 21:41:22.824 +05:30  INF  Route matched with {action = "GetMaterialsByProjectId", controller = "Material"}. Executing controller action with signature System.Threading.Tasks.Task`1[Microsoft.AspNetCore.Mvc.IActionResult] GetMaterialsByProjectId(Int32) on controller Buildflow.Api.Controllers.MaterialController.MaterialController (Buildflow.Api).
2025-11-03 21:41:22.845 +05:30  INF  Authorization failed. These requirements were not met:
DenyAnonymousAuthorizationRequirement: Requires an authenticated user.
2025-11-03 21:41:22.846 +05:30  INF  Authorization failed for the request at filter 'Microsoft.AspNetCore.Mvc.Authorization.AuthorizeFilter'.
2025-11-03 21:41:22.850 +05:30  INF  Executing ChallengeResult with authentication schemes ([]).
2025-11-03 21:41:22.862 +05:30  INF  AuthenticationScheme: Bearer was challenged.
2025-11-03 21:41:22.876 +05:30  INF  Executed action Buildflow.Api.Controllers.MaterialController.MaterialController.GetMaterialsByProjectId (Buildflow.Api) in 35.5003ms
2025-11-03 21:41:22.877 +05:30  INF  Executed endpoint 'Buildflow.Api.Controllers.MaterialController.MaterialController.GetMaterialsByProjectId (Buildflow.Api)'
2025-11-03 21:41:22.877 +05:30  INF  Request finished HTTP/2 GET https://localhost:7199/api/Material/project/75 - 401 0 null 409.0281ms
2025-11-03 21:41:29.146 +05:30  INF  Request starting HTTP/2 GET https://localhost:7199/api/Material/project/1 - null null
2025-11-03 21:41:29.172 +05:30  INF  Executing endpoint 'Buildflow.Api.Controllers.MaterialController.MaterialController.GetMaterialsByProjectId (Buildflow.Api)'
2025-11-03 21:41:29.172 +05:30  INF  Route matched with {action = "GetMaterialsByProjectId", controller = "Material"}. Executing controller action with signature System.Threading.Tasks.Task`1[Microsoft.AspNetCore.Mvc.IActionResult] GetMaterialsByProjectId(Int32) on controller Buildflow.Api.Controllers.MaterialController.MaterialController (Buildflow.Api).
2025-11-03 21:41:29.178 +05:30  INF  Authorization failed. These requirements were not met:
DenyAnonymousAuthorizationRequirement: Requires an authenticated user.
2025-11-03 21:41:29.179 +05:30  INF  Authorization failed for the request at filter 'Microsoft.AspNetCore.Mvc.Authorization.AuthorizeFilter'.
2025-11-03 21:41:29.179 +05:30  INF  Executing ChallengeResult with authentication schemes ([]).
2025-11-03 21:41:29.180 +05:30  INF  AuthenticationScheme: Bearer was challenged.
2025-11-03 21:41:29.180 +05:30  INF  Executed action Buildflow.Api.Controllers.MaterialController.MaterialController.GetMaterialsByProjectId (Buildflow.Api) in 7.3512ms
2025-11-03 21:41:29.180 +05:30  INF  Executed endpoint 'Buildflow.Api.Controllers.MaterialController.MaterialController.GetMaterialsByProjectId (Buildflow.Api)'
2025-11-03 21:41:29.180 +05:30  INF  Request finished HTTP/2 GET https://localhost:7199/api/Material/project/1 - 401 0 null 34.3183ms
