2025-04-18 00:00:12.552 -07:00  INF  User profile is available. Using 'C:\Users\admin\AppData\Local\ASP.NET\DataProtection-Keys' as key repository and Windows DPAPI to encrypt keys at rest.
2025-04-18 00:00:12.817 -07:00  WRN  The ASP.NET Core developer certificate is not trusted. For information about trusting the ASP.NET Core developer certificate, see https://aka.ms/aspnet/https-trust-dev-cert.
2025-04-18 00:00:12.868 -07:00  INF  Now listening on: https://localhost:7199
2025-04-18 00:00:12.869 -07:00  INF  Now listening on: http://localhost:5033
2025-04-18 00:00:13.270 -07:00  INF  Application started. Press Ctrl+C to shut down.
2025-04-18 00:00:13.270 -07:00  INF  Hosting environment: Development
2025-04-18 00:00:13.273 -07:00  INF  Content root path: D:\Project\Backend\Buildflow\Buildflow.Api\Buildflow.Api\Buildflow.Api
2025-04-18 00:00:13.338 -07:00  INF  Request starting HTTP/2 GET https://localhost:7199/swagger - null null
2025-04-18 00:00:13.489 -07:00  INF  Request finished HTTP/2 GET https://localhost:7199/swagger - 301 0 null 153.9564ms
2025-04-18 00:00:13.496 -07:00  INF  Request starting HTTP/2 GET https://localhost:7199/swagger/index.html - null null
2025-04-18 00:00:13.598 -07:00  INF  Request finished HTTP/2 GET https://localhost:7199/swagger/index.html - 200 null text/html;charset=utf-8 101.7645ms
2025-04-18 00:00:13.608 -07:00  INF  Request starting HTTP/2 GET https://localhost:7199/swagger/index.css - null null
2025-04-18 00:00:13.608 -07:00  INF  Request starting HTTP/2 GET https://localhost:7199/swagger/swagger-ui.css - null null
2025-04-18 00:00:13.608 -07:00  INF  Request starting HTTP/2 GET https://localhost:7199/swagger/swagger-ui-bundle.js - null null
2025-04-18 00:00:13.610 -07:00  INF  Request starting HTTP/2 GET https://localhost:7199/swagger/swagger-ui-standalone-preset.js - null null
2025-04-18 00:00:13.610 -07:00  INF  Request starting HTTP/2 GET https://localhost:7199/swagger/index.js - null null
2025-04-18 00:00:13.616 -07:00  INF  Request starting HTTP/2 GET https://localhost:7199/_framework/aspnetcore-browser-refresh.js - null null
2025-04-18 00:00:13.623 -07:00  INF  Request finished HTTP/2 GET https://localhost:7199/swagger/index.js - 200 null application/javascript;charset=utf-8 14.1314ms
2025-04-18 00:00:13.625 -07:00  INF  Request starting HTTP/2 GET https://localhost:7199/_vs/browserLink - null null
2025-04-18 00:00:13.649 -07:00  INF  Sending file. Request path: '/index.css'. Physical path: 'N/A'
2025-04-18 00:00:13.650 -07:00  INF  Request finished HTTP/2 GET https://localhost:7199/swagger/index.css - 200 202 text/css 41.8415ms
2025-04-18 00:00:13.656 -07:00  INF  Request finished HTTP/2 GET https://localhost:7199/_framework/aspnetcore-browser-refresh.js - 200 16511 application/javascript; charset=utf-8 39.928ms
2025-04-18 00:00:13.685 -07:00  INF  Sending file. Request path: '/swagger-ui.css'. Physical path: 'N/A'
2025-04-18 00:00:13.685 -07:00  INF  Sending file. Request path: '/swagger-ui-standalone-preset.js'. Physical path: 'N/A'
2025-04-18 00:00:13.688 -07:00  INF  Request finished HTTP/2 GET https://localhost:7199/swagger/swagger-ui.css - 200 154949 text/css 80.2972ms
2025-04-18 00:00:13.688 -07:00  INF  Request finished HTTP/2 GET https://localhost:7199/swagger/swagger-ui-standalone-preset.js - 200 229223 text/javascript 79.6581ms
2025-04-18 00:00:13.722 -07:00  INF  Sending file. Request path: '/swagger-ui-bundle.js'. Physical path: 'N/A'
2025-04-18 00:00:13.722 -07:00  INF  Request finished HTTP/2 GET https://localhost:7199/swagger/swagger-ui-bundle.js - 200 1466908 text/javascript 114.2392ms
2025-04-18 00:00:13.783 -07:00  INF  Request finished HTTP/2 GET https://localhost:7199/_vs/browserLink - 200 null text/javascript; charset=UTF-8 159.4632ms
2025-04-18 00:00:14.140 -07:00  INF  Request starting HTTP/2 GET https://localhost:7199/swagger/v1/swagger.json - null null
2025-04-18 00:00:14.164 -07:00  INF  Request finished HTTP/2 GET https://localhost:7199/swagger/v1/swagger.json - 200 null application/json;charset=utf-8 23.8724ms
2025-04-18 00:00:32.608 -07:00  INF  Request starting HTTP/2 POST https://localhost:7199/api/Login/login - application/json 56
2025-04-18 00:00:32.613 -07:00  INF  CORS policy execution successful.
2025-04-18 00:00:32.689 -07:00  INF  Executing endpoint 'Buildflow.Api.Controllers.Master.LoginController.Login (Buildflow.Api)'
2025-04-18 00:00:32.719 -07:00  INF  Route matched with {action = "Login", controller = "Login"}. Executing controller action with signature System.Threading.Tasks.Task`1[Microsoft.AspNetCore.Mvc.IActionResult] Login(Buildflow.Utility.DTO.LoginRequest) on controller Buildflow.Api.Controllers.Master.LoginController (Buildflow.Api).
2025-04-18 00:00:35.655 -07:00  INF  Executed DbCommand (147ms) [Parameters=[@__email_0='?', @__password_1='?'], CommandType='"Text"', CommandTimeout='30']
SELECT e.emp_id, e.address, e.alternative_phone, e.city, e.country, e.created_at, e.created_by, e.date_of_birth, e.email, e.employee_code, e.first_name, e.hire_date, e.image_url, e.is_active, e.last_name, e.middle_name, e.password, e.phone, e.postal_code, e.state, e.termination_date, e.updated_at, e.updated_by
FROM employee.employee_details AS e
WHERE e.email = @__email_0 AND e.password = @__password_1
LIMIT 1
2025-04-18 00:00:35.916 -07:00  INF  Executing OkObjectResult, writing value of type '<>f__AnonymousType0`1[[System.String, System.Private.CoreLib, Version=8.0.0.0, Culture=neutral, PublicKeyToken=7cec85d7bea7798e]]'.
2025-04-18 00:00:35.924 -07:00  INF  Executed action Buildflow.Api.Controllers.Master.LoginController.Login (Buildflow.Api) in 3201.7084ms
2025-04-18 00:00:35.925 -07:00  INF  Executed endpoint 'Buildflow.Api.Controllers.Master.LoginController.Login (Buildflow.Api)'
2025-04-18 00:00:35.933 -07:00  INF  Request finished HTTP/2 POST https://localhost:7199/api/Login/login - 200 null application/json; charset=utf-8 3324.8713ms
2025-04-18 00:01:18.303 -07:00  INF  Request starting HTTP/2 POST https://localhost:7199/api/Project/createProject - application/json 215
2025-04-18 00:01:18.304 -07:00  INF  CORS policy execution successful.
2025-04-18 00:01:18.362 -07:00  INF  Executing endpoint 'Buildflow.Api.Controllers.Project.ProjectController.AddProject (Buildflow.Api)'
2025-04-18 00:01:18.368 -07:00  INF  Route matched with {action = "AddProject", controller = "Project"}. Executing controller action with signature System.Threading.Tasks.Task`1[Microsoft.AspNetCore.Mvc.IActionResult] AddProject(Buildflow.Utility.DTO.ProjectInput) on controller Buildflow.Api.Controllers.Project.ProjectController (Buildflow.Api).
2025-04-18 00:01:28.299 -07:00  INF  Executed DbCommand (78ms) [Parameters=[@p0='?', @p1='?' (DbType = DateTime), @p2='?' (DbType = Int32), @p3='?', @p4='?', @p5='?' (DbType = Date), @p6='?', @p7='?', @p8='?', @p9='?' (DbType = Int32), @p10='?' (DbType = Date), @p11='?', @p12='?' (DbType = Decimal), @p13='?' (DbType = Int32), @p14='?' (DbType = Int32)], CommandType='"Text"', CommandTimeout='30']
INSERT INTO project.project (client_name, created_at, created_by, project_code, project_description, project_end_date, project_location, project_name, project_priority, project_sector_id, project_start_date, project_status, project_total_budget, project_type_id, updated_by)
VALUES (@p0, @p1, @p2, @p3, @p4, @p5, @p6, @p7, @p8, @p9, @p10, @p11, @p12, @p13, @p14)
RETURNING project_id, is_active, project_actual_cost, updated_at;
2025-04-18 00:01:28.422 -07:00  INF  Executed DbCommand (72ms) [Parameters=[@p18='?' (DbType = Int32), @p0='?', @p1='?' (DbType = DateTime), @p2='?' (DbType = Int32), @p3='?' (DbType = Boolean), @p4='?' (DbType = Decimal), @p5='?', @p6='?', @p7='?' (DbType = Date), @p8='?', @p9='?', @p10='?', @p11='?' (DbType = Int32), @p12='?' (DbType = Date), @p13='?', @p14='?' (DbType = Decimal), @p15='?' (DbType = Int32), @p16='?' (DbType = DateTime), @p17='?' (DbType = Int32)], CommandType='"Text"', CommandTimeout='30']
UPDATE project.project SET client_name = @p0, created_at = @p1, created_by = @p2, is_active = @p3, project_actual_cost = @p4, project_code = @p5, project_description = @p6, project_end_date = @p7, project_location = @p8, project_name = @p9, project_priority = @p10, project_sector_id = @p11, project_start_date = @p12, project_status = @p13, project_total_budget = @p14, project_type_id = @p15, updated_at = @p16, updated_by = @p17
WHERE project_id = @p18;
2025-04-18 00:01:29.916 -07:00  INF  Executing OkObjectResult, writing value of type 'Buildflow.Infrastructure.Entities.Project'.
2025-04-18 00:01:29.981 -07:00  INF  Executed action Buildflow.Api.Controllers.Project.ProjectController.AddProject (Buildflow.Api) in 11612.7237ms
2025-04-18 00:01:29.981 -07:00  INF  Executed endpoint 'Buildflow.Api.Controllers.Project.ProjectController.AddProject (Buildflow.Api)'
2025-04-18 00:01:29.982 -07:00  INF  Request finished HTTP/2 POST https://localhost:7199/api/Project/createProject - 200 null application/json; charset=utf-8 11679.0909ms
2025-04-18 00:31:34.495 -07:00  INF  Request starting HTTP/2 GET https://localhost:7199/api/Login/getEmployeesByRoles - null null
2025-04-18 00:31:34.506 -07:00  INF  Executing endpoint 'Buildflow.Api.Controllers.Master.LoginController.GetEmployeesByRoles (Buildflow.Api)'
2025-04-18 00:31:34.513 -07:00  INF  Route matched with {action = "GetEmployeesByRoles", controller = "Login"}. Executing controller action with signature System.Threading.Tasks.Task`1[Microsoft.AspNetCore.Mvc.IActionResult] GetEmployeesByRoles() on controller Buildflow.Api.Controllers.Master.LoginController (Buildflow.Api).
2025-04-18 00:31:35.395 -07:00  INF  Executed DbCommand (101ms) [Parameters=[], CommandType='"Text"', CommandTimeout='30']
SELECT e.emp_role_id, e.assigned_date, e.created_at, e.created_by, e.emp_id, e.end_date, e.role_id, e.updated_at, e.updated_by, r.role_id, r.created_at, r.created_by, r.is_system_role, r.role_description, r.role_name, r.updated_at, r.updated_by, e0.emp_id, e0.address, e0.alternative_phone, e0.city, e0.country, e0.created_at, e0.created_by, e0.date_of_birth, e0.email, e0.employee_code, e0.first_name, e0.hire_date, e0.image_url, e0.is_active, e0.last_name, e0.middle_name, e0.password, e0.phone, e0.postal_code, e0.state, e0.termination_date, e0.updated_at, e0.updated_by
FROM employee.employee_role AS e
INNER JOIN master.role AS r ON e.role_id = r.role_id
INNER JOIN employee.employee_details AS e0 ON e.emp_id = e0.emp_id
2025-04-18 00:31:35.514 -07:00  INF  Executing OkObjectResult, writing value of type 'Buildflow.Utility.DTO.EmployeeDataList'.
2025-04-18 00:31:35.524 -07:00  INF  Executed action Buildflow.Api.Controllers.Master.LoginController.GetEmployeesByRoles (Buildflow.Api) in 1010.5082ms
2025-04-18 00:31:35.524 -07:00  INF  Executed endpoint 'Buildflow.Api.Controllers.Master.LoginController.GetEmployeesByRoles (Buildflow.Api)'
2025-04-18 00:31:35.527 -07:00  INF  Request finished HTTP/2 GET https://localhost:7199/api/Login/getEmployeesByRoles - 200 null application/json; charset=utf-8 1032.0184ms
